#
# A fatal error has been detected by the Java Runtime Environment:
#
#  EXCEPTION_ACCESS_VIOLATION (0xc0000005) at pc=0x00007ffe70517e6f, pid=8476, tid=3432
#
# JRE version: Java(TM) SE Runtime Environment (17.0.3.1+2) (build 17.0.3.1+2-LTS-6)
# Java VM: Java HotSpot(TM) 64-Bit Server VM (17.0.3.1+2-LTS-6, mixed mode, sharing, tiered, compressed oops, compressed class ptrs, g1 gc, windows-amd64)
# Problematic frame:
# V  [jvm.dll+0x677e6f]
#
# No core dump will be written. Minidumps are not enabled by default on client versions of Windows
#
# If you would like to submit a bug report, please visit:
#   https://bugreport.java.com/bugreport/crash.jsp
#

---------------  S U M M A R Y ------------

Command Line: -XX:MaxMetaspaceSize=512m --add-opens=java.base/java.util=ALL-UNNAMED --add-opens=java.base/java.lang=ALL-UNNAMED --add-opens=java.base/java.lang.invoke=ALL-UNNAMED --add-opens=java.base/java.util=ALL-UNNAMED --add-opens=java.prefs/java.util.prefs=ALL-UNNAMED --add-opens=java.prefs/java.util.prefs=ALL-UNNAMED --add-opens=java.base/java.nio.charset=ALL-UNNAMED --add-opens=java.base/java.net=ALL-UNNAMED --add-opens=java.base/java.util.concurrent.atomic=ALL-UNNAMED -Xmx2048m -Dfile.encoding=windows-1252 -Duser.country=US -Duser.language=en -Duser.variant org.gradle.launcher.daemon.bootstrap.GradleDaemon 7.5.1

Host: Intel(R) Core(TM) i5-3340 CPU @ 3.10GHz, 4 cores, 7G,  Windows 10 , 64 bit Build 19041 (10.0.19041.1023)
Time: Wed Nov 23 14:13:05 2022 India Standard Time elapsed time: 91.043688 seconds (0d 0h 1m 31s)

---------------  T H R E A D  ---------------

Current thread (0x000001e251ffaab0):  JavaThread "C2 CompilerThread0" daemon [_thread_in_native, id=3432, stack(0x000000babc900000,0x000000babca00000)]


Current CompileTask:
C2:  91044 11083   !   4       org.gradle.internal.serialize.kryo.StringDeduplicatingKryoBackedDecoder::readNullableString (110 bytes)

Stack: [0x000000babc900000,0x000000babca00000],  sp=0x000000babc9fb910,  free space=1006k
Native frames: (J=compiled Java code, j=interpreted, Vv=VM code, C=native code)
V  [jvm.dll+0x677e6f]
V  [jvm.dll+0x6766fd]
V  [jvm.dll+0x21612f]
V  [jvm.dll+0x215181]
V  [jvm.dll+0x1a1c3d]
V  [jvm.dll+0x2249c8]
V  [jvm.dll+0x222b2c]
V  [jvm.dll+0x78650b]
V  [jvm.dll+0x780aca]
V  [jvm.dll+0x670045]
C  [ucrtbase.dll+0x21bb2]
C  [KERNEL32.DLL+0x17034]
C  [ntdll.dll+0x52651]


siginfo: EXCEPTION_ACCESS_VIOLATION (0xc0000005), reading address 0x00007ffed371cb08


Register to memory mapping:

RIP=0x00007ffe70517e6f jvm.dll
RAX=0x00007ffed371c9f8 is an unknown value
RBX=0x0000000000000002 is an unknown value
RCX=0x000001e256a65710 points into unknown readable memory: 0x00007ffe7071c9f8 | f8 c9 71 70 fe 7f 00 00
RDX=0x000000babc9fcdf8 is pointing into the stack for thread: 0x000001e251ffaab0
RSP=0x000000babc9fb910 is pointing into the stack for thread: 0x000001e251ffaab0
RBP=0x000000babc9fba10 is pointing into the stack for thread: 0x000001e251ffaab0
RSI=0x00000000000005dc is an unknown value
RDI=0x000001e256e42b18 points into unknown readable memory: 0x00007ffe707579a0 | a0 79 75 70 fe 7f 00 00
R8 =0x000000babc9fbf30 is pointing into the stack for thread: 0x000001e251ffaab0
R9 =0x000000babc9fb9d0 is pointing into the stack for thread: 0x000001e251ffaab0
R10=0x000000babc9fce50 is pointing into the stack for thread: 0x000001e251ffaab0
R11=0x000001e25c2ee550 points into unknown readable memory: 0x00001759ffffffff | ff ff ff ff 59 17 00 00
R12=0x000000babc9fcd00 is pointing into the stack for thread: 0x000001e251ffaab0
R13=0x000001e256a65710 points into unknown readable memory: 0x00007ffe7071c9f8 | f8 c9 71 70 fe 7f 00 00
R14=0x0 is NULL
R15=0x0000000000000002 is an unknown value


Registers:
RAX=0x00007ffed371c9f8, RBX=0x0000000000000002, RCX=0x000001e256a65710, RDX=0x000000babc9fcdf8
RSP=0x000000babc9fb910, RBP=0x000000babc9fba10, RSI=0x00000000000005dc, RDI=0x000001e256e42b18
R8 =0x000000babc9fbf30, R9 =0x000000babc9fb9d0, R10=0x000000babc9fce50, R11=0x000001e25c2ee550
R12=0x000000babc9fcd00, R13=0x000001e256a65710, R14=0x0000000000000000, R15=0x0000000000000002
RIP=0x00007ffe70517e6f, EFLAGS=0x0000000000010297

Top of Stack: (sp=0x000000babc9fb910)
0x000000babc9fb910:   00000000000005dc 000000000000023f
0x000000babc9fb920:   000001e25c2ea010 000000babc9fba10
0x000000babc9fb930:   000000babc9fbf30 0000000000000258
0x000000babc9fb940:   00000008000005dc 0000022000000001
0x000000babc9fb950:   0000000300000001 000001e257900ea0
0x000000babc9fb960:   00000048ffffffff 000001e256e42b18
0x000000babc9fb970:   0000023f000005d4 000001e20000001c
0x000000babc9fb980:   000001e25c2ea010 000000babc9fe880
0x000000babc9fb990:   0000000000000000 00007ffe00000000
0x000000babc9fb9a0:   000000ba000005dc 0000000000000000
0x000000babc9fb9b0:   000001e25c2eb210 000001e251feebf0
0x000000babc9fb9c0:   0000000000000048 000001e25c2ea910
0x000000babc9fb9d0:   00007ffe706e5ec8 000000babc9fce50
0x000000babc9fb9e0:   000001e251ffb000 0000000001010101
0x000000babc9fb9f0:   0000000000000000 000001e257900ea0
0x000000babc9fba00:   000001e251fed580 000001e257900ea0 

Instructions: (pc=0x00007ffe70517e6f)
0x00007ffe70517d6f:   8b 88 48 08 00 00 48 8b 41 30 48 8d 4d c0 48 8b
0x00007ffe70517d7f:   3c d0 49 8b d5 48 89 7c 24 58 49 89 bc 24 88 02
0x00007ffe70517d8f:   00 00 e8 ba f9 a3 ff 48 8d 05 3b 54 1c 00 48 8d
0x00007ffe70517d9f:   4d c0 48 89 45 c0 e8 56 60 a5 ff 48 8d 05 17 e1
0x00007ffe70517daf:   1c 00 48 89 45 c0 8b 47 4c 48 8d 0c 80 49 8d 14
0x00007ffe70517dbf:   cf 48 8d 4d c0 e8 67 fb a3 ff 8b 4f 28 33 c0 89
0x00007ffe70517dcf:   4c 24 44 89 44 24 38 85 c9 0f 84 e6 09 00 00 eb
0x00007ffe70517ddf:   05 48 8b 7c 24 58 41 89 84 24 90 02 00 00 3b 47
0x00007ffe70517def:   18 73 0c 8b c8 48 8b 47 20 4c 8b 2c c8 eb 03 45
0x00007ffe70517dff:   33 ed 41 8b 45 28 41 39 84 24 3c 02 00 00 76 1e
0x00007ffe70517e0f:   8b c8 49 8b 84 24 40 02 00 00 8b 14 88 83 e2 07
0x00007ffe70517e1f:   80 fa 05 75 09 4c 89 6d 98 e9 74 09 00 00 41 8b
0x00007ffe70517e2f:   5d 2c 8b c3 24 03 c6 85 08 01 00 00 00 3c 02 0f
0x00007ffe70517e3f:   85 71 06 00 00 44 8b fb 41 83 e7 1f 41 83 ff 1e
0x00007ffe70517e4f:   0f 94 85 08 01 00 00 83 e3 0f 83 fb 0e 41 0f 94
0x00007ffe70517e5f:   c4 74 18 41 83 ff 1e 74 12 49 8b 45 00 49 8b cd
0x00007ffe70517e6f:   ff 90 10 01 00 00 83 f8 01 74 11 48 8b 85 f8 00
0x00007ffe70517e7f:   00 00 8b 70 68 2b 70 58 89 74 24 30 49 8b 45 00
0x00007ffe70517e8f:   8b d6 49 8b cd ff 90 18 01 00 00 83 fb 0e 75 14
0x00007ffe70517e9f:   41 83 ff 1e 74 0e 85 c0 75 2f 3b 74 24 3c 75 08
0x00007ffe70517eaf:   8b 44 24 40 85 c0 75 21 41 8b 45 30 c1 e8 08 a8
0x00007ffe70517ebf:   01 0f 84 a2 01 00 00 3b 74 24 50 0f 85 98 01 00
0x00007ffe70517ecf:   00 8b 4c 24 40 8b c1 eb 04 8b 4c 24 40 85 c0 0f
0x00007ffe70517edf:   8e 84 01 00 00 99 f7 f9 8b f0 48 8b 45 a8 48 8b
0x00007ffe70517eef:   18 b8 50 00 00 00 80 3c 18 00 75 05 e8 cc 45 1b
0x00007ffe70517eff:   00 b8 20 00 00 00 48 8b 14 18 48 8b 8a d0 04 00
0x00007ffe70517f0f:   00 48 8b 99 80 00 00 00 48 81 c3 70 02 00 00 48
0x00007ffe70517f1f:   8b 7b 18 48 83 ff af 76 18 4c 8d 05 81 50 1c 00
0x00007ffe70517f2f:   ba 50 00 00 00 48 8b cb e8 14 2f a3 ff 48 8b 7b
0x00007ffe70517f3f:   18 48 8d 47 50 48 3b 43 20 76 14 45 33 c0 48 8b
0x00007ffe70517f4f:   cb 41 8d 50 50 e8 77 2b a3 ff 48 8b f8 eb 04 48
0x00007ffe70517f5f:   89 43 18 48 85 ff 74 2b 33 d2 48 8b cf e8 8f 5c 


Stack slot to memory mapping:
stack at sp + 0 slots: 0x00000000000005dc is an unknown value
stack at sp + 1 slots: 0x000000000000023f is an unknown value
stack at sp + 2 slots: 0x000001e25c2ea010 points into unknown readable memory: 0x0000005d00000036 | 36 00 00 00 5d 00 00 00
stack at sp + 3 slots: 0x000000babc9fba10 is pointing into the stack for thread: 0x000001e251ffaab0
stack at sp + 4 slots: 0x000000babc9fbf30 is pointing into the stack for thread: 0x000001e251ffaab0
stack at sp + 5 slots: 0x0000000000000258 is an unknown value
stack at sp + 6 slots: 0x00000008000005dc is pointing into metadata
stack at sp + 7 slots: 0x0000022000000001 is an unknown value


---------------  P R O C E S S  ---------------

Threads class SMR info:
_java_thread_list=0x000001e25bc8aac0, length=89, elements={
0x000001e232734370, 0x000001e251fd4fb0, 0x000001e251fd7d40, 0x000001e251fe7f90,
0x000001e251fe9fc0, 0x000001e251fef050, 0x000001e251ff10c0, 0x000001e251ffaab0,
0x000001e251ffc3a0, 0x000001e25200dc00, 0x000001e252cb36c0, 0x000001e252cb66e0,
0x000001e252cb4ed0, 0x000001e252cb5870, 0x000001e252cb31f0, 0x000001e252cb3b90,
0x000001e252cb4060, 0x000001e252cb5d40, 0x000001e252cb4530, 0x000001e252cb4a00,
0x000001e252cb53a0, 0x000001e252cb6210, 0x000001e2532c7210, 0x000001e2532c9890,
0x000001e2532c8ef0, 0x000001e2532c6870, 0x000001e2532c93c0, 0x000001e2532c8550,
0x000001e2532c6d40, 0x000001e2532cbf10, 0x000001e2532cba40, 0x000001e2532c9d60,
0x000001e2532ca700, 0x000001e2532c5ed0, 0x000001e2532cb0a0, 0x000001e2532c76e0,
0x000001e2532c63a0, 0x000001e2532c5060, 0x000001e2532c5a00, 0x000001e2532c7bb0,
0x000001e25516c870, 0x000001e25516e550, 0x000001e25516b060, 0x000001e25516a6c0,
0x000001e25516bed0, 0x000001e25516d6e0, 0x000001e25516cd40, 0x000001e25516dbb0,
0x000001e25516e080, 0x000001e255169380, 0x000001e25516ab90, 0x000001e255168eb0,
0x000001e25516b530, 0x000001e255169d20, 0x000001e25516ea20, 0x000001e255169850,
0x000001e2551689e0, 0x000001e25516a1f0, 0x000001e25516eef0, 0x000001e25516ba00,
0x000001e25516c3a0, 0x000001e25516f890, 0x000001e255168510, 0x000001e25516f3c0,
0x000001e255168040, 0x000001e25521bbc0, 0x000001e25521ad50, 0x000001e255219070,
0x000001e255219540, 0x000001e25521cf00, 0x000001e2552186d0, 0x000001e255219a10,
0x000001e25521b220, 0x000001e25521a880, 0x000001e255218ba0, 0x000001e25521ca30,
0x000001e25521c090, 0x000001e255217390, 0x000001e25521e710, 0x000001e25521c560,
0x000001e25521dd70, 0x000001e25521e240, 0x000001e25521d3d0, 0x000001e25521d8a0,
0x000001e25521ebe0, 0x000001e255217860, 0x000001e255217d30, 0x000001e255218200,
0x000001e25a0563f0
}

Java Threads: ( => current thread )
  0x000001e232734370 JavaThread "main" [_thread_blocked, id=4532, stack(0x000000babbc00000,0x000000babbd00000)]
  0x000001e251fd4fb0 JavaThread "Reference Handler" daemon [_thread_blocked, id=12900, stack(0x000000babc300000,0x000000babc400000)]
  0x000001e251fd7d40 JavaThread "Finalizer" daemon [_thread_blocked, id=1152, stack(0x000000babc400000,0x000000babc500000)]
  0x000001e251fe7f90 JavaThread "Signal Dispatcher" daemon [_thread_blocked, id=4024, stack(0x000000babc500000,0x000000babc600000)]
  0x000001e251fe9fc0 JavaThread "Attach Listener" daemon [_thread_blocked, id=1096, stack(0x000000babc600000,0x000000babc700000)]
  0x000001e251fef050 JavaThread "Service Thread" daemon [_thread_blocked, id=11680, stack(0x000000babc700000,0x000000babc800000)]
  0x000001e251ff10c0 JavaThread "Monitor Deflation Thread" daemon [_thread_blocked, id=8628, stack(0x000000babc800000,0x000000babc900000)]
=>0x000001e251ffaab0 JavaThread "C2 CompilerThread0" daemon [_thread_in_native, id=3432, stack(0x000000babc900000,0x000000babca00000)]
  0x000001e251ffc3a0 JavaThread "C1 CompilerThread0" daemon [_thread_blocked, id=12468, stack(0x000000babca00000,0x000000babcb00000)]
  0x000001e25200dc00 JavaThread "Sweeper thread" daemon [_thread_blocked, id=10796, stack(0x000000babcb00000,0x000000babcc00000)]
  0x000001e252cb36c0 JavaThread "Common-Cleaner" daemon [_thread_blocked, id=5524, stack(0x000000babcc00000,0x000000babcd00000)]
  0x000001e252cb66e0 JavaThread "Notification Thread" daemon [_thread_blocked, id=8276, stack(0x000000babcd00000,0x000000babce00000)]
  0x000001e252cb4ed0 JavaThread "Daemon health stats" [_thread_blocked, id=10960, stack(0x000000babd200000,0x000000babd300000)]
  0x000001e252cb5870 JavaThread "Incoming local TCP Connector on port 63458" [_thread_in_native, id=6876, stack(0x000000babd300000,0x000000babd400000)]
  0x000001e252cb31f0 JavaThread "Daemon periodic checks" [_thread_blocked, id=11544, stack(0x000000babd400000,0x000000babd500000)]
  0x000001e252cb3b90 JavaThread "Daemon" [_thread_blocked, id=12064, stack(0x000000babd500000,0x000000babd600000)]
  0x000001e252cb4060 JavaThread "Handler for socket connection from /127.0.0.1:63458 to /127.0.0.1:63459" [_thread_in_native, id=9944, stack(0x000000babd600000,0x000000babd700000)]
  0x000001e252cb5d40 JavaThread "Cancel handler" [_thread_blocked, id=804, stack(0x000000babd700000,0x000000babd800000)]
  0x000001e252cb4530 JavaThread "Daemon worker" [_thread_in_native, id=3996, stack(0x000000babd800000,0x000000babd900000)]
  0x000001e252cb4a00 JavaThread "Asynchronous log dispatcher for DefaultDaemonConnection: socket connection from /127.0.0.1:63458 to /127.0.0.1:63459" [_thread_blocked, id=4256, stack(0x000000babd900000,0x000000babda00000)]
  0x000001e252cb53a0 JavaThread "Stdin handler" [_thread_blocked, id=784, stack(0x000000babda00000,0x000000babdb00000)]
  0x000001e252cb6210 JavaThread "Daemon client event forwarder" [_thread_blocked, id=3444, stack(0x000000babdb00000,0x000000babdc00000)]
  0x000001e2532c7210 JavaThread "Cache worker for journal cache (D:\Gradle\gradle-7.5.1\bin\caches\journal-1)" [_thread_blocked, id=10680, stack(0x000000babdc00000,0x000000babdd00000)]
  0x000001e2532c9890 JavaThread "File lock request listener" [_thread_in_native, id=6568, stack(0x000000babdd00000,0x000000babde00000)]
  0x000001e2532c8ef0 JavaThread "Cache worker for file hash cache (D:\Gradle\gradle-7.5.1\bin\caches\7.5.1\fileHashes)" [_thread_blocked, id=11672, stack(0x000000babde00000,0x000000babdf00000)]
  0x000001e2532c6870 JavaThread "File watcher server" daemon [_thread_in_native, id=6100, stack(0x000000babdf00000,0x000000babe000000)]
  0x000001e2532c93c0 JavaThread "File watcher consumer" daemon [_thread_blocked, id=5260, stack(0x000000babe000000,0x000000babe100000)]
  0x000001e2532c8550 JavaThread "Cache worker for checksums cache (E:\Android Dev\ReactNative\WhatsChat\android\.gradle\7.5.1\checksums)" [_thread_blocked, id=5428, stack(0x000000babe100000,0x000000babe200000)]
  0x000001e2532c6d40 JavaThread "Cache worker for cache directory md-rule (D:\Gradle\gradle-7.5.1\bin\caches\7.5.1\md-rule)" [_thread_blocked, id=7172, stack(0x000000babe200000,0x000000babe300000)]
  0x000001e2532cbf10 JavaThread "Cache worker for file content cache (D:\Gradle\gradle-7.5.1\bin\caches\7.5.1\fileContent)" [_thread_blocked, id=10668, stack(0x000000babe300000,0x000000babe400000)]
  0x000001e2532cba40 JavaThread "Cache worker for file hash cache (E:\Android Dev\ReactNative\WhatsChat\android\.gradle\7.5.1\fileHashes)" [_thread_blocked, id=5700, stack(0x000000babe400000,0x000000babe500000)]
  0x000001e2532c9d60 JavaThread "Cache worker for cache directory md-supplier (D:\Gradle\gradle-7.5.1\bin\caches\7.5.1\md-supplier)" [_thread_blocked, id=1340, stack(0x000000babe500000,0x000000babe600000)]
  0x000001e2532ca700 JavaThread "Cache worker for execution history cache (D:\Gradle\gradle-7.5.1\bin\caches\7.5.1\executionHistory)" [_thread_blocked, id=10124, stack(0x000000babe700000,0x000000babe800000)]
  0x000001e2532c5ed0 JavaThread "jar transforms" [_thread_blocked, id=4320, stack(0x000000babe800000,0x000000babe900000)]
  0x000001e2532cb0a0 JavaThread "jar transforms Thread 2" [_thread_blocked, id=8908, stack(0x000000babeb00000,0x000000babec00000)]
  0x000001e2532c76e0 JavaThread "jar transforms Thread 3" [_thread_blocked, id=3380, stack(0x000000babec00000,0x000000babed00000)]
  0x000001e2532c63a0 JavaThread "jar transforms Thread 4" [_thread_blocked, id=12708, stack(0x000000babed00000,0x000000babee00000)]
  0x000001e2532c5060 JavaThread "Cache worker for kotlin-dsl (D:\Gradle\gradle-7.5.1\bin\caches\7.5.1\kotlin-dsl)" [_thread_blocked, id=13164, stack(0x000000babee00000,0x000000babef00000)]
  0x000001e2532c5a00 JavaThread "Cache worker for dependencies-accessors (E:\Android Dev\ReactNative\WhatsChat\android\.gradle\7.5.1\dependencies-accessors)" [_thread_blocked, id=7564, stack(0x000000babb900000,0x000000babba00000)]
  0x000001e2532c7bb0 JavaThread "Cache worker for Build Output Cleanup Cache (E:\Android Dev\ReactNative\WhatsChat\node_modules\react-native-gradle-plugin\.gradle\buildOutputCleanup)" [_thread_blocked, id=12952, stack(0x000000babba00000,0x000000babbb00000)]
  0x000001e25516c870 JavaThread "Unconstrained build operations" [_thread_blocked, id=12720, stack(0x000000babbb00000,0x000000babbc00000)]
  0x000001e25516e550 JavaThread "Unconstrained build operations Thread 2" [_thread_blocked, id=5964, stack(0x000000babef00000,0x000000babf000000)]
  0x000001e25516b060 JavaThread "Unconstrained build operations Thread 3" [_thread_blocked, id=10356, stack(0x000000babf000000,0x000000babf100000)]
  0x000001e25516a6c0 JavaThread "Unconstrained build operations Thread 4" [_thread_blocked, id=512, stack(0x000000babf100000,0x000000babf200000)]
  0x000001e25516bed0 JavaThread "Unconstrained build operations Thread 5" [_thread_blocked, id=6760, stack(0x000000babf200000,0x000000babf300000)]
  0x000001e25516d6e0 JavaThread "Unconstrained build operations Thread 6" [_thread_blocked, id=7016, stack(0x000000babf300000,0x000000babf400000)]
  0x000001e25516cd40 JavaThread "Unconstrained build operations Thread 7" [_thread_blocked, id=8132, stack(0x000000babf400000,0x000000babf500000)]
  0x000001e25516dbb0 JavaThread "Unconstrained build operations Thread 8" [_thread_blocked, id=704, stack(0x000000babf500000,0x000000babf600000)]
  0x000001e25516e080 JavaThread "Unconstrained build operations Thread 9" [_thread_blocked, id=3332, stack(0x000000babf600000,0x000000babf700000)]
  0x000001e255169380 JavaThread "Unconstrained build operations Thread 10" [_thread_blocked, id=13088, stack(0x000000babf700000,0x000000babf800000)]
  0x000001e25516ab90 JavaThread "Unconstrained build operations Thread 11" [_thread_blocked, id=5356, stack(0x000000babf800000,0x000000babf900000)]
  0x000001e255168eb0 JavaThread "Unconstrained build operations Thread 12" [_thread_blocked, id=6380, stack(0x000000babf900000,0x000000babfa00000)]
  0x000001e25516b530 JavaThread "Unconstrained build operations Thread 13" [_thread_blocked, id=6940, stack(0x000000babfa00000,0x000000babfb00000)]
  0x000001e255169d20 JavaThread "Unconstrained build operations Thread 14" [_thread_blocked, id=3764, stack(0x000000babfb00000,0x000000babfc00000)]
  0x000001e25516ea20 JavaThread "Unconstrained build operations Thread 15" [_thread_blocked, id=6796, stack(0x000000babfc00000,0x000000babfd00000)]
  0x000001e255169850 JavaThread "Unconstrained build operations Thread 16" [_thread_blocked, id=3772, stack(0x000000babfd00000,0x000000babfe00000)]
  0x000001e2551689e0 JavaThread "Unconstrained build operations Thread 17" [_thread_blocked, id=12752, stack(0x000000babfe00000,0x000000babff00000)]
  0x000001e25516a1f0 JavaThread "Unconstrained build operations Thread 18" [_thread_blocked, id=12052, stack(0x000000babff00000,0x000000bac0000000)]
  0x000001e25516eef0 JavaThread "Unconstrained build operations Thread 19" [_thread_blocked, id=7404, stack(0x000000bac0000000,0x000000bac0100000)]
  0x000001e25516ba00 JavaThread "Unconstrained build operations Thread 20" [_thread_blocked, id=9224, stack(0x000000bac0100000,0x000000bac0200000)]
  0x000001e25516c3a0 JavaThread "Unconstrained build operations Thread 21" [_thread_blocked, id=4124, stack(0x000000bac0200000,0x000000bac0300000)]
  0x000001e25516f890 JavaThread "Unconstrained build operations Thread 22" [_thread_blocked, id=11832, stack(0x000000bac0300000,0x000000bac0400000)]
  0x000001e255168510 JavaThread "Unconstrained build operations Thread 23" [_thread_blocked, id=5944, stack(0x000000bac0400000,0x000000bac0500000)]
  0x000001e25516f3c0 JavaThread "Unconstrained build operations Thread 24" [_thread_blocked, id=9816, stack(0x000000bac0500000,0x000000bac0600000)]
  0x000001e255168040 JavaThread "Unconstrained build operations Thread 25" [_thread_blocked, id=3656, stack(0x000000bac0600000,0x000000bac0700000)]
  0x000001e25521bbc0 JavaThread "Unconstrained build operations Thread 26" [_thread_blocked, id=9560, stack(0x000000bac0700000,0x000000bac0800000)]
  0x000001e25521ad50 JavaThread "Unconstrained build operations Thread 27" [_thread_blocked, id=8572, stack(0x000000bac0800000,0x000000bac0900000)]
  0x000001e255219070 JavaThread "Unconstrained build operations Thread 28" [_thread_blocked, id=7896, stack(0x000000bac0900000,0x000000bac0a00000)]
  0x000001e255219540 JavaThread "Unconstrained build operations Thread 29" [_thread_blocked, id=9812, stack(0x000000bac0a00000,0x000000bac0b00000)]
  0x000001e25521cf00 JavaThread "Unconstrained build operations Thread 30" [_thread_blocked, id=8232, stack(0x000000bac0b00000,0x000000bac0c00000)]
  0x000001e2552186d0 JavaThread "Unconstrained build operations Thread 31" [_thread_blocked, id=1120, stack(0x000000bac0c00000,0x000000bac0d00000)]
  0x000001e255219a10 JavaThread "Unconstrained build operations Thread 32" [_thread_blocked, id=644, stack(0x000000bac0d00000,0x000000bac0e00000)]
  0x000001e25521b220 JavaThread "Unconstrained build operations Thread 33" [_thread_blocked, id=3100, stack(0x000000bac0e00000,0x000000bac0f00000)]
  0x000001e25521a880 JavaThread "build event listener" [_thread_blocked, id=3040, stack(0x000000bac0f00000,0x000000bac1000000)]
  0x000001e255218ba0 JavaThread "Memory manager" [_thread_blocked, id=2552, stack(0x000000bac1100000,0x000000bac1200000)]
  0x000001e25521ca30 JavaThread "Cache worker for Build Output Cleanup Cache (E:\Android Dev\ReactNative\WhatsChat\android\.gradle\buildOutputCleanup)" [_thread_blocked, id=9644, stack(0x000000bac1000000,0x000000bac1100000)]
  0x000001e25521c090 JavaThread "included builds" [_thread_blocked, id=4480, stack(0x000000bac1300000,0x000000bac1400000)]
  0x000001e255217390 JavaThread "Execution worker" [_thread_blocked, id=8372, stack(0x000000bac1400000,0x000000bac1500000)]
  0x000001e25521e710 JavaThread "Execution worker Thread 2" [_thread_blocked, id=464, stack(0x000000bac1500000,0x000000bac1600000)]
  0x000001e25521c560 JavaThread "Execution worker Thread 3" [_thread_blocked, id=2012, stack(0x000000bac1600000,0x000000bac1700000)]
  0x000001e25521dd70 JavaThread "Cache worker for execution history cache (E:\Android Dev\ReactNative\WhatsChat\node_modules\react-native-gradle-plugin\.gradle\7.5.1\executionHistory)" [_thread_blocked, id=2572, stack(0x000000bac1700000,0x000000bac1800000)]
  0x000001e25521e240 JavaThread "Unconstrained build operations Thread 34" [_thread_blocked, id=1080, stack(0x000000bac1800000,0x000000bac1900000)]
  0x000001e25521d3d0 JavaThread "Unconstrained build operations Thread 35" [_thread_blocked, id=9656, stack(0x000000bac1900000,0x000000bac1a00000)]
  0x000001e25521d8a0 JavaThread "Unconstrained build operations Thread 36" [_thread_blocked, id=9796, stack(0x000000bac1a00000,0x000000bac1b00000)]
  0x000001e25521ebe0 JavaThread "Unconstrained build operations Thread 37" [_thread_blocked, id=2560, stack(0x000000bac1b00000,0x000000bac1c00000)]
  0x000001e255217860 JavaThread "Unconstrained build operations Thread 38" [_thread_blocked, id=9676, stack(0x000000bac1c00000,0x000000bac1d00000)]
  0x000001e255217d30 JavaThread "Unconstrained build operations Thread 39" [_thread_blocked, id=10308, stack(0x000000bac1d00000,0x000000bac1e00000)]
  0x000001e255218200 JavaThread "Unconstrained build operations Thread 40" [_thread_blocked, id=13176, stack(0x000000bac1e00000,0x000000bac1f00000)]
  0x000001e25a0563f0 JavaThread "C2 CompilerThread1" daemon [_thread_blocked, id=2872, stack(0x000000bac1200000,0x000000bac1300000)]

Other Threads:
  0x000001e251fcd500 VMThread "VM Thread" [stack: 0x000000babc200000,0x000000babc300000] [id=6352]
  0x000001e252cc8a70 WatcherThread [stack: 0x000000babce00000,0x000000babcf00000] [id=6036]
  0x000001e23278e470 GCTaskThread "GC Thread#0" [stack: 0x000000babbd00000,0x000000babbe00000] [id=5136]
  0x000001e252d2f490 GCTaskThread "GC Thread#1" [stack: 0x000000babd000000,0x000000babd100000] [id=4728]
  0x000001e25319b490 GCTaskThread "GC Thread#2" [stack: 0x000000babd100000,0x000000babd200000] [id=6832]
  0x000001e253870570 GCTaskThread "GC Thread#3" [stack: 0x000000babcf00000,0x000000babd000000] [id=11744]
  0x000001e23279f2c0 ConcurrentGCThread "G1 Main Marker" [stack: 0x000000babbe00000,0x000000babbf00000] [id=1020]
  0x000001e2327a0bf0 ConcurrentGCThread "G1 Conc#0" [stack: 0x000000babbf00000,0x000000babc000000] [id=4888]
  0x000001e251e90090 ConcurrentGCThread "G1 Refine#0" [stack: 0x000000babc000000,0x000000babc100000] [id=5720]
  0x000001e254109b40 ConcurrentGCThread "G1 Refine#1" [stack: 0x000000babe600000,0x000000babe700000] [id=2092]
  0x000001e251e909c0 ConcurrentGCThread "G1 Service" [stack: 0x000000babc100000,0x000000babc200000] [id=9040]

Threads with active compile tasks:
C2 CompilerThread0    91111 11083   !   4       org.gradle.internal.serialize.kryo.StringDeduplicatingKryoBackedDecoder::readNullableString (110 bytes)

VM state: not at safepoint (normal execution)

VM Mutex/Monitor currently owned by a thread: None

Heap address: 0x0000000080000000, size: 2048 MB, Compressed Oops mode: 32-bit

CDS archive(s) mapped at: [0x0000000800000000-0x0000000800bc0000-0x0000000800bc0000), size 12320768, SharedBaseAddress: 0x0000000800000000, ArchiveRelocationMode: 0.
Compressed class space mapped at: 0x0000000800c00000-0x000000081a800000, reserved size: 432013312
Narrow klass base: 0x0000000800000000, Narrow klass shift: 0, Narrow klass range: 0x100000000

GC Precious Log:
 CPUs: 4 total, 4 available
 Memory: 8082M
 Large Page Support: Disabled
 NUMA Support: Disabled
 Compressed Oops: Enabled (32-bit)
 Heap Region Size: 1M
 Heap Min Capacity: 8M
 Heap Initial Capacity: 128M
 Heap Max Capacity: 2G
 Pre-touch: Disabled
 Parallel Workers: 4
 Concurrent Workers: 1
 Concurrent Refinement Workers: 4
 Periodic GC: Disabled

Heap:
 garbage-first heap   total 184320K, used 108258K [0x0000000080000000, 0x0000000100000000)
  region size 1024K, 4 young (4096K), 3 survivors (3072K)
 Metaspace       used 83217K, committed 84160K, reserved 495616K
  class space    used 11630K, committed 12096K, reserved 421888K

Heap Regions: E=young(eden), S=young(survivor), O=old, HS=humongous(starts), HC=humongous(continues), CS=collection set, F=free, OA=open archive, CA=closed archive, TAMS=top-at-mark-start (previous, next)
|   0|0x0000000080000000, 0x0000000080100000, 0x0000000080100000|100%|HS|  |TAMS 0x0000000080100000, 0x0000000080000000| Complete 
|   1|0x0000000080100000, 0x0000000080200000, 0x0000000080200000|100%|HC|  |TAMS 0x0000000080200000, 0x0000000080100000| Complete 
|   2|0x0000000080200000, 0x0000000080300000, 0x0000000080300000|100%|HC|  |TAMS 0x0000000080300000, 0x0000000080200000| Complete 
|   3|0x0000000080300000, 0x0000000080400000, 0x0000000080400000|100%| O|  |TAMS 0x0000000080400000, 0x0000000080300000| Untracked 
|   4|0x0000000080400000, 0x0000000080500000, 0x0000000080500000|100%| O|  |TAMS 0x0000000080500000, 0x0000000080400000| Untracked 
|   5|0x0000000080500000, 0x0000000080600000, 0x0000000080600000|100%| O|  |TAMS 0x0000000080600000, 0x0000000080500000| Untracked 
|   6|0x0000000080600000, 0x0000000080700000, 0x0000000080700000|100%| O|  |TAMS 0x0000000080700000, 0x0000000080600000| Untracked 
|   7|0x0000000080700000, 0x0000000080800000, 0x0000000080800000|100%| O|  |TAMS 0x0000000080800000, 0x0000000080700000| Untracked 
|   8|0x0000000080800000, 0x0000000080900000, 0x0000000080900000|100%| O|  |TAMS 0x0000000080900000, 0x0000000080800000| Untracked 
|   9|0x0000000080900000, 0x0000000080a00000, 0x0000000080a00000|100%| O|  |TAMS 0x0000000080a00000, 0x0000000080900000| Untracked 
|  10|0x0000000080a00000, 0x0000000080b00000, 0x0000000080b00000|100%| O|  |TAMS 0x0000000080b00000, 0x0000000080a00000| Untracked 
|  11|0x0000000080b00000, 0x0000000080c00000, 0x0000000080c00000|100%| O|  |TAMS 0x0000000080c00000, 0x0000000080b00000| Untracked 
|  12|0x0000000080c00000, 0x0000000080d00000, 0x0000000080d00000|100%| O|  |TAMS 0x0000000080d00000, 0x0000000080c00000| Untracked 
|  13|0x0000000080d00000, 0x0000000080e00000, 0x0000000080e00000|100%| O|  |TAMS 0x0000000080e00000, 0x0000000080d00000| Untracked 
|  14|0x0000000080e00000, 0x0000000080f00000, 0x0000000080f00000|100%| O|  |TAMS 0x0000000080f00000, 0x0000000080e00000| Untracked 
|  15|0x0000000080f00000, 0x0000000081000000, 0x0000000081000000|100%| O|  |TAMS 0x0000000081000000, 0x0000000080f00000| Untracked 
|  16|0x0000000081000000, 0x0000000081100000, 0x0000000081100000|100%| O|  |TAMS 0x0000000081100000, 0x0000000081000000| Untracked 
|  17|0x0000000081100000, 0x0000000081200000, 0x0000000081200000|100%| O|  |TAMS 0x0000000081200000, 0x0000000081100000| Untracked 
|  18|0x0000000081200000, 0x0000000081300000, 0x0000000081300000|100%| O|  |TAMS 0x0000000081300000, 0x0000000081200000| Untracked 
|  19|0x0000000081300000, 0x0000000081400000, 0x0000000081400000|100%| O|  |TAMS 0x0000000081400000, 0x0000000081300000| Untracked 
|  20|0x0000000081400000, 0x0000000081500000, 0x0000000081500000|100%| O|  |TAMS 0x0000000081400000, 0x0000000081400000| Untracked 
|  21|0x0000000081500000, 0x0000000081600000, 0x0000000081600000|100%| O|  |TAMS 0x0000000081600000, 0x0000000081500000| Untracked 
|  22|0x0000000081600000, 0x0000000081700000, 0x0000000081700000|100%| O|  |TAMS 0x0000000081700000, 0x0000000081600000| Untracked 
|  23|0x0000000081700000, 0x0000000081800000, 0x0000000081800000|100%| O|  |TAMS 0x0000000081800000, 0x0000000081700000| Untracked 
|  24|0x0000000081800000, 0x0000000081900000, 0x0000000081900000|100%| O|  |TAMS 0x0000000081900000, 0x0000000081800000| Untracked 
|  25|0x0000000081900000, 0x0000000081a00000, 0x0000000081a00000|100%| O|  |TAMS 0x0000000081a00000, 0x0000000081900000| Untracked 
|  26|0x0000000081a00000, 0x0000000081b00000, 0x0000000081b00000|100%| O|  |TAMS 0x0000000081b00000, 0x0000000081a00000| Untracked 
|  27|0x0000000081b00000, 0x0000000081c00000, 0x0000000081c00000|100%| O|  |TAMS 0x0000000081c00000, 0x0000000081b00000| Untracked 
|  28|0x0000000081c00000, 0x0000000081d00000, 0x0000000081d00000|100%| O|  |TAMS 0x0000000081d00000, 0x0000000081c00000| Untracked 
|  29|0x0000000081d00000, 0x0000000081e00000, 0x0000000081e00000|100%|HS|  |TAMS 0x0000000081e00000, 0x0000000081d00000| Complete 
|  30|0x0000000081e00000, 0x0000000081f00000, 0x0000000081f00000|100%| O|  |TAMS 0x0000000081f00000, 0x0000000081e00000| Untracked 
|  31|0x0000000081f00000, 0x0000000082000000, 0x0000000082000000|100%| O|  |TAMS 0x0000000082000000, 0x0000000081f00000| Untracked 
|  32|0x0000000082000000, 0x0000000082100000, 0x0000000082100000|100%|HS|  |TAMS 0x0000000082100000, 0x0000000082000000| Complete 
|  33|0x0000000082100000, 0x0000000082200000, 0x0000000082200000|100%|HC|  |TAMS 0x0000000082200000, 0x0000000082100000| Complete 
|  34|0x0000000082200000, 0x0000000082300000, 0x0000000082300000|100%|HC|  |TAMS 0x0000000082300000, 0x0000000082200000| Complete 
|  35|0x0000000082300000, 0x0000000082400000, 0x0000000082400000|100%| O|  |TAMS 0x0000000082400000, 0x0000000082300000| Untracked 
|  36|0x0000000082400000, 0x0000000082500000, 0x0000000082500000|100%| O|  |TAMS 0x0000000082500000, 0x0000000082400000| Untracked 
|  37|0x0000000082500000, 0x0000000082600000, 0x0000000082600000|100%| O|  |TAMS 0x0000000082600000, 0x0000000082500000| Untracked 
|  38|0x0000000082600000, 0x0000000082700000, 0x0000000082700000|100%| O|  |TAMS 0x0000000082700000, 0x0000000082600000| Untracked 
|  39|0x0000000082700000, 0x0000000082800000, 0x0000000082800000|100%| O|  |TAMS 0x0000000082800000, 0x0000000082700000| Untracked 
|  40|0x0000000082800000, 0x0000000082900000, 0x0000000082900000|100%| O|  |TAMS 0x0000000082900000, 0x0000000082800000| Untracked 
|  41|0x0000000082900000, 0x0000000082a00000, 0x0000000082a00000|100%| O|  |TAMS 0x0000000082a00000, 0x0000000082900000| Untracked 
|  42|0x0000000082a00000, 0x0000000082b00000, 0x0000000082b00000|100%| O|  |TAMS 0x0000000082b00000, 0x0000000082a00000| Untracked 
|  43|0x0000000082b00000, 0x0000000082c00000, 0x0000000082c00000|100%| O|  |TAMS 0x0000000082c00000, 0x0000000082b00000| Untracked 
|  44|0x0000000082c00000, 0x0000000082d00000, 0x0000000082d00000|100%| O|  |TAMS 0x0000000082d00000, 0x0000000082c00000| Untracked 
|  45|0x0000000082d00000, 0x0000000082e00000, 0x0000000082e00000|100%| O|  |TAMS 0x0000000082e00000, 0x0000000082d00000| Untracked 
|  46|0x0000000082e00000, 0x0000000082f00000, 0x0000000082f00000|100%| O|  |TAMS 0x0000000082f00000, 0x0000000082e00000| Untracked 
|  47|0x0000000082f00000, 0x0000000083000000, 0x0000000083000000|100%| O|  |TAMS 0x0000000083000000, 0x0000000082f00000| Untracked 
|  48|0x0000000083000000, 0x0000000083100000, 0x0000000083100000|100%| O|  |TAMS 0x0000000083100000, 0x0000000083000000| Untracked 
|  49|0x0000000083100000, 0x0000000083200000, 0x0000000083200000|100%| O|  |TAMS 0x0000000083200000, 0x0000000083100000| Untracked 
|  50|0x0000000083200000, 0x0000000083300000, 0x0000000083300000|100%| O|  |TAMS 0x0000000083300000, 0x0000000083200000| Untracked 
|  51|0x0000000083300000, 0x0000000083400000, 0x0000000083400000|100%| O|  |TAMS 0x0000000083400000, 0x0000000083300000| Complete 
|  52|0x0000000083400000, 0x0000000083500000, 0x0000000083500000|100%|HS|  |TAMS 0x0000000083500000, 0x0000000083400000| Complete 
|  53|0x0000000083500000, 0x0000000083600000, 0x0000000083600000|100%|HS|  |TAMS 0x0000000083600000, 0x0000000083500000| Complete 
|  54|0x0000000083600000, 0x0000000083700000, 0x0000000083700000|100%| O|  |TAMS 0x0000000083700000, 0x0000000083600000| Untracked 
|  55|0x0000000083700000, 0x0000000083800000, 0x0000000083800000|100%| O|  |TAMS 0x0000000083800000, 0x0000000083700000| Untracked 
|  56|0x0000000083800000, 0x0000000083900000, 0x0000000083900000|100%| O|  |TAMS 0x0000000083900000, 0x0000000083800000| Untracked 
|  57|0x0000000083900000, 0x0000000083a00000, 0x0000000083a00000|100%|HS|  |TAMS 0x0000000083a00000, 0x0000000083900000| Complete 
|  58|0x0000000083a00000, 0x0000000083b00000, 0x0000000083b00000|100%|HC|  |TAMS 0x0000000083b00000, 0x0000000083a00000| Complete 
|  59|0x0000000083b00000, 0x0000000083c00000, 0x0000000083c00000|100%| O|  |TAMS 0x0000000083c00000, 0x0000000083b00000| Untracked 
|  60|0x0000000083c00000, 0x0000000083d00000, 0x0000000083d00000|100%| O|  |TAMS 0x0000000083d00000, 0x0000000083c00000| Untracked 
|  61|0x0000000083d00000, 0x0000000083e00000, 0x0000000083e00000|100%| O|  |TAMS 0x0000000083e00000, 0x0000000083d00000| Untracked 
|  62|0x0000000083e00000, 0x0000000083f00000, 0x0000000083f00000|100%| O|  |TAMS 0x0000000083f00000, 0x0000000083e00000| Untracked 
|  63|0x0000000083f00000, 0x0000000084000000, 0x0000000084000000|100%| O|  |TAMS 0x0000000084000000, 0x0000000083f00000| Untracked 
|  64|0x0000000084000000, 0x0000000084100000, 0x0000000084100000|100%| O|  |TAMS 0x0000000084100000, 0x0000000084000000| Untracked 
|  65|0x0000000084100000, 0x0000000084200000, 0x0000000084200000|100%| O|  |TAMS 0x0000000084200000, 0x0000000084100000| Untracked 
|  66|0x0000000084200000, 0x0000000084300000, 0x0000000084300000|100%| O|  |TAMS 0x0000000084300000, 0x0000000084200000| Untracked 
|  67|0x0000000084300000, 0x0000000084400000, 0x0000000084400000|100%| O|  |TAMS 0x0000000084400000, 0x0000000084300000| Untracked 
|  68|0x0000000084400000, 0x0000000084500000, 0x0000000084500000|100%| O|  |TAMS 0x0000000084500000, 0x0000000084400000| Untracked 
|  69|0x0000000084500000, 0x0000000084600000, 0x0000000084600000|100%| O|  |TAMS 0x0000000084600000, 0x0000000084500000| Untracked 
|  70|0x0000000084600000, 0x0000000084700000, 0x0000000084700000|100%| O|  |TAMS 0x0000000084700000, 0x0000000084600000| Untracked 
|  71|0x0000000084700000, 0x0000000084800000, 0x0000000084800000|100%| O|  |TAMS 0x0000000084800000, 0x0000000084700000| Untracked 
|  72|0x0000000084800000, 0x0000000084900000, 0x0000000084900000|100%| O|  |TAMS 0x0000000084900000, 0x0000000084800000| Untracked 
|  73|0x0000000084900000, 0x0000000084a00000, 0x0000000084a00000|100%| O|  |TAMS 0x0000000084a00000, 0x0000000084900000| Untracked 
|  74|0x0000000084a00000, 0x0000000084b00000, 0x0000000084b00000|100%| O|  |TAMS 0x0000000084b00000, 0x0000000084a00000| Untracked 
|  75|0x0000000084b00000, 0x0000000084c00000, 0x0000000084c00000|100%| O|  |TAMS 0x0000000084c00000, 0x0000000084b00000| Untracked 
|  76|0x0000000084c00000, 0x0000000084d00000, 0x0000000084d00000|100%| O|  |TAMS 0x0000000084d00000, 0x0000000084c00000| Untracked 
|  77|0x0000000084d00000, 0x0000000084e00000, 0x0000000084e00000|100%| O|  |TAMS 0x0000000084e00000, 0x0000000084d00000| Untracked 
|  78|0x0000000084e00000, 0x0000000084f00000, 0x0000000084f00000|100%| O|  |TAMS 0x0000000084f00000, 0x0000000084e00000| Untracked 
|  79|0x0000000084f00000, 0x0000000085000000, 0x0000000085000000|100%|HS|  |TAMS 0x0000000085000000, 0x0000000084f00000| Complete 
|  80|0x0000000085000000, 0x0000000085100000, 0x0000000085100000|100%|HS|  |TAMS 0x0000000085100000, 0x0000000085000000| Complete 
|  81|0x0000000085100000, 0x0000000085200000, 0x0000000085200000|100%|HS|  |TAMS 0x0000000085200000, 0x0000000085100000| Complete 
|  82|0x0000000085200000, 0x0000000085300000, 0x0000000085300000|100%|HC|  |TAMS 0x0000000085300000, 0x0000000085200000| Complete 
|  83|0x0000000085300000, 0x0000000085400000, 0x0000000085400000|100%|HC|  |TAMS 0x0000000085400000, 0x0000000085300000| Complete 
|  84|0x0000000085400000, 0x0000000085500000, 0x0000000085500000|100%| O|  |TAMS 0x0000000085500000, 0x0000000085400000| Untracked 
|  85|0x0000000085500000, 0x0000000085600000, 0x0000000085600000|100%| O|  |TAMS 0x0000000085600000, 0x0000000085500000| Untracked 
|  86|0x0000000085600000, 0x0000000085700000, 0x0000000085700000|100%| O|  |TAMS 0x0000000085700000, 0x0000000085600000| Untracked 
|  87|0x0000000085700000, 0x0000000085800000, 0x0000000085800000|100%| O|  |TAMS 0x0000000085800000, 0x0000000085700000| Untracked 
|  88|0x0000000085800000, 0x0000000085900000, 0x0000000085900000|100%| O|  |TAMS 0x0000000085900000, 0x0000000085800000| Untracked 
|  89|0x0000000085900000, 0x0000000085a00000, 0x0000000085a00000|100%| O|  |TAMS 0x0000000085a00000, 0x0000000085900000| Untracked 
|  90|0x0000000085a00000, 0x0000000085b00000, 0x0000000085b00000|100%| O|  |TAMS 0x0000000085b00000, 0x0000000085a00000| Untracked 
|  91|0x0000000085b00000, 0x0000000085c00000, 0x0000000085c00000|100%| O|  |TAMS 0x0000000085c00000, 0x0000000085b00000| Untracked 
|  92|0x0000000085c00000, 0x0000000085d00000, 0x0000000085d00000|100%| O|  |TAMS 0x0000000085d00000, 0x0000000085c00000| Untracked 
|  93|0x0000000085d00000, 0x0000000085e00000, 0x0000000085e00000|100%| O|  |TAMS 0x0000000085e00000, 0x0000000085d00000| Untracked 
|  94|0x0000000085e00000, 0x0000000085f00000, 0x0000000085f00000|100%| O|  |TAMS 0x0000000085f00000, 0x0000000085e00000| Untracked 
|  95|0x0000000085f00000, 0x0000000086000000, 0x0000000086000000|100%| O|  |TAMS 0x0000000086000000, 0x0000000085f00000| Untracked 
|  96|0x0000000086000000, 0x0000000086100000, 0x0000000086100000|100%| O|  |TAMS 0x0000000086100000, 0x0000000086000000| Untracked 
|  97|0x0000000086100000, 0x0000000086200000, 0x0000000086200000|100%| O|  |TAMS 0x0000000086200000, 0x0000000086100000| Untracked 
|  98|0x0000000086200000, 0x0000000086300000, 0x0000000086300000|100%| O|  |TAMS 0x00000000862a7e00, 0x0000000086200000| Untracked 
|  99|0x0000000086300000, 0x0000000086400000, 0x0000000086400000|100%| O|  |TAMS 0x0000000086300000, 0x0000000086300000| Untracked 
| 100|0x0000000086400000, 0x0000000086500000, 0x0000000086500000|100%| O|  |TAMS 0x0000000086400000, 0x0000000086400000| Untracked 
| 101|0x0000000086500000, 0x0000000086600000, 0x0000000086600000|100%| O|  |TAMS 0x0000000086500000, 0x0000000086500000| Untracked 
| 102|0x0000000086600000, 0x00000000866b8a00, 0x0000000086700000| 72%| O|  |TAMS 0x0000000086600000, 0x0000000086600000| Untracked 
| 103|0x0000000086700000, 0x0000000086700000, 0x0000000086800000|  0%| F|  |TAMS 0x0000000086700000, 0x0000000086700000| Untracked 
| 104|0x0000000086800000, 0x0000000086800000, 0x0000000086900000|  0%| F|  |TAMS 0x0000000086800000, 0x0000000086800000| Untracked 
| 105|0x0000000086900000, 0x0000000086900000, 0x0000000086a00000|  0%| F|  |TAMS 0x0000000086900000, 0x0000000086900000| Untracked 
| 106|0x0000000086a00000, 0x0000000086a00000, 0x0000000086b00000|  0%| F|  |TAMS 0x0000000086a00000, 0x0000000086a00000| Untracked 
| 107|0x0000000086b00000, 0x0000000086b00000, 0x0000000086c00000|  0%| F|  |TAMS 0x0000000086b00000, 0x0000000086b00000| Untracked 
| 108|0x0000000086c00000, 0x0000000086c00000, 0x0000000086d00000|  0%| F|  |TAMS 0x0000000086c00000, 0x0000000086c00000| Untracked 
| 109|0x0000000086d00000, 0x0000000086d00000, 0x0000000086e00000|  0%| F|  |TAMS 0x0000000086d00000, 0x0000000086d00000| Untracked 
| 110|0x0000000086e00000, 0x0000000086e00000, 0x0000000086f00000|  0%| F|  |TAMS 0x0000000086e00000, 0x0000000086e00000| Untracked 
| 111|0x0000000086f00000, 0x0000000086f00000, 0x0000000087000000|  0%| F|  |TAMS 0x0000000086f00000, 0x0000000086f00000| Untracked 
| 112|0x0000000087000000, 0x0000000087000000, 0x0000000087100000|  0%| F|  |TAMS 0x0000000087000000, 0x0000000087000000| Untracked 
| 113|0x0000000087100000, 0x0000000087100000, 0x0000000087200000|  0%| F|  |TAMS 0x0000000087100000, 0x0000000087100000| Untracked 
| 114|0x0000000087200000, 0x0000000087200000, 0x0000000087300000|  0%| F|  |TAMS 0x0000000087200000, 0x0000000087200000| Untracked 
| 115|0x0000000087300000, 0x0000000087300000, 0x0000000087400000|  0%| F|  |TAMS 0x0000000087300000, 0x0000000087300000| Untracked 
| 116|0x0000000087400000, 0x0000000087400000, 0x0000000087500000|  0%| F|  |TAMS 0x0000000087400000, 0x0000000087400000| Untracked 
| 117|0x0000000087500000, 0x0000000087500000, 0x0000000087600000|  0%| F|  |TAMS 0x0000000087500000, 0x0000000087500000| Untracked 
| 118|0x0000000087600000, 0x0000000087600000, 0x0000000087700000|  0%| F|  |TAMS 0x0000000087600000, 0x0000000087600000| Untracked 
| 119|0x0000000087700000, 0x0000000087700000, 0x0000000087800000|  0%| F|  |TAMS 0x0000000087700000, 0x0000000087700000| Untracked 
| 120|0x0000000087800000, 0x0000000087800000, 0x0000000087900000|  0%| F|  |TAMS 0x0000000087800000, 0x0000000087800000| Untracked 
| 121|0x0000000087900000, 0x0000000087900000, 0x0000000087a00000|  0%| F|  |TAMS 0x0000000087900000, 0x0000000087900000| Untracked 
| 122|0x0000000087a00000, 0x0000000087a00000, 0x0000000087b00000|  0%| F|  |TAMS 0x0000000087a00000, 0x0000000087a00000| Untracked 
| 123|0x0000000087b00000, 0x0000000087b00000, 0x0000000087c00000|  0%| F|  |TAMS 0x0000000087b00000, 0x0000000087b00000| Untracked 
| 124|0x0000000087c00000, 0x0000000087c00000, 0x0000000087d00000|  0%| F|  |TAMS 0x0000000087c00000, 0x0000000087c00000| Untracked 
| 125|0x0000000087d00000, 0x0000000087d00000, 0x0000000087e00000|  0%| F|  |TAMS 0x0000000087d00000, 0x0000000087d00000| Untracked 
| 126|0x0000000087e00000, 0x0000000087e00000, 0x0000000087f00000|  0%| F|  |TAMS 0x0000000087e00000, 0x0000000087e00000| Untracked 
| 127|0x0000000087f00000, 0x0000000087f00000, 0x0000000088000000|  0%| F|  |TAMS 0x0000000087f00000, 0x0000000087f00000| Untracked 
| 128|0x0000000088000000, 0x0000000088000000, 0x0000000088100000|  0%| F|  |TAMS 0x0000000088000000, 0x0000000088000000| Untracked 
| 129|0x0000000088100000, 0x0000000088100000, 0x0000000088200000|  0%| F|  |TAMS 0x0000000088100000, 0x0000000088100000| Untracked 
| 130|0x0000000088200000, 0x0000000088200000, 0x0000000088300000|  0%| F|  |TAMS 0x0000000088200000, 0x0000000088200000| Untracked 
| 131|0x0000000088300000, 0x0000000088300000, 0x0000000088400000|  0%| F|  |TAMS 0x0000000088300000, 0x0000000088300000| Untracked 
| 132|0x0000000088400000, 0x0000000088400000, 0x0000000088500000|  0%| F|  |TAMS 0x0000000088400000, 0x0000000088400000| Untracked 
| 133|0x0000000088500000, 0x0000000088500000, 0x0000000088600000|  0%| F|  |TAMS 0x0000000088500000, 0x0000000088500000| Untracked 
| 134|0x0000000088600000, 0x0000000088600000, 0x0000000088700000|  0%| F|  |TAMS 0x0000000088600000, 0x0000000088600000| Untracked 
| 135|0x0000000088700000, 0x0000000088700000, 0x0000000088800000|  0%| F|  |TAMS 0x0000000088700000, 0x0000000088700000| Untracked 
| 136|0x0000000088800000, 0x0000000088800000, 0x0000000088900000|  0%| F|  |TAMS 0x0000000088800000, 0x0000000088800000| Untracked 
| 137|0x0000000088900000, 0x0000000088900000, 0x0000000088a00000|  0%| F|  |TAMS 0x0000000088900000, 0x0000000088900000| Untracked 
| 138|0x0000000088a00000, 0x0000000088a00000, 0x0000000088b00000|  0%| F|  |TAMS 0x0000000088a00000, 0x0000000088a00000| Untracked 
| 139|0x0000000088b00000, 0x0000000088b00000, 0x0000000088c00000|  0%| F|  |TAMS 0x0000000088b00000, 0x0000000088b00000| Untracked 
| 140|0x0000000088c00000, 0x0000000088c00000, 0x0000000088d00000|  0%| F|  |TAMS 0x0000000088c00000, 0x0000000088c00000| Untracked 
| 141|0x0000000088d00000, 0x0000000088d00000, 0x0000000088e00000|  0%| F|  |TAMS 0x0000000088d00000, 0x0000000088d00000| Untracked 
| 142|0x0000000088e00000, 0x0000000088e00000, 0x0000000088f00000|  0%| F|  |TAMS 0x0000000088e00000, 0x0000000088e00000| Untracked 
| 143|0x0000000088f00000, 0x0000000088f00000, 0x0000000089000000|  0%| F|  |TAMS 0x0000000088f00000, 0x0000000088f00000| Untracked 
| 144|0x0000000089000000, 0x0000000089000000, 0x0000000089100000|  0%| F|  |TAMS 0x0000000089000000, 0x0000000089000000| Untracked 
| 145|0x0000000089100000, 0x0000000089100000, 0x0000000089200000|  0%| F|  |TAMS 0x0000000089100000, 0x0000000089100000| Untracked 
| 146|0x0000000089200000, 0x0000000089200000, 0x0000000089300000|  0%| F|  |TAMS 0x0000000089200000, 0x0000000089200000| Untracked 
| 147|0x0000000089300000, 0x0000000089300000, 0x0000000089400000|  0%| F|  |TAMS 0x0000000089300000, 0x0000000089300000| Untracked 
| 148|0x0000000089400000, 0x0000000089400000, 0x0000000089500000|  0%| F|  |TAMS 0x0000000089400000, 0x0000000089400000| Untracked 
| 149|0x0000000089500000, 0x0000000089500000, 0x0000000089600000|  0%| F|  |TAMS 0x0000000089500000, 0x0000000089500000| Untracked 
| 150|0x0000000089600000, 0x0000000089600000, 0x0000000089700000|  0%| F|  |TAMS 0x0000000089600000, 0x0000000089600000| Untracked 
| 151|0x0000000089700000, 0x0000000089700000, 0x0000000089800000|  0%| F|  |TAMS 0x0000000089700000, 0x0000000089700000| Untracked 
| 152|0x0000000089800000, 0x0000000089800000, 0x0000000089900000|  0%| F|  |TAMS 0x0000000089800000, 0x0000000089800000| Untracked 
| 153|0x0000000089900000, 0x0000000089900000, 0x0000000089a00000|  0%| F|  |TAMS 0x0000000089900000, 0x0000000089900000| Untracked 
| 154|0x0000000089a00000, 0x0000000089a00000, 0x0000000089b00000|  0%| F|  |TAMS 0x0000000089a00000, 0x0000000089a00000| Untracked 
| 155|0x0000000089b00000, 0x0000000089b00000, 0x0000000089c00000|  0%| F|  |TAMS 0x0000000089b00000, 0x0000000089b00000| Untracked 
| 156|0x0000000089c00000, 0x0000000089c00000, 0x0000000089d00000|  0%| F|  |TAMS 0x0000000089c00000, 0x0000000089c00000| Untracked 
| 157|0x0000000089d00000, 0x0000000089d00000, 0x0000000089e00000|  0%| F|  |TAMS 0x0000000089d00000, 0x0000000089d00000| Untracked 
| 158|0x0000000089e00000, 0x0000000089e00000, 0x0000000089f00000|  0%| F|  |TAMS 0x0000000089e00000, 0x0000000089e00000| Untracked 
| 159|0x0000000089f00000, 0x0000000089f00000, 0x000000008a000000|  0%| F|  |TAMS 0x0000000089f00000, 0x0000000089f00000| Untracked 
| 160|0x000000008a000000, 0x000000008a000000, 0x000000008a100000|  0%| F|  |TAMS 0x000000008a000000, 0x000000008a000000| Untracked 
| 161|0x000000008a100000, 0x000000008a100000, 0x000000008a200000|  0%| F|  |TAMS 0x000000008a100000, 0x000000008a100000| Untracked 
| 162|0x000000008a200000, 0x000000008a300000, 0x000000008a300000|100%| S|CS|TAMS 0x000000008a200000, 0x000000008a200000| Complete 
| 163|0x000000008a300000, 0x000000008a400000, 0x000000008a400000|100%| S|CS|TAMS 0x000000008a300000, 0x000000008a300000| Complete 
| 164|0x000000008a400000, 0x000000008a500000, 0x000000008a500000|100%| S|CS|TAMS 0x000000008a400000, 0x000000008a400000| Complete 
| 165|0x000000008a500000, 0x000000008a500000, 0x000000008a600000|  0%| F|  |TAMS 0x000000008a500000, 0x000000008a500000| Untracked 
| 166|0x000000008a600000, 0x000000008a600000, 0x000000008a700000|  0%| F|  |TAMS 0x000000008a600000, 0x000000008a600000| Untracked 
| 167|0x000000008a700000, 0x000000008a700000, 0x000000008a800000|  0%| F|  |TAMS 0x000000008a700000, 0x000000008a700000| Untracked 
| 168|0x000000008a800000, 0x000000008a800000, 0x000000008a900000|  0%| F|  |TAMS 0x000000008a800000, 0x000000008a800000| Untracked 
| 169|0x000000008a900000, 0x000000008a900000, 0x000000008aa00000|  0%| F|  |TAMS 0x000000008a900000, 0x000000008a900000| Untracked 
| 170|0x000000008aa00000, 0x000000008aa00000, 0x000000008ab00000|  0%| F|  |TAMS 0x000000008aa00000, 0x000000008aa00000| Untracked 
| 171|0x000000008ab00000, 0x000000008ab00000, 0x000000008ac00000|  0%| F|  |TAMS 0x000000008ab00000, 0x000000008ab00000| Untracked 
| 172|0x000000008ac00000, 0x000000008ac00000, 0x000000008ad00000|  0%| F|  |TAMS 0x000000008ac00000, 0x000000008ac00000| Untracked 
| 173|0x000000008ad00000, 0x000000008ad00000, 0x000000008ae00000|  0%| F|  |TAMS 0x000000008ad00000, 0x000000008ad00000| Untracked 
| 174|0x000000008ae00000, 0x000000008ae00000, 0x000000008af00000|  0%| F|  |TAMS 0x000000008ae00000, 0x000000008ae00000| Untracked 
| 175|0x000000008af00000, 0x000000008af00000, 0x000000008b000000|  0%| F|  |TAMS 0x000000008af00000, 0x000000008af00000| Untracked 
| 176|0x000000008b000000, 0x000000008b000000, 0x000000008b100000|  0%| F|  |TAMS 0x000000008b000000, 0x000000008b000000| Untracked 
| 177|0x000000008b100000, 0x000000008b100000, 0x000000008b200000|  0%| F|  |TAMS 0x000000008b100000, 0x000000008b100000| Untracked 
| 178|0x000000008b200000, 0x000000008b23c9b0, 0x000000008b300000| 23%| E|  |TAMS 0x000000008b200000, 0x000000008b200000| Complete 
| 179|0x000000008b300000, 0x000000008b400000, 0x000000008b400000|100%| E|CS|TAMS 0x000000008b300000, 0x000000008b300000| Complete 

Card table byte_map: [0x000001e24b1e0000,0x000001e24b5e0000] _byte_map_base: 0x000001e24ade0000

Marking Bits (Prev, Next): (CMBitMap*) 0x000001e23278e9d0, (CMBitMap*) 0x000001e23278e990
 Prev Bits: [0x000001e24d9e0000, 0x000001e24f9e0000)
 Next Bits: [0x000001e24b9e0000, 0x000001e24d9e0000)

Polling page: 0x000001e232810000

Metaspace:

Usage:
  Non-class:     69.93 MB used.
      Class:     11.36 MB used.
       Both:     81.29 MB used.

Virtual space:
  Non-class space:       72.00 MB reserved,      70.44 MB ( 98%) committed,  9 nodes.
      Class space:      412.00 MB reserved,      11.81 MB (  3%) committed,  1 nodes.
             Both:      484.00 MB reserved,      82.25 MB ( 17%) committed. 

Chunk freelists:
   Non-Class:  877.00 KB
       Class:  210.00 KB
        Both:  1.06 MB

MaxMetaspaceSize: 512.00 MB
CompressedClassSpaceSize: 412.00 MB
Initial GC threshold: 21.00 MB
Current GC threshold: 135.75 MB
CDS: on
MetaspaceReclaimPolicy: balanced
 - commit_granule_bytes: 65536.
 - commit_granule_words: 8192.
 - virtual_space_node_default_size: 1048576.
 - enlarge_chunks_in_place: 1.
 - new_chunks_are_fully_committed: 0.
 - uncommit_free_chunks: 1.
 - use_allocation_guard: 0.
 - handle_deallocations: 1.


Internal statistics:

num_allocs_failed_limit: 6.
num_arena_births: 1006.
num_arena_deaths: 0.
num_vsnodes_births: 10.
num_vsnodes_deaths: 0.
num_space_committed: 1316.
num_space_uncommitted: 0.
num_chunks_returned_to_freelist: 6.
num_chunks_taken_from_freelist: 4523.
num_chunk_merges: 6.
num_chunk_splits: 2986.
num_chunks_enlarged: 1961.
num_purges: 0.
num_inconsistent_stats: 0.

CodeHeap 'non-profiled nmethods': size=120000Kb used=5736Kb max_used=5813Kb free=114263Kb
 bounds [0x000001e243280000, 0x000001e243830000, 0x000001e24a7b0000]
CodeHeap 'profiled nmethods': size=120000Kb used=19246Kb max_used=19353Kb free=100753Kb
 bounds [0x000001e23bd50000, 0x000001e23d040000, 0x000001e243280000]
CodeHeap 'non-nmethods': size=5760Kb used=2418Kb max_used=2443Kb free=3341Kb
 bounds [0x000001e23b7b0000, 0x000001e23ba30000, 0x000001e23bd50000]
 total_blobs=10593 nmethods=9663 adapters=839
 compilation: enabled
              stopped_count=0, restarted_count=0
 full_count=0

Compilation events (20 events):
Event: 90.988 Thread 0x000001e251ffc3a0 11121       3       java.lang.Package::getName (5 bytes)
Event: 90.988 Thread 0x000001e251ffc3a0 nmethod 11121 0x000001e23cbce890 code [0x000001e23cbcea20, 0x000001e23cbcebd8]
Event: 90.990 Thread 0x000001e25a0563f0 nmethod 11104 0x000001e243614790 code [0x000001e243614960, 0x000001e243614d60]
Event: 90.990 Thread 0x000001e25a0563f0 11102       4       org.gradle.internal.instantiation.generator.AbstractClassGenerator$ClassMetadata::property (42 bytes)
Event: 90.991 Thread 0x000001e251ffc3a0 11122       3       org.gradle.internal.instantiation.generator.AsmBackedClassGenerator$ClassBuilderImpl::applyReadOnlyManagedStateToGetter (63 bytes)
Event: 90.992 Thread 0x000001e251ffc3a0 nmethod 11122 0x000001e23cbcc690 code [0x000001e23cbcc9e0, 0x000001e23cbce018]
Event: 90.992 Thread 0x000001e251ffc3a0 11125       3       org.gradle.internal.instantiation.generator.AsmBackedClassGenerator$ClassBuilderImpl::access$600 (4 bytes)
Event: 90.993 Thread 0x000001e251ffc3a0 nmethod 11125 0x000001e23bebbd10 code [0x000001e23bebbea0, 0x000001e23bebbf98]
Event: 90.993 Thread 0x000001e251ffc3a0 11123       3       java.lang.invoke.LambdaForm$MH/0x0000000801216800::linkToTargetMethod (13 bytes)
Event: 90.993 Thread 0x000001e251ffc3a0 nmethod 11123 0x000001e23cbcc010 code [0x000001e23cbcc1c0, 0x000001e23cbcc558]
Event: 90.993 Thread 0x000001e251ffc3a0 11124       3       java.lang.invoke.LambdaForm$DMH/0x0000000801216000::newInvokeSpecial (30 bytes)
Event: 90.993 Thread 0x000001e251ffc3a0 nmethod 11124 0x000001e23cbcb390 code [0x000001e23cbcb580, 0x000001e23cbcbc08]
Event: 90.994 Thread 0x000001e251ffc3a0 11126       1       java.util.Formatter$FixedString::index (3 bytes)
Event: 90.994 Thread 0x000001e251ffc3a0 nmethod 11126 0x000001e243614490 code [0x000001e243614620, 0x000001e2436146f8]
Event: 91.003 Thread 0x000001e251ffc3a0 11127       1       org.gradle.api.services.internal.DefaultBuildServicesRegistry::getRegistrations (5 bytes)
Event: 91.003 Thread 0x000001e251ffc3a0 nmethod 11127 0x000001e243614190 code [0x000001e243614320, 0x000001e2436143f8]
Event: 91.004 Thread 0x000001e251ffc3a0 11128       3       org.gradle.api.services.internal.DefaultBuildServicesRegistry$DefaultServiceRegistration_Decorated::getService (47 bytes)
Event: 91.005 Thread 0x000001e251ffc3a0 nmethod 11128 0x000001e23c1e5d90 code [0x000001e23c1e5fa0, 0x000001e23c1e6718]
Event: 91.005 Thread 0x000001e251ffc3a0 11129       3       org.gradle.api.internal.project.DefaultProject::getGradle (5 bytes)
Event: 91.005 Thread 0x000001e251ffc3a0 nmethod 11129 0x000001e23c1e5990 code [0x000001e23c1e5b20, 0x000001e23c1e5cd8]

GC Heap History (20 events):
Event: 79.292 GC heap before
{Heap before GC invocations=35 (full 0):
 garbage-first heap   total 114688K, used 83035K [0x0000000080000000, 0x0000000100000000)
  region size 1024K, 18 young (18432K), 1 survivors (1024K)
 Metaspace       used 66492K, committed 67200K, reserved 487424K
  class space    used 9207K, committed 9536K, reserved 421888K
}
Event: 79.295 GC heap after
{Heap after GC invocations=36 (full 0):
 garbage-first heap   total 114688K, used 66447K [0x0000000080000000, 0x0000000100000000)
  region size 1024K, 2 young (2048K), 2 survivors (2048K)
 Metaspace       used 66492K, committed 67200K, reserved 487424K
  class space    used 9207K, committed 9536K, reserved 421888K
}
Event: 79.800 GC heap before
{Heap before GC invocations=36 (full 0):
 garbage-first heap   total 114688K, used 86927K [0x0000000080000000, 0x0000000100000000)
  region size 1024K, 23 young (23552K), 2 survivors (2048K)
 Metaspace       used 69144K, committed 69824K, reserved 487424K
  class space    used 9519K, committed 9856K, reserved 421888K
}
Event: 79.803 GC heap after
{Heap after GC invocations=37 (full 0):
 garbage-first heap   total 114688K, used 68948K [0x0000000080000000, 0x0000000100000000)
  region size 1024K, 3 young (3072K), 3 survivors (3072K)
 Metaspace       used 69144K, committed 69824K, reserved 487424K
  class space    used 9519K, committed 9856K, reserved 421888K
}
Event: 80.254 GC heap before
{Heap before GC invocations=38 (full 0):
 garbage-first heap   total 126976K, used 88404K [0x0000000080000000, 0x0000000100000000)
  region size 1024K, 23 young (23552K), 3 survivors (3072K)
 Metaspace       used 70904K, committed 71616K, reserved 487424K
  class space    used 9712K, committed 10048K, reserved 421888K
}
Event: 80.259 GC heap after
{Heap after GC invocations=39 (full 0):
 garbage-first heap   total 126976K, used 70798K [0x0000000080000000, 0x0000000100000000)
  region size 1024K, 2 young (2048K), 2 survivors (2048K)
 Metaspace       used 70904K, committed 71616K, reserved 487424K
  class space    used 9712K, committed 10048K, reserved 421888K
}
Event: 81.074 GC heap before
{Heap before GC invocations=40 (full 0):
 garbage-first heap   total 126976K, used 99470K [0x0000000080000000, 0x0000000100000000)
  region size 1024K, 29 young (29696K), 2 survivors (2048K)
 Metaspace       used 71845K, committed 72576K, reserved 487424K
  class space    used 9859K, committed 10240K, reserved 421888K
}
Event: 81.081 GC heap after
{Heap after GC invocations=41 (full 0):
 garbage-first heap   total 152576K, used 73229K [0x0000000080000000, 0x0000000100000000)
  region size 1024K, 4 young (4096K), 4 survivors (4096K)
 Metaspace       used 71845K, committed 72576K, reserved 487424K
  class space    used 9859K, committed 10240K, reserved 421888K
}
Event: 86.216 GC heap before
{Heap before GC invocations=41 (full 0):
 garbage-first heap   total 152576K, used 116237K [0x0000000080000000, 0x0000000100000000)
  region size 1024K, 46 young (47104K), 4 survivors (4096K)
 Metaspace       used 73499K, committed 74304K, reserved 487424K
  class space    used 10103K, committed 10496K, reserved 421888K
}
Event: 86.224 GC heap after
{Heap after GC invocations=42 (full 0):
 garbage-first heap   total 152576K, used 77426K [0x0000000080000000, 0x0000000100000000)
  region size 1024K, 6 young (6144K), 6 survivors (6144K)
 Metaspace       used 73499K, committed 74304K, reserved 487424K
  class space    used 10103K, committed 10496K, reserved 421888K
}
Event: 87.393 GC heap before
{Heap before GC invocations=43 (full 0):
 garbage-first heap   total 152576K, used 119410K [0x0000000080000000, 0x0000000100000000)
  region size 1024K, 47 young (48128K), 6 survivors (6144K)
 Metaspace       used 77621K, committed 78400K, reserved 495616K
  class space    used 10854K, committed 11264K, reserved 421888K
}
Event: 87.404 GC heap after
{Heap after GC invocations=44 (full 0):
 garbage-first heap   total 152576K, used 81196K [0x0000000080000000, 0x0000000100000000)
  region size 1024K, 4 young (4096K), 4 survivors (4096K)
 Metaspace       used 77621K, committed 78400K, reserved 495616K
  class space    used 10854K, committed 11264K, reserved 421888K
}
Event: 88.086 GC heap before
{Heap before GC invocations=44 (full 0):
 garbage-first heap   total 152576K, used 121132K [0x0000000080000000, 0x0000000100000000)
  region size 1024K, 43 young (44032K), 4 survivors (4096K)
 Metaspace       used 79079K, committed 79936K, reserved 495616K
  class space    used 11060K, committed 11456K, reserved 421888K
}
Event: 88.095 GC heap after
{Heap after GC invocations=45 (full 0):
 garbage-first heap   total 152576K, used 86508K [0x0000000080000000, 0x0000000100000000)
  region size 1024K, 6 young (6144K), 6 survivors (6144K)
 Metaspace       used 79079K, committed 79936K, reserved 495616K
  class space    used 11060K, committed 11456K, reserved 421888K
}
Event: 89.868 GC heap before
{Heap before GC invocations=46 (full 0):
 garbage-first heap   total 152576K, used 126444K [0x0000000080000000, 0x0000000100000000)
  region size 1024K, 41 young (41984K), 6 survivors (6144K)
 Metaspace       used 80143K, committed 81024K, reserved 495616K
  class space    used 11223K, committed 11648K, reserved 421888K
}
Event: 89.887 GC heap after
{Heap after GC invocations=47 (full 0):
 garbage-first heap   total 152576K, used 99906K [0x0000000080000000, 0x0000000100000000)
  region size 1024K, 6 young (6144K), 6 survivors (6144K)
 Metaspace       used 80143K, committed 81024K, reserved 495616K
  class space    used 11223K, committed 11648K, reserved 421888K
}
Event: 89.947 GC heap before
{Heap before GC invocations=47 (full 0):
 garbage-first heap   total 152576K, used 100930K [0x0000000080000000, 0x0000000100000000)
  region size 1024K, 7 young (7168K), 6 survivors (6144K)
 Metaspace       used 80158K, committed 81024K, reserved 495616K
  class space    used 11224K, committed 11648K, reserved 421888K
}
Event: 89.956 GC heap after
{Heap after GC invocations=48 (full 0):
 garbage-first heap   total 152576K, used 101023K [0x0000000080000000, 0x0000000100000000)
  region size 1024K, 1 young (1024K), 1 survivors (1024K)
 Metaspace       used 80158K, committed 81024K, reserved 495616K
  class space    used 11224K, committed 11648K, reserved 421888K
}
Event: 90.574 GC heap before
{Heap before GC invocations=48 (full 0):
 garbage-first heap   total 152576K, used 124575K [0x0000000080000000, 0x0000000100000000)
  region size 1024K, 24 young (24576K), 1 survivors (1024K)
 Metaspace       used 82157K, committed 83136K, reserved 495616K
  class space    used 11482K, committed 11968K, reserved 421888K
}
Event: 90.578 GC heap after
{Heap after GC invocations=49 (full 0):
 garbage-first heap   total 152576K, used 103671K [0x0000000080000000, 0x0000000100000000)
  region size 1024K, 3 young (3072K), 3 survivors (3072K)
 Metaspace       used 82157K, committed 83136K, reserved 495616K
  class space    used 11482K, committed 11968K, reserved 421888K
}

Deoptimization events (20 events):
Event: 90.896 Thread 0x000001e252cb4530 Uncommon trap: trap_request=0xfffffff4 fr.pc=0x000001e2437b797c relative=0x00000000000000dc
Event: 90.896 Thread 0x000001e252cb4530 Uncommon trap: reason=null_check action=make_not_entrant pc=0x000001e2437b797c method=org.gradle.tooling.internal.provider.runner.ClientBuildEventGenerator$Disabled.accept(Lorg/gradle/internal/operations/BuildOperationDescriptor;)Lorg/gradle/tooling/inter
Event: 90.896 Thread 0x000001e252cb4530 DEOPT PACKING pc=0x000001e2437b797c sp=0x000000babd8f9d90
Event: 90.896 Thread 0x000001e252cb4530 DEOPT UNPACKING pc=0x000001e23b8023a3 sp=0x000000babd8f9d28 mode 2
Event: 90.903 Thread 0x000001e252cb4530 Uncommon trap: trap_request=0xffffff45 fr.pc=0x000001e24330a36c relative=0x0000000000000b6c
Event: 90.903 Thread 0x000001e252cb4530 Uncommon trap: reason=unstable_if action=reinterpret pc=0x000001e24330a36c method=com.esotericsoftware.kryo.io.Input.readString()Ljava/lang/String; @ 28 c2
Event: 90.903 Thread 0x000001e252cb4530 DEOPT PACKING pc=0x000001e24330a36c sp=0x000000babd8f8aa0
Event: 90.903 Thread 0x000001e252cb4530 DEOPT UNPACKING pc=0x000001e23b8023a3 sp=0x000000babd8f8a78 mode 2
Event: 90.905 Thread 0x000001e252cb4530 Uncommon trap: trap_request=0xffffff45 fr.pc=0x000001e2434dcb94 relative=0x00000000000001d4
Event: 90.905 Thread 0x000001e252cb4530 Uncommon trap: reason=unstable_if action=reinterpret pc=0x000001e2434dcb94 method=com.esotericsoftware.kryo.io.Input.readVarInt(Z)I @ 42 c2
Event: 90.905 Thread 0x000001e252cb4530 DEOPT PACKING pc=0x000001e2434dcb94 sp=0x000000babd8f88d0
Event: 90.905 Thread 0x000001e252cb4530 DEOPT UNPACKING pc=0x000001e23b8023a3 sp=0x000000babd8f8878 mode 2
Event: 90.909 Thread 0x000001e252cb4530 Uncommon trap: trap_request=0xffffff45 fr.pc=0x000001e243566dc4 relative=0x00000000000001a4
Event: 90.909 Thread 0x000001e252cb4530 Uncommon trap: reason=unstable_if action=reinterpret pc=0x000001e243566dc4 method=com.esotericsoftware.kryo.io.Input.require(I)I @ 65 c2
Event: 90.909 Thread 0x000001e252cb4530 DEOPT PACKING pc=0x000001e243566dc4 sp=0x000000babd8f8990
Event: 90.909 Thread 0x000001e252cb4530 DEOPT UNPACKING pc=0x000001e23b8023a3 sp=0x000000babd8f8940 mode 2
Event: 90.919 Thread 0x000001e252cb4530 Uncommon trap: trap_request=0xffffff45 fr.pc=0x000001e243645bf0 relative=0x0000000000000070
Event: 90.919 Thread 0x000001e252cb4530 Uncommon trap: reason=unstable_if action=reinterpret pc=0x000001e243645bf0 method=com.google.common.cache.LocalCache.isExpired(Lcom/google/common/cache/ReferenceEntry;J)Z @ 9 c2
Event: 90.919 Thread 0x000001e252cb4530 DEOPT PACKING pc=0x000001e243645bf0 sp=0x000000babd8f8c20
Event: 90.919 Thread 0x000001e252cb4530 DEOPT UNPACKING pc=0x000001e23b8023a3 sp=0x000000babd8f8bb0 mode 2

Classes unloaded (0 events):
No events

Classes redefined (0 events):
No events

Internal exceptions (20 events):
Event: 90.384 Thread 0x000001e252cb4530 Exception <a 'java/lang/ClassNotFoundException'{0x0000000088410478}: com/android/build/gradle/internal/dsl/PackagingOptions$AgpDecorated_DecoratedCustomizer> (0x0000000088410478) 
thrown [t:\workspace\open\src\hotspot\share\classfile\systemDictionary.cpp, line 256]
Event: 90.392 Thread 0x000001e252cb4530 Exception <a 'java/lang/ClassNotFoundException'{0x00000000884829c0}: org/jetbrains/kotlin/gradle/plugin/sources/DefaultKotlinSourceSetBeanInfo> (0x00000000884829c0) 
thrown [t:\workspace\open\src\hotspot\share\classfile\systemDictionary.cpp, line 256]
Event: 90.393 Thread 0x000001e252cb4530 Exception <a 'java/lang/ClassNotFoundException'{0x0000000088493d58}: org/jetbrains/kotlin/gradle/plugin/sources/DefaultKotlinSourceSetCustomizer> (0x0000000088493d58) 
thrown [t:\workspace\open\src\hotspot\share\classfile\systemDictionary.cpp, line 256]
Event: 90.534 Thread 0x000001e252cb4530 Exception <a 'java/lang/NoClassDefFoundError'{0x0000000087e1a8b0}: org/jetbrains/kotlin/gradle/plugin/KotlinBasePluginWrapper> (0x0000000087e1a8b0) 
thrown [t:\workspace\open\src\hotspot\share\oops\constantPool.cpp, line 835]
Event: 90.642 Thread 0x000001e252cb4530 Exception <a 'java/lang/ClassNotFoundException'{0x0000000089260f88}: build_357fzu5rpqzghe9xr0ckord3oBeanInfo> (0x0000000089260f88) 
thrown [t:\workspace\open\src\hotspot\share\classfile\systemDictionary.cpp, line 256]
Event: 90.642 Thread 0x000001e252cb4530 Exception <a 'java/lang/ClassNotFoundException'{0x0000000089267808}: build_357fzu5rpqzghe9xr0ckord3oCustomizer> (0x0000000089267808) 
thrown [t:\workspace\open\src\hotspot\share\classfile\systemDictionary.cpp, line 256]
Event: 90.675 Thread 0x000001e252cb4530 Exception <a 'java/lang/ClassNotFoundException'{0x00000000891060f0}: build_357fzu5rpqzghe9xr0ckord3oBeanInfo> (0x00000000891060f0) 
thrown [t:\workspace\open\src\hotspot\share\classfile\systemDictionary.cpp, line 256]
Event: 90.675 Thread 0x000001e252cb4530 Exception <a 'java/lang/ClassNotFoundException'{0x000000008910c910}: build_357fzu5rpqzghe9xr0ckord3oCustomizer> (0x000000008910c910) 
thrown [t:\workspace\open\src\hotspot\share\classfile\systemDictionary.cpp, line 256]
Event: 90.692 Thread 0x000001e252cb4530 Exception <a 'java/lang/ClassNotFoundException'{0x000000008900d0c0}: build_357fzu5rpqzghe9xr0ckord3o$_run_closure1BeanInfo> (0x000000008900d0c0) 
thrown [t:\workspace\open\src\hotspot\share\classfile\systemDictionary.cpp, line 256]
Event: 90.692 Thread 0x000001e252cb4530 Exception <a 'java/lang/ClassNotFoundException'{0x0000000089015d98}: build_357fzu5rpqzghe9xr0ckord3o$_run_closure1Customizer> (0x0000000089015d98) 
thrown [t:\workspace\open\src\hotspot\share\classfile\systemDictionary.cpp, line 256]
Event: 90.741 Thread 0x000001e252cb4530 Exception <a 'java/lang/NoClassDefFoundError'{0x000000008b3094a0}: org/jetbrains/kotlin/gradle/plugin/KotlinBasePluginWrapper> (0x000000008b3094a0) 
thrown [t:\workspace\open\src\hotspot\share\oops\constantPool.cpp, line 835]
Event: 90.804 Thread 0x000001e252cb4530 Exception <a 'java/lang/ClassNotFoundException'{0x000000008b3c9680}: build_5xbtk82an6v17mcq26iwfdhqvBeanInfo> (0x000000008b3c9680) 
thrown [t:\workspace\open\src\hotspot\share\classfile\systemDictionary.cpp, line 256]
Event: 90.805 Thread 0x000001e252cb4530 Exception <a 'java/lang/ClassNotFoundException'{0x000000008b3cff00}: build_5xbtk82an6v17mcq26iwfdhqvCustomizer> (0x000000008b3cff00) 
thrown [t:\workspace\open\src\hotspot\share\classfile\systemDictionary.cpp, line 256]
Event: 90.834 Thread 0x000001e252cb4530 Exception <a 'java/lang/ClassNotFoundException'{0x000000008b26a098}: build_5xbtk82an6v17mcq26iwfdhqvBeanInfo> (0x000000008b26a098) 
thrown [t:\workspace\open\src\hotspot\share\classfile\systemDictionary.cpp, line 256]
Event: 90.834 Thread 0x000001e252cb4530 Exception <a 'java/lang/ClassNotFoundException'{0x000000008b2708b8}: build_5xbtk82an6v17mcq26iwfdhqvCustomizer> (0x000000008b2708b8) 
thrown [t:\workspace\open\src\hotspot\share\classfile\systemDictionary.cpp, line 256]
Event: 90.851 Thread 0x000001e252cb4530 Exception <a 'java/lang/ClassNotFoundException'{0x000000008b1862b0}: build_5xbtk82an6v17mcq26iwfdhqv$_run_closure1BeanInfo> (0x000000008b1862b0) 
thrown [t:\workspace\open\src\hotspot\share\classfile\systemDictionary.cpp, line 256]
Event: 90.851 Thread 0x000001e252cb4530 Exception <a 'java/lang/ClassNotFoundException'{0x000000008b18ef88}: build_5xbtk82an6v17mcq26iwfdhqv$_run_closure1Customizer> (0x000000008b18ef88) 
thrown [t:\workspace\open\src\hotspot\share\classfile\systemDictionary.cpp, line 256]
Event: 90.891 Thread 0x000001e252cb4530 Exception <a 'java/lang/NoClassDefFoundError'{0x000000008af890c8}: org/jetbrains/kotlin/gradle/plugin/KotlinBasePluginWrapper> (0x000000008af890c8) 
thrown [t:\workspace\open\src\hotspot\share\oops\constantPool.cpp, line 835]
Event: 90.896 Thread 0x000001e252cb4530 Implicit null exception at 0x000001e24354b685 to 0x000001e24354bd24
Event: 90.896 Thread 0x000001e252cb4530 Implicit null exception at 0x000001e2437b78db to 0x000001e2437b7970

VM Operations (20 events):
Event: 88.403 Executing VM operation: HandshakeAllThreads
Event: 88.404 Executing VM operation: HandshakeAllThreads done
Event: 88.429 Executing VM operation: HandshakeAllThreads
Event: 88.429 Executing VM operation: HandshakeAllThreads done
Event: 88.491 Executing VM operation: ICBufferFull
Event: 88.491 Executing VM operation: ICBufferFull done
Event: 88.839 Executing VM operation: ICBufferFull
Event: 88.839 Executing VM operation: ICBufferFull done
Event: 89.849 Executing VM operation: Cleanup
Event: 89.849 Executing VM operation: Cleanup done
Event: 89.868 Executing VM operation: G1CollectForAllocation
Event: 89.887 Executing VM operation: G1CollectForAllocation done
Event: 89.947 Executing VM operation: G1CollectForAllocation
Event: 89.956 Executing VM operation: G1CollectForAllocation done
Event: 90.573 Executing VM operation: G1CollectForAllocation
Event: 90.578 Executing VM operation: G1CollectForAllocation done
Event: 90.717 Executing VM operation: G1Concurrent
Event: 90.722 Executing VM operation: G1Concurrent done
Event: 90.788 Executing VM operation: G1Concurrent
Event: 90.789 Executing VM operation: G1Concurrent done

Events (20 events):
Event: 88.440 Thread 0x000001e25200dc00 flushing nmethod 0x000001e23ccc9b90
Event: 88.440 Thread 0x000001e25200dc00 flushing nmethod 0x000001e23ccca210
Event: 88.440 Thread 0x000001e25200dc00 flushing nmethod 0x000001e23ccd3110
Event: 88.440 Thread 0x000001e25200dc00 flushing nmethod 0x000001e23cceb610
Event: 88.440 Thread 0x000001e25200dc00 flushing nmethod 0x000001e23cd13810
Event: 88.440 Thread 0x000001e25200dc00 flushing nmethod 0x000001e23cd75190
Event: 88.440 Thread 0x000001e25200dc00 flushing nmethod 0x000001e23cd76410
Event: 88.440 Thread 0x000001e25200dc00 flushing nmethod 0x000001e23cd9a610
Event: 88.440 Thread 0x000001e25200dc00 flushing nmethod 0x000001e23cd9d490
Event: 88.440 Thread 0x000001e25200dc00 flushing nmethod 0x000001e23cdcc690
Event: 88.440 Thread 0x000001e25200dc00 flushing nmethod 0x000001e23cdcca90
Event: 88.441 Thread 0x000001e25200dc00 flushing nmethod 0x000001e23cdd4710
Event: 88.441 Thread 0x000001e25200dc00 flushing nmethod 0x000001e23cdd4c90
Event: 88.441 Thread 0x000001e25200dc00 flushing nmethod 0x000001e23cdd5310
Event: 88.441 Thread 0x000001e25200dc00 flushing nmethod 0x000001e23cdebe90
Event: 88.441 Thread 0x000001e25200dc00 flushing nmethod 0x000001e23cded390
Event: 88.441 Thread 0x000001e25200dc00 flushing nmethod 0x000001e23ce5b190
Event: 88.441 Thread 0x000001e25200dc00 flushing nmethod 0x000001e23cf36610
Event: 89.267 Thread 0x000001e25a0554c0 Thread exited: 0x000001e25a0554c0
Event: 90.365 Thread 0x000001e25a0563f0 Thread added: 0x000001e25a0563f0


Dynamic libraries:
0x00007ff7e6000000 - 0x00007ff7e6010000 	C:\Program Files\Java\jdk-17.0.3.1\bin\java.exe
0x00007ffeb4df0000 - 0x00007ffeb4fe5000 	C:\Windows\SYSTEM32\ntdll.dll
0x00007ffeb35d0000 - 0x00007ffeb368d000 	C:\Windows\System32\KERNEL32.DLL
0x00007ffeb2810000 - 0x00007ffeb2ad8000 	C:\Windows\System32\KERNELBASE.dll
0x00007ffeb2670000 - 0x00007ffeb2770000 	C:\Windows\System32\ucrtbase.dll
0x00007ffe875b0000 - 0x00007ffe875c8000 	C:\Program Files\Java\jdk-17.0.3.1\bin\jli.dll
0x00007ffeb3c60000 - 0x00007ffeb3d0c000 	C:\Windows\System32\ADVAPI32.dll
0x00007ffeb44c0000 - 0x00007ffeb455e000 	C:\Windows\System32\msvcrt.dll
0x00007ffeb39a0000 - 0x00007ffeb3a3b000 	C:\Windows\System32\sechost.dll
0x00007ffeb33b0000 - 0x00007ffeb34db000 	C:\Windows\System32\RPCRT4.dll
0x00007ffeb47a0000 - 0x00007ffeb4940000 	C:\Windows\System32\USER32.dll
0x00007ffeb2ae0000 - 0x00007ffeb2b02000 	C:\Windows\System32\win32u.dll
0x00007ffeb3b50000 - 0x00007ffeb3b7a000 	C:\Windows\System32\GDI32.dll
0x00007ffeb2b10000 - 0x00007ffeb2c1b000 	C:\Windows\System32\gdi32full.dll
0x00007ffeb2770000 - 0x00007ffeb280d000 	C:\Windows\System32\msvcp_win.dll
0x00007ffe8bf90000 - 0x00007ffe8bfaa000 	C:\Program Files\Java\jdk-17.0.3.1\bin\VCRUNTIME140.dll
0x00007ffe9ed60000 - 0x00007ffe9effa000 	C:\Windows\WinSxS\amd64_microsoft.windows.common-controls_6595b64144ccf1df_6.0.19041.1052_none_60b8f8fd71f5e8cb\COMCTL32.dll
0x00007ffea5040000 - 0x00007ffea504a000 	C:\Windows\SYSTEM32\VERSION.dll
0x00007ffeb36b0000 - 0x00007ffeb36e0000 	C:\Windows\System32\IMM32.DLL
0x00007ffea1420000 - 0x00007ffea142c000 	C:\Program Files\Java\jdk-17.0.3.1\bin\vcruntime140_1.dll
0x00007ffe70a60000 - 0x00007ffe70aed000 	C:\Program Files\Java\jdk-17.0.3.1\bin\msvcp140.dll
0x00007ffe6fea0000 - 0x00007ffe70a60000 	C:\Program Files\Java\jdk-17.0.3.1\bin\server\jvm.dll
0x00007ffeb35c0000 - 0x00007ffeb35c8000 	C:\Windows\System32\PSAPI.DLL
0x00007ffea0d50000 - 0x00007ffea0d59000 	C:\Windows\SYSTEM32\WSOCK32.dll
0x00007ffeb3930000 - 0x00007ffeb399b000 	C:\Windows\System32\WS2_32.dll
0x00007ffea5050000 - 0x00007ffea5077000 	C:\Windows\SYSTEM32\WINMM.dll
0x00007ffeafe50000 - 0x00007ffeafe62000 	C:\Windows\SYSTEM32\kernel.appcore.dll
0x00007ffea0c10000 - 0x00007ffea0c1a000 	C:\Program Files\Java\jdk-17.0.3.1\bin\jimage.dll
0x00007ffeb1e60000 - 0x00007ffeb2044000 	C:\Windows\SYSTEM32\DBGHELP.DLL
0x00007ffeb1c90000 - 0x00007ffeb1cbc000 	C:\Windows\SYSTEM32\dbgcore.DLL
0x00007ffeb2530000 - 0x00007ffeb25b3000 	C:\Windows\System32\bcryptPrimitives.dll
0x00007ffe755b0000 - 0x00007ffe755d5000 	C:\Program Files\Java\jdk-17.0.3.1\bin\java.dll
0x00007ffe6fdc0000 - 0x00007ffe6fe96000 	C:\Program Files\Java\jdk-17.0.3.1\bin\jsvml.dll
0x00007ffeb3d80000 - 0x00007ffeb44bf000 	C:\Windows\System32\SHELL32.dll
0x00007ffeb0050000 - 0x00007ffeb07e0000 	C:\Windows\SYSTEM32\windows.storage.dll
0x00007ffeb3050000 - 0x00007ffeb33a5000 	C:\Windows\System32\combase.dll
0x00007ffeb1850000 - 0x00007ffeb187c000 	C:\Windows\SYSTEM32\Wldp.dll
0x00007ffeb3a40000 - 0x00007ffeb3aee000 	C:\Windows\System32\SHCORE.dll
0x00007ffeb3af0000 - 0x00007ffeb3b45000 	C:\Windows\System32\shlwapi.dll
0x00007ffeb2470000 - 0x00007ffeb248f000 	C:\Windows\SYSTEM32\profapi.dll
0x00007ffe6fda0000 - 0x00007ffe6fdb9000 	C:\Program Files\Java\jdk-17.0.3.1\bin\net.dll
0x00007ffea9c20000 - 0x00007ffea9d2b000 	C:\Windows\SYSTEM32\WINHTTP.dll
0x00007ffeb16e0000 - 0x00007ffeb174a000 	C:\Windows\system32\mswsock.dll
0x00007ffe6fd80000 - 0x00007ffe6fd96000 	C:\Program Files\Java\jdk-17.0.3.1\bin\nio.dll
0x00007ffe6fd60000 - 0x00007ffe6fd78000 	C:\Program Files\Java\jdk-17.0.3.1\bin\zip.dll
0x00007ffea0730000 - 0x00007ffea0740000 	C:\Program Files\Java\jdk-17.0.3.1\bin\verify.dll
0x00007ffe98660000 - 0x00007ffe98687000 	D:\Gradle\gradle-7.5.1\bin\native\e1d6ef7f7dcc3fd88c89a11ec53ec762bb8ba0a96d01ffa2cd45eb1d1d8dd5c5\windows-amd64\native-platform.dll
0x00007ffe91280000 - 0x00007ffe913c4000 	D:\Gradle\gradle-7.5.1\bin\native\0d407fdbe67a94daf76414ababcb853783967236a71b16ec16e742cd7a986fd3\windows-amd64\native-platform-file-events.dll
0x00007ffe9f310000 - 0x00007ffe9f319000 	C:\Program Files\Java\jdk-17.0.3.1\bin\management.dll
0x00007ffe9e720000 - 0x00007ffe9e72b000 	C:\Program Files\Java\jdk-17.0.3.1\bin\management_ext.dll
0x00007ffeb21f0000 - 0x00007ffeb2208000 	C:\Windows\SYSTEM32\CRYPTSP.dll
0x00007ffeb0f70000 - 0x00007ffeb0fa4000 	C:\Windows\system32\rsaenh.dll
0x00007ffeb2e30000 - 0x00007ffeb2e57000 	C:\Windows\System32\bcrypt.dll
0x00007ffeb23f0000 - 0x00007ffeb241e000 	C:\Windows\SYSTEM32\USERENV.dll
0x00007ffeb1680000 - 0x00007ffeb168c000 	C:\Windows\SYSTEM32\CRYPTBASE.dll
0x00007ffeb12a0000 - 0x00007ffeb12db000 	C:\Windows\SYSTEM32\IPHLPAPI.DLL
0x00007ffeb3d70000 - 0x00007ffeb3d78000 	C:\Windows\System32\NSI.dll
0x00007ffeabb60000 - 0x00007ffeabb77000 	C:\Windows\SYSTEM32\dhcpcsvc6.DLL
0x00007ffeac1e0000 - 0x00007ffeac1fd000 	C:\Windows\SYSTEM32\dhcpcsvc.DLL
0x00007ffeb12e0000 - 0x00007ffeb13ac000 	C:\Windows\SYSTEM32\DNSAPI.dll
0x00007ffea2df0000 - 0x00007ffea2dfe000 	C:\Program Files\Java\jdk-17.0.3.1\bin\sunmscapi.dll
0x00007ffeb2c20000 - 0x00007ffeb2d7f000 	C:\Windows\System32\CRYPT32.dll
0x00007ffeb1b60000 - 0x00007ffeb1b87000 	C:\Windows\SYSTEM32\ncrypt.dll
0x00007ffeb1880000 - 0x00007ffeb18bb000 	C:\Windows\SYSTEM32\NTASN1.dll
0x00007ffea2c30000 - 0x00007ffea2c37000 	C:\Windows\system32\wshunix.dll

dbghelp: loaded successfully - version: 4.0.5 - missing functions: none
symbol engine: initialized successfully - sym options: 0x614 - pdb path: .;C:\Program Files\Java\jdk-17.0.3.1\bin;C:\Windows\SYSTEM32;C:\Windows\WinSxS\amd64_microsoft.windows.common-controls_6595b64144ccf1df_6.0.19041.1052_none_60b8f8fd71f5e8cb;C:\Program Files\Java\jdk-17.0.3.1\bin\server;D:\Gradle\gradle-7.5.1\bin\native\e1d6ef7f7dcc3fd88c89a11ec53ec762bb8ba0a96d01ffa2cd45eb1d1d8dd5c5\windows-amd64;D:\Gradle\gradle-7.5.1\bin\native\0d407fdbe67a94daf76414ababcb853783967236a71b16ec16e742cd7a986fd3\windows-amd64

VM Arguments:
jvm_args: -XX:MaxMetaspaceSize=512m --add-opens=java.base/java.util=ALL-UNNAMED --add-opens=java.base/java.lang=ALL-UNNAMED --add-opens=java.base/java.lang.invoke=ALL-UNNAMED --add-opens=java.base/java.util=ALL-UNNAMED --add-opens=java.prefs/java.util.prefs=ALL-UNNAMED --add-opens=java.prefs/java.util.prefs=ALL-UNNAMED --add-opens=java.base/java.nio.charset=ALL-UNNAMED --add-opens=java.base/java.net=ALL-UNNAMED --add-opens=java.base/java.util.concurrent.atomic=ALL-UNNAMED -Xmx2048m -Dfile.encoding=windows-1252 -Duser.country=US -Duser.language=en -Duser.variant 
java_command: org.gradle.launcher.daemon.bootstrap.GradleDaemon 7.5.1
java_class_path (initial): D:\Gradle\gradle-7.5.1\bin\wrapper\dists\gradle-7.5.1-all\1ehga6e77gqps5uk2kc5kf1vc\gradle-7.5.1\lib\gradle-launcher-7.5.1.jar
Launcher Type: SUN_STANDARD

[Global flags]
     intx CICompilerCount                          = 3                                         {product} {ergonomic}
   size_t CompressedClassSpaceSize                 = 432013312                                 {product} {ergonomic}
     uint ConcGCThreads                            = 1                                         {product} {ergonomic}
     uint G1ConcRefinementThreads                  = 4                                         {product} {ergonomic}
   size_t G1HeapRegionSize                         = 1048576                                   {product} {ergonomic}
    uintx GCDrainStackTargetSize                   = 64                                        {product} {ergonomic}
   size_t InitialHeapSize                          = 134217728                                 {product} {ergonomic}
   size_t MarkStackSize                            = 4194304                                   {product} {ergonomic}
   size_t MaxHeapSize                              = 2147483648                                {product} {command line}
   size_t MaxMetaspaceSize                         = 536870912                                 {product} {command line}
   size_t MaxNewSize                               = 1287651328                                {product} {ergonomic}
   size_t MinHeapDeltaBytes                        = 1048576                                   {product} {ergonomic}
   size_t MinHeapSize                              = 8388608                                   {product} {ergonomic}
    uintx NonNMethodCodeHeapSize                   = 5832780                                {pd product} {ergonomic}
    uintx NonProfiledCodeHeapSize                  = 122912730                              {pd product} {ergonomic}
    uintx ProfiledCodeHeapSize                     = 122912730                              {pd product} {ergonomic}
    uintx ReservedCodeCacheSize                    = 251658240                              {pd product} {ergonomic}
     bool SegmentedCodeCache                       = true                                      {product} {ergonomic}
   size_t SoftMaxHeapSize                          = 2147483648                             {manageable} {ergonomic}
     bool UseCompressedClassPointers               = true                           {product lp64_product} {ergonomic}
     bool UseCompressedOops                        = true                           {product lp64_product} {ergonomic}
     bool UseG1GC                                  = true                                      {product} {ergonomic}
     bool UseLargePagesIndividualAllocation        = false                                  {pd product} {ergonomic}

Logging:
Log output configuration:
 #0: stdout all=warning uptime,level,tags
 #1: stderr all=off uptime,level,tags

Environment Variables:
CLASSPATH=E:\Android Dev\ReactNative\WhatsChat\android\\gradle\wrapper\gradle-wrapper.jar
PATH=E:\Android Dev\ReactNative\WhatsChat\android\node_modules\.bin;E:\Android Dev\ReactNative\WhatsChat\node_modules\.bin;E:\Android Dev\ReactNative\node_modules\.bin;E:\Android Dev\node_modules\.bin;E:\node_modules\.bin;C:\Program Files\nodejs;E:\Android Dev\ReactNative\WhatsChat\node_modules\.bin;E:\Android Dev\ReactNative\node_modules\.bin;E:\Android Dev\node_modules\.bin;E:\node_modules\.bin;C:\Program Files\nodejs\node_modules\npm\node_modules\@npmcli\run-script\lib\node-gyp-bin;C:\Program Files\Common Files\Oracle\Java\javapath;C:\ProgramData\Oracle\Java\javapath;C:\Windows\system32;C:\Windows;C:\Windows\System32\Wbem;C:\Windows\System32\WindowsPowerShell\v1.0\;C:\Windows\System32\OpenSSH\;C:\Program Files\Git\cmd;C:\Program Files\Bandizip\;D:\Gradle\gradle-7.5.1\bin;C:\Program Files\dotnet\;C:\Program Files\nodejs\;C:\Users\Sanay\AppData\Local\Microsoft\WindowsApps;C:\Users\Sanay\AppData\Local\Android\Sdk\platform-tools;C:\Flutter\flutter\bin;D:\Gradle\gradle-7.5.1\bin;C:\Users\Sanay\AppData\Local\Programs\Microsoft VS Code\bin;C:\Users\Sanay\AppData\Local\JetBrains\Toolbox\scripts;C:\Users\Sanay\AppData\Roaming\npm
USERNAME=Sanay
LANG=en_US.UTF-8
OS=Windows_NT
PROCESSOR_IDENTIFIER=Intel64 Family 6 Model 58 Stepping 9, GenuineIntel



---------------  S Y S T E M  ---------------

OS:
 Windows 10 , 64 bit Build 19041 (10.0.19041.1023)
OS uptime: 0 days 22:47 hours

CPU: total 4 (initial active 4) (4 cores per cpu, 1 threads per core) family 6 model 58 stepping 9 microcode 0x21, cx8, cmov, fxsr, mmx, sse, sse2, sse3, ssse3, sse4.1, sse4.2, popcnt, tsc, tscinvbit, avx, aes, erms, clmul, vzeroupper, clflush

Memory: 4k page, system-wide physical 8082M (3281M free)
TotalPageFile size 14738M (AvailPageFile size 9341M)
current process WorkingSet (physical memory assigned to process): 408M, peak: 408M
current process commit charge ("private bytes"): 458M, peak: 458M

vm_info: Java HotSpot(TM) 64-Bit Server VM (17.0.3.1+2-LTS-6) for windows-amd64 JRE (17.0.3.1+2-LTS-6), built on Apr 25 2022 22:04:21 by "mach5one" with MS VC++ 16.8 / 16.9 (VS2019)

END.
