#
# A fatal error has been detected by the Java Runtime Environment:
#
#  EXCEPTION_ACCESS_VIOLATION (0xc0000005) at pc=0x00007ffb71a11d63, pid=2236, tid=6728
#
# JRE version: OpenJDK Runtime Environment (11.0.10) (build 11.0.10+0-b96-7249189)
# Java VM: OpenJDK 64-Bit Server VM (11.0.10+0-b96-7249189, mixed mode, tiered, compressed oops, g1 gc, windows-amd64)
# Problematic frame:
# V  [jvm.dll+0x201d63]
#
# No core dump will be written. Minidumps are not enabled by default on client versions of Windows
#
# If you would like to submit a bug report, please visit:
#   https://bugreport.java.com/bugreport/crash.jsp
#

---------------  S U M M A R Y ------------

Command Line: -XX:MaxMetaspaceSize=512m --add-opens=java.base/java.util=ALL-UNNAMED --add-opens=java.base/java.lang=ALL-UNNAMED --add-opens=java.base/java.lang.invoke=ALL-UNNAMED --add-opens=java.base/java.util=ALL-UNNAMED --add-opens=java.prefs/java.util.prefs=ALL-UNNAMED --add-opens=java.prefs/java.util.prefs=ALL-UNNAMED --add-opens=java.base/java.nio.charset=ALL-UNNAMED --add-opens=java.base/java.net=ALL-UNNAMED --add-opens=java.base/java.util.concurrent.atomic=ALL-UNNAMED -Xmx2048m -Dfile.encoding=windows-1252 -Duser.country=US -Duser.language=en -Duser.variant org.gradle.launcher.daemon.bootstrap.GradleDaemon 7.5.1

Host: Intel(R) Core(TM) i5-3340 CPU @ 3.10GHz, 4 cores, 7G,  Windows 10 , 64 bit Build 19041 (10.0.19041.1023)
Time: Sun Nov  6 13:06:51 2022 India Standard Time elapsed time: 29.106741 seconds (0d 0h 0m 29s)

---------------  T H R E A D  ---------------

Current thread (0x000001e3d2869000):  JavaThread "C2 CompilerThread0" daemon [_thread_in_native, id=6728, stack(0x0000005eadf00000,0x0000005eae000000)]


Current CompileTask:
C2:  29106 6896       4       org.objectweb.asm.SymbolTable::addConstantUtf8Reference (101 bytes)

Stack: [0x0000005eadf00000,0x0000005eae000000],  sp=0x0000005eadffd820,  free space=1014k
Native frames: (J=compiled Java code, j=interpreted, Vv=VM code, C=native code)
V  [jvm.dll+0x201d63]
V  [jvm.dll+0x617564]
V  [jvm.dll+0x1fa6b4]
V  [jvm.dll+0x18354c]
V  [jvm.dll+0x208ee7]
V  [jvm.dll+0x207731]
V  [jvm.dll+0x6eb1cf]
V  [jvm.dll+0x6e3d45]
V  [jvm.dll+0x5ebe96]
C  [ucrtbase.dll+0x21bb2]
C  [KERNEL32.DLL+0x17034]
C  [ntdll.dll+0x52651]


siginfo: EXCEPTION_ACCESS_VIOLATION (0xc0000005), reading address 0x000001e38ba53570


Register to memory mapping:

RIP=0x00007ffb71a11d63 jvm.dll
RAX=0x000001e3d3a537d0 points into unknown readable memory: 0x000001e38ba53570 | 70 35 a5 8b e3 01 00 00
RBX=0x0000005eadffda90 is pointing into the stack for thread: 0x000001e3d2869000
RCX=0x0000000001300000 is an unknown value
RDX=0x000001e3dcfc4058 points into unknown readable memory: 0x0002000001300000 | 00 00 30 01 00 00 02 00
RSP=0x0000005eadffd820 is pointing into the stack for thread: 0x000001e3d2869000
RBP=0x0000000000000001 is an unknown value
RSI=0x000000000000011a is an unknown value
RDI=0x000001e38ba53570 is an unknown value
R8 =0x0000000000100000 is an unknown value
R9 =0x0 is NULL
R10=0x000001e3d9ef84d0 points into unknown readable memory: 0x01900004000d9f03 | 03 9f 0d 00 04 00 90 01
R11=0x000001e3dcfc4450 points into unknown readable memory: 0x0000000000000000 | 00 00 00 00 00 00 00 00
R12=0x0000000000000071 is an unknown value
R13=0x0000000000000008 is an unknown value
R14=0x0 is NULL
R15=0x000001e3d3a53790 points into unknown readable memory: 0x00007ffb71f7ff98 | 98 ff f7 71 fb 7f 00 00


Registers:
RAX=0x000001e3d3a537d0, RBX=0x0000005eadffda90, RCX=0x0000000001300000, RDX=0x000001e3dcfc4058
RSP=0x0000005eadffd820, RBP=0x0000000000000001, RSI=0x000000000000011a, RDI=0x000001e38ba53570
R8 =0x0000000000100000, R9 =0x0000000000000000, R10=0x000001e3d9ef84d0, R11=0x000001e3dcfc4450
R12=0x0000000000000071, R13=0x0000000000000008, R14=0x0000000000000000, R15=0x000001e3d3a53790
RIP=0x00007ffb71a11d63, EFLAGS=0x0000000000010246

Top of Stack: (sp=0x0000005eadffd820)
0x0000005eadffd820:   0000005eadffda90 00000000000000f4
0x0000005eadffd830:   0000005eadffe540 000001e3d2c64d18
0x0000005eadffd840:   00007ffb71ff7918 000001e3d1f38000
0x0000005eadffd850:   0000005eadffdae0 00007ffb71e27564
0x0000005eadffd860:   0000005eadffd960 0000005eadffda80
0x0000005eadffd870:   0000005eadffe540 000001e3d1f38000
0x0000005eadffd880:   000001e3d619c008 00007ffb71a0a6b4
0x0000005eadffd890:   000001e3d6194020 0000005eadffd990
0x0000005eadffd8a0:   000001e3d619a2f0 000001e3d1f38000
0x0000005eadffd8b0:   0000000000000000 0000005eadffede8
0x0000005eadffd8c0:   000001e300000004 000001e3d3a4a3b0
0x0000005eadffd8d0:   0000005eadffef98 0000005eadffefb0
0x0000005eadffd8e0:   000001e3d1ef4650 0000000000000000
0x0000005eadffd8f0:   0000000000270000 0000000000000002
0x0000005eadffd900:   0000000000270000 0000000000000000
0x0000005eadffd910:   0000000000270000 0000000007540000 

Instructions: (pc=0x00007ffb71a11d63)
0x00007ffb71a11c63:   8b d5 48 8b ce e8 53 a7 3c 00 48 8b 46 10 48 89
0x00007ffb71a11c73:   1c e8 41 8b c6 48 f7 d8 4d 8d 3c c7 4c 3b 7c 24
0x00007ffb71a11c83:   58 0f 83 a6 fe ff ff 4c 8b 74 24 20 48 8b 74 24
0x00007ffb71a11c93:   68 48 8b 6c 24 60 48 8b 5c 24 50 48 83 c4 28 41
0x00007ffb71a11ca3:   5f 41 5d 41 5c 5f c3 cc cc cc cc cc cc 48 89 5c
0x00007ffb71a11cb3:   24 20 56 57 41 54 48 83 ec 20 8b b9 a8 01 00 00
0x00007ffb71a11cc3:   48 8b da 2b b9 d0 01 00 00 48 8b f1 3b 7a 08 72
0x00007ffb71a11cd3:   0a 8b d7 48 8b cb e8 e2 a6 3c 00 48 8b 43 10 48
0x00007ffb71a11ce3:   c7 04 f8 00 00 00 00 48 8b 96 38 02 00 00 48 85
0x00007ffb71a11cf3:   d2 74 08 48 8b cb e8 72 f1 ea ff 48 8b 96 40 02
0x00007ffb71a11d03:   00 00 48 85 d2 74 08 48 8b cb e8 5e f1 ea ff 45
0x00007ffb71a11d13:   33 e4 44 39 63 18 0f 86 d5 00 00 00 48 89 6c 24
0x00007ffb71a11d23:   40 4c 89 74 24 48 4c 89 7c 24 50 66 90 48 8b 43
0x00007ffb71a11d33:   10 4e 8b 3c e0 41 8b 47 1c 85 c0 0f 84 94 00 00
0x00007ffb71a11d43:   00 45 33 f6 8b e8 0f 1f 80 00 00 00 00 49 8b 47
0x00007ffb71a11d53:   08 49 8b 3c 06 48 85 ff 74 6d 40 f6 c7 01 75 67
0x00007ffb71a11d63:   48 83 3f fe 74 61 8b 4f 28 8b c1 c1 e8 05 3b 43
0x00007ffb71a11d73:   30 72 0f 48 8b 43 20 8b d1 48 8d 4b 20 ff 50 18
0x00007ffb71a11d83:   eb 25 83 e1 1f 41 b8 01 00 00 00 41 d3 e0 8b c8
0x00007ffb71a11d93:   48 8b 43 38 48 8d 14 88 8b 0c 88 8b c1 41 0b c8
0x00007ffb71a11da3:   89 0a 41 23 c0 75 20 8b 73 18 8d 46 01 89 43 18
0x00007ffb71a11db3:   3b 73 08 72 0a 8b d6 48 8b cb e8 fe a5 3c 00 48
0x00007ffb71a11dc3:   8b 43 10 48 89 3c f0 49 83 c6 08 48 83 ed 01 0f
0x00007ffb71a11dd3:   85 78 ff ff ff 41 ff c4 44 3b 63 18 0f 82 4b ff
0x00007ffb71a11de3:   ff ff 4c 8b 7c 24 50 4c 8b 74 24 48 48 8b 6c 24
0x00007ffb71a11df3:   40 48 8b 5c 24 58 48 83 c4 20 41 5c 5f 5e c3 cc
0x00007ffb71a11e03:   cc cc cc cc cc cc cc cc cc cc cc cc cc 40 53 48
0x00007ffb71a11e13:   83 ec 20 48 8b 81 48 02 00 00 48 8b d9 48 85 c0
0x00007ffb71a11e23:   75 27 e8 56 30 00 00 48 8b d0 48 8b 48 10 48 8b
0x00007ffb71a11e33:   01 48 3b c2 74 06 83 78 38 02 74 06 48 83 c1 08
0x00007ffb71a11e43:   eb ec 48 89 83 48 02 00 00 48 83 c4 20 5b c3 cc
0x00007ffb71a11e53:   cc cc cc cc cc cc cc cc cc cc cc cc cc 48 89 5c 


Stack slot to memory mapping:
stack at sp + 0 slots: 0x0000005eadffda90 is pointing into the stack for thread: 0x000001e3d2869000
stack at sp + 1 slots: 0x00000000000000f4 is an unknown value
stack at sp + 2 slots: 0x0000005eadffe540 is pointing into the stack for thread: 0x000001e3d2869000
stack at sp + 3 slots: 0x000001e3d2c64d18 points into unknown readable memory: 0x00007ffb71ff39d0 | d0 39 ff 71 fb 7f 00 00
stack at sp + 4 slots: 0x00007ffb71ff7918 jvm.dll
stack at sp + 5 slots: 0x000001e3d1f38000 points into unknown readable memory: 0x0600b61b00000006 | 06 00 00 00 1b b6 00 06
stack at sp + 6 slots: 0x0000005eadffdae0 is pointing into the stack for thread: 0x000001e3d2869000
stack at sp + 7 slots: 0x00007ffb71e27564 jvm.dll


---------------  P R O C E S S  ---------------

Threads class SMR info:
_java_thread_list=0x000001e3d60f08e0, length=73, elements={
0x000001e3b7b7b800, 0x000001e3d1ede800, 0x000001e3d1ee2800, 0x000001e3d2860800,
0x000001e3d2863000, 0x000001e3d2864000, 0x000001e3d2869000, 0x000001e3d1f4e000,
0x000001e3d28be000, 0x000001e3d29c4800, 0x000001e3d4b0a800, 0x000001e3d5407800,
0x000001e3d4b91000, 0x000001e3d4c19000, 0x000001e3d3f36800, 0x000001e3d46f3800,
0x000001e3d4353800, 0x000001e3d4354000, 0x000001e3d42a6000, 0x000001e3d47bd000,
0x000001e3d47c0000, 0x000001e3d47bb800, 0x000001e3d47bf800, 0x000001e3d47c2000,
0x000001e3d47c1000, 0x000001e3d47bd800, 0x000001e3d47be800, 0x000001e3d47bc000,
0x000001e3d5d06800, 0x000001e3d5d08000, 0x000001e3d5d09000, 0x000001e3d5d04800,
0x000001e3d5d07000, 0x000001e3d5d03000, 0x000001e3d5d05800, 0x000001e3d5d0b000,
0x000001e3d5d10000, 0x000001e3d5d0a800, 0x000001e3d5d12000, 0x000001e3d5d0d000,
0x000001e3d5d0d800, 0x000001e3d5d0e800, 0x000001e3d5d0f800, 0x000001e3d5d11000,
0x000001e3d5d0c000, 0x000001e3d9c33800, 0x000001e3d9c34800, 0x000001e3d9c33000,
0x000001e3d9c35800, 0x000001e3d9c36000, 0x000001e3d9c32000, 0x000001e3d9c37800,
0x000001e3d9c3c800, 0x000001e3d9c38800, 0x000001e3d9c37000, 0x000001e3d9c3a000,
0x000001e3d9c3d800, 0x000001e3d9c3c000, 0x000001e3d9c3f000, 0x000001e3d9c3b000,
0x000001e3d9c3e800, 0x000001e3d9c39800, 0x000001e3d9c40000, 0x000001e3d9c40800,
0x000001e3d3e98800, 0x000001e3d3e98000, 0x000001e3d3e99800, 0x000001e3d3e94800,
0x000001e3d3e9a800, 0x000001e3d3e9b000, 0x000001e3d3e95800, 0x000001e3d3e9c000,
0x000001e3d3e96000
}

Java Threads: ( => current thread )
  0x000001e3b7b7b800 JavaThread "main" [_thread_blocked, id=544, stack(0x0000005ead300000,0x0000005ead400000)]
  0x000001e3d1ede800 JavaThread "Reference Handler" daemon [_thread_blocked, id=516, stack(0x0000005eada00000,0x0000005eadb00000)]
  0x000001e3d1ee2800 JavaThread "Finalizer" daemon [_thread_blocked, id=2308, stack(0x0000005eadb00000,0x0000005eadc00000)]
  0x000001e3d2860800 JavaThread "Signal Dispatcher" daemon [_thread_blocked, id=9676, stack(0x0000005eadc00000,0x0000005eadd00000)]
  0x000001e3d2863000 JavaThread "Attach Listener" daemon [_thread_blocked, id=9956, stack(0x0000005eadd00000,0x0000005eade00000)]
  0x000001e3d2864000 JavaThread "Service Thread" daemon [_thread_blocked, id=10928, stack(0x0000005eade00000,0x0000005eadf00000)]
=>0x000001e3d2869000 JavaThread "C2 CompilerThread0" daemon [_thread_in_native, id=6728, stack(0x0000005eadf00000,0x0000005eae000000)]
  0x000001e3d1f4e000 JavaThread "C1 CompilerThread0" daemon [_thread_blocked, id=7516, stack(0x0000005eae000000,0x0000005eae100000)]
  0x000001e3d28be000 JavaThread "Sweeper thread" daemon [_thread_blocked, id=10664, stack(0x0000005eae100000,0x0000005eae200000)]
  0x000001e3d29c4800 JavaThread "Common-Cleaner" daemon [_thread_blocked, id=11008, stack(0x0000005eae200000,0x0000005eae300000)]
  0x000001e3d4b0a800 JavaThread "Daemon health stats" [_thread_blocked, id=9992, stack(0x0000005eae700000,0x0000005eae800000)]
  0x000001e3d5407800 JavaThread "Incoming local TCP Connector on port 50392" [_thread_in_native, id=6000, stack(0x0000005eae400000,0x0000005eae500000)]
  0x000001e3d4b91000 JavaThread "Daemon periodic checks" [_thread_blocked, id=10636, stack(0x0000005eae800000,0x0000005eae900000)]
  0x000001e3d4c19000 JavaThread "Daemon" [_thread_blocked, id=8424, stack(0x0000005eae900000,0x0000005eaea00000)]
  0x000001e3d3f36800 JavaThread "Handler for socket connection from /127.0.0.1:50392 to /127.0.0.1:50393" [_thread_in_native, id=7596, stack(0x0000005eaea00000,0x0000005eaeb00000)]
  0x000001e3d46f3800 JavaThread "Cancel handler" [_thread_blocked, id=7692, stack(0x0000005eaeb00000,0x0000005eaec00000)]
  0x000001e3d4353800 JavaThread "Daemon worker" [_thread_in_native, id=10604, stack(0x0000005eaec00000,0x0000005eaed00000)]
  0x000001e3d4354000 JavaThread "Asynchronous log dispatcher for DefaultDaemonConnection: socket connection from /127.0.0.1:50392 to /127.0.0.1:50393" [_thread_blocked, id=10464, stack(0x0000005eaed00000,0x0000005eaee00000)]
  0x000001e3d42a6000 JavaThread "Stdin handler" [_thread_blocked, id=7180, stack(0x0000005eaee00000,0x0000005eaef00000)]
  0x000001e3d47bd000 JavaThread "Daemon client event forwarder" [_thread_blocked, id=928, stack(0x0000005eaef00000,0x0000005eaf000000)]
  0x000001e3d47c0000 JavaThread "Cache worker for journal cache (D:\Gradle\gradle-7.5.1\bin\caches\journal-1)" [_thread_blocked, id=7752, stack(0x0000005eaf000000,0x0000005eaf100000)]
  0x000001e3d47bb800 JavaThread "File lock request listener" [_thread_in_native, id=6764, stack(0x0000005eaf100000,0x0000005eaf200000)]
  0x000001e3d47bf800 JavaThread "Cache worker for file hash cache (D:\Gradle\gradle-7.5.1\bin\caches\7.5.1\fileHashes)" [_thread_blocked, id=6176, stack(0x0000005eaf300000,0x0000005eaf400000)]
  0x000001e3d47c2000 JavaThread "File watcher server" daemon [_thread_in_native, id=8860, stack(0x0000005eaf500000,0x0000005eaf600000)]
  0x000001e3d47c1000 JavaThread "File watcher consumer" daemon [_thread_blocked, id=6584, stack(0x0000005eaf600000,0x0000005eaf700000)]
  0x000001e3d47bd800 JavaThread "jar transforms" [_thread_blocked, id=3040, stack(0x0000005eaf700000,0x0000005eaf800000)]
  0x000001e3d47be800 JavaThread "jar transforms Thread 2" [_thread_blocked, id=6720, stack(0x0000005eaf800000,0x0000005eaf900000)]
  0x000001e3d47bc000 JavaThread "jar transforms Thread 3" [_thread_blocked, id=5168, stack(0x0000005eaf900000,0x0000005eafa00000)]
  0x000001e3d5d06800 JavaThread "jar transforms Thread 4" [_thread_blocked, id=9736, stack(0x0000005eafa00000,0x0000005eafb00000)]
  0x000001e3d5d08000 JavaThread "Cache worker for checksums cache (E:\Android Dev\ReactNative\CodeEditor\android\.gradle\7.5.1\checksums)" [_thread_blocked, id=11316, stack(0x0000005eafb00000,0x0000005eafc00000)]
  0x000001e3d5d09000 JavaThread "Cache worker for cache directory md-rule (D:\Gradle\gradle-7.5.1\bin\caches\7.5.1\md-rule)" [_thread_blocked, id=9576, stack(0x0000005eafc00000,0x0000005eafd00000)]
  0x000001e3d5d04800 JavaThread "Cache worker for file content cache (D:\Gradle\gradle-7.5.1\bin\caches\7.5.1\fileContent)" [_thread_blocked, id=9088, stack(0x0000005eafd00000,0x0000005eafe00000)]
  0x000001e3d5d07000 JavaThread "Cache worker for file hash cache (E:\Android Dev\ReactNative\CodeEditor\android\.gradle\7.5.1\fileHashes)" [_thread_blocked, id=372, stack(0x0000005eafe00000,0x0000005eaff00000)]
  0x000001e3d5d03000 JavaThread "Cache worker for cache directory md-supplier (D:\Gradle\gradle-7.5.1\bin\caches\7.5.1\md-supplier)" [_thread_blocked, id=9456, stack(0x0000005eaff00000,0x0000005eb0000000)]
  0x000001e3d5d05800 JavaThread "Cache worker for execution history cache (D:\Gradle\gradle-7.5.1\bin\caches\7.5.1\executionHistory)" [_thread_blocked, id=1252, stack(0x0000005eb0000000,0x0000005eb0100000)]
  0x000001e3d5d0b000 JavaThread "Cache worker for kotlin-dsl (D:\Gradle\gradle-7.5.1\bin\caches\7.5.1\kotlin-dsl)" [_thread_blocked, id=6124, stack(0x0000005eb0100000,0x0000005eb0200000)]
  0x000001e3d5d10000 JavaThread "Cache worker for dependencies-accessors (E:\Android Dev\ReactNative\CodeEditor\android\.gradle\7.5.1\dependencies-accessors)" [_thread_blocked, id=7592, stack(0x0000005eb0200000,0x0000005eb0300000)]
  0x000001e3d5d0a800 JavaThread "Cache worker for Build Output Cleanup Cache (E:\Android Dev\ReactNative\CodeEditor\android\.gradle\buildOutputCleanup)" [_thread_blocked, id=11944, stack(0x0000005eb0300000,0x0000005eb0400000)]
  0x000001e3d5d12000 JavaThread "Cache worker for Build Output Cleanup Cache (E:\Android Dev\ReactNative\CodeEditor\node_modules\react-native-gradle-plugin\.gradle\buildOutputCleanup)" [_thread_blocked, id=4368, stack(0x0000005eaf400000,0x0000005eaf500000)]
  0x000001e3d5d0d000 JavaThread "Unconstrained build operations" [_thread_blocked, id=3820, stack(0x0000005eb0400000,0x0000005eb0500000)]
  0x000001e3d5d0d800 JavaThread "Unconstrained build operations Thread 2" [_thread_blocked, id=3272, stack(0x0000005eb0600000,0x0000005eb0700000)]
  0x000001e3d5d0e800 JavaThread "Unconstrained build operations Thread 3" [_thread_blocked, id=6312, stack(0x0000005eb0700000,0x0000005eb0800000)]
  0x000001e3d5d0f800 JavaThread "Unconstrained build operations Thread 4" [_thread_blocked, id=5992, stack(0x0000005eb0800000,0x0000005eb0900000)]
  0x000001e3d5d11000 JavaThread "Unconstrained build operations Thread 5" [_thread_blocked, id=9680, stack(0x0000005eb0900000,0x0000005eb0a00000)]
  0x000001e3d5d0c000 JavaThread "Unconstrained build operations Thread 6" [_thread_blocked, id=6332, stack(0x0000005eb0a00000,0x0000005eb0b00000)]
  0x000001e3d9c33800 JavaThread "Unconstrained build operations Thread 7" [_thread_blocked, id=5104, stack(0x0000005eb0b00000,0x0000005eb0c00000)]
  0x000001e3d9c34800 JavaThread "Unconstrained build operations Thread 8" [_thread_blocked, id=11592, stack(0x0000005eb0c00000,0x0000005eb0d00000)]
  0x000001e3d9c33000 JavaThread "Unconstrained build operations Thread 9" [_thread_blocked, id=1504, stack(0x0000005eb0d00000,0x0000005eb0e00000)]
  0x000001e3d9c35800 JavaThread "Unconstrained build operations Thread 10" [_thread_blocked, id=8064, stack(0x0000005eb0e00000,0x0000005eb0f00000)]
  0x000001e3d9c36000 JavaThread "Unconstrained build operations Thread 11" [_thread_blocked, id=9004, stack(0x0000005eb0f00000,0x0000005eb1000000)]
  0x000001e3d9c32000 JavaThread "Unconstrained build operations Thread 12" [_thread_blocked, id=6108, stack(0x0000005eb1000000,0x0000005eb1100000)]
  0x000001e3d9c37800 JavaThread "Unconstrained build operations Thread 13" [_thread_blocked, id=9492, stack(0x0000005eb1100000,0x0000005eb1200000)]
  0x000001e3d9c3c800 JavaThread "Unconstrained build operations Thread 14" [_thread_blocked, id=6172, stack(0x0000005eb1200000,0x0000005eb1300000)]
  0x000001e3d9c38800 JavaThread "Unconstrained build operations Thread 15" [_thread_blocked, id=7136, stack(0x0000005eb1300000,0x0000005eb1400000)]
  0x000001e3d9c37000 JavaThread "Unconstrained build operations Thread 16" [_thread_blocked, id=6120, stack(0x0000005eb1400000,0x0000005eb1500000)]
  0x000001e3d9c3a000 JavaThread "Unconstrained build operations Thread 17" [_thread_blocked, id=8564, stack(0x0000005eb1500000,0x0000005eb1600000)]
  0x000001e3d9c3d800 JavaThread "Unconstrained build operations Thread 18" [_thread_blocked, id=7056, stack(0x0000005eb1600000,0x0000005eb1700000)]
  0x000001e3d9c3c000 JavaThread "Unconstrained build operations Thread 19" [_thread_blocked, id=3552, stack(0x0000005eb1700000,0x0000005eb1800000)]
  0x000001e3d9c3f000 JavaThread "Unconstrained build operations Thread 20" [_thread_blocked, id=4600, stack(0x0000005eb1800000,0x0000005eb1900000)]
  0x000001e3d9c3b000 JavaThread "Unconstrained build operations Thread 21" [_thread_blocked, id=1896, stack(0x0000005eb1900000,0x0000005eb1a00000)]
  0x000001e3d9c3e800 JavaThread "Unconstrained build operations Thread 22" [_thread_blocked, id=3076, stack(0x0000005eb1a00000,0x0000005eb1b00000)]
  0x000001e3d9c39800 JavaThread "Unconstrained build operations Thread 23" [_thread_blocked, id=7120, stack(0x0000005eb1b00000,0x0000005eb1c00000)]
  0x000001e3d9c40000 JavaThread "Unconstrained build operations Thread 24" [_thread_blocked, id=6540, stack(0x0000005eb1c00000,0x0000005eb1d00000)]
  0x000001e3d9c40800 JavaThread "Unconstrained build operations Thread 25" [_thread_blocked, id=2916, stack(0x0000005eb1d00000,0x0000005eb1e00000)]
  0x000001e3d3e98800 JavaThread "Unconstrained build operations Thread 26" [_thread_blocked, id=2444, stack(0x0000005eb1e00000,0x0000005eb1f00000)]
  0x000001e3d3e98000 JavaThread "Unconstrained build operations Thread 27" [_thread_blocked, id=4380, stack(0x0000005eb1f00000,0x0000005eb2000000)]
  0x000001e3d3e99800 JavaThread "Unconstrained build operations Thread 28" [_thread_blocked, id=7204, stack(0x0000005eb2000000,0x0000005eb2100000)]
  0x000001e3d3e94800 JavaThread "Unconstrained build operations Thread 29" [_thread_blocked, id=8108, stack(0x0000005eb2100000,0x0000005eb2200000)]
  0x000001e3d3e9a800 JavaThread "Unconstrained build operations Thread 30" [_thread_blocked, id=1560, stack(0x0000005eb2200000,0x0000005eb2300000)]
  0x000001e3d3e9b000 JavaThread "Unconstrained build operations Thread 31" [_thread_blocked, id=10068, stack(0x0000005eb2300000,0x0000005eb2400000)]
  0x000001e3d3e95800 JavaThread "Unconstrained build operations Thread 32" [_thread_blocked, id=944, stack(0x0000005eb2400000,0x0000005eb2500000)]
  0x000001e3d3e9c000 JavaThread "Unconstrained build operations Thread 33" [_thread_blocked, id=2796, stack(0x0000005eb2500000,0x0000005eb2600000)]
  0x000001e3d3e96000 JavaThread "build event listener" [_thread_blocked, id=10644, stack(0x0000005eb2700000,0x0000005eb2800000)]

Other Threads:
  0x000001e3d1edc000 VMThread "VM Thread" [stack: 0x0000005ead900000,0x0000005eada00000] [id=11148]
  0x000001e3d29e4000 WatcherThread [stack: 0x0000005eae300000,0x0000005eae400000] [id=11248]
  0x000001e3b7b96000 GCTaskThread "GC Thread#0" [stack: 0x0000005ead400000,0x0000005ead500000] [id=5716]
  0x000001e3d2df7800 GCTaskThread "GC Thread#1" [stack: 0x0000005eae500000,0x0000005eae600000] [id=11812]
  0x000001e3d2b2d800 GCTaskThread "GC Thread#2" [stack: 0x0000005eae600000,0x0000005eae700000] [id=6012]
  0x000001e3d51e8800 GCTaskThread "GC Thread#3" [stack: 0x0000005eaf200000,0x0000005eaf300000] [id=10632]
  0x000001e3b7bc5800 ConcurrentGCThread "G1 Main Marker" [stack: 0x0000005ead500000,0x0000005ead600000] [id=9184]
  0x000001e3b7bc7000 ConcurrentGCThread "G1 Conc#0" [stack: 0x0000005ead600000,0x0000005ead700000] [id=7972]
  0x000001e3b7c58000 ConcurrentGCThread "G1 Refine#0" [stack: 0x0000005ead700000,0x0000005ead800000] [id=10676]
  0x000001e3b7c59000 ConcurrentGCThread "G1 Young RemSet Sampling" [stack: 0x0000005ead800000,0x0000005ead900000] [id=9072]

Threads with active compile tasks:
C2 CompilerThread0  29309 6896       4       org.objectweb.asm.SymbolTable::addConstantUtf8Reference (101 bytes)

VM state:not at safepoint (normal execution)

VM Mutex/Monitor currently owned by a thread: None

Heap address: 0x0000000080000000, size: 2048 MB, Compressed Oops mode: 32-bit
Narrow klass base: 0x0000000000000000, Narrow klass shift: 3
Compressed class space size: 528482304 Address: 0x0000000100000000

Heap:
 garbage-first heap   total 189440K, used 143712K [0x0000000080000000, 0x0000000100000000)
  region size 1024K, 83 young (84992K), 8 survivors (8192K)
 Metaspace       used 68114K, capacity 70275K, committed 70400K, reserved 577536K
  class space    used 8903K, capacity 9665K, committed 9728K, reserved 516096K
Heap Regions: E=young(eden), S=young(survivor), O=old, HS=humongous(starts), HC=humongous(continues), CS=collection set, F=free, A=archive, TAMS=top-at-mark-start (previous, next)
|   0|0x0000000080000000, 0x0000000080100000, 0x0000000080100000|100%|HS|  |TAMS 0x0000000080100000, 0x0000000080000000| Complete 
|   1|0x0000000080100000, 0x0000000080200000, 0x0000000080200000|100%|HC|  |TAMS 0x0000000080200000, 0x0000000080100000| Complete 
|   2|0x0000000080200000, 0x0000000080300000, 0x0000000080300000|100%|HC|  |TAMS 0x0000000080300000, 0x0000000080200000| Complete 
|   3|0x0000000080300000, 0x0000000080400000, 0x0000000080400000|100%| O|  |TAMS 0x0000000080400000, 0x0000000080300000| Untracked 
|   4|0x0000000080400000, 0x0000000080500000, 0x0000000080500000|100%| O|  |TAMS 0x0000000080500000, 0x0000000080400000| Untracked 
|   5|0x0000000080500000, 0x0000000080600000, 0x0000000080600000|100%| O|  |TAMS 0x0000000080600000, 0x0000000080500000| Untracked 
|   6|0x0000000080600000, 0x0000000080700000, 0x0000000080700000|100%| O|  |TAMS 0x0000000080700000, 0x0000000080600000| Untracked 
|   7|0x0000000080700000, 0x0000000080800000, 0x0000000080800000|100%| O|  |TAMS 0x0000000080800000, 0x0000000080700000| Untracked 
|   8|0x0000000080800000, 0x0000000080900000, 0x0000000080900000|100%| O|  |TAMS 0x0000000080900000, 0x0000000080800000| Untracked 
|   9|0x0000000080900000, 0x0000000080a00000, 0x0000000080a00000|100%| O|  |TAMS 0x0000000080a00000, 0x0000000080900000| Untracked 
|  10|0x0000000080a00000, 0x0000000080b00000, 0x0000000080b00000|100%| O|  |TAMS 0x0000000080b00000, 0x0000000080a00000| Untracked 
|  11|0x0000000080b00000, 0x0000000080c00000, 0x0000000080c00000|100%| O|  |TAMS 0x0000000080c00000, 0x0000000080b00000| Untracked 
|  12|0x0000000080c00000, 0x0000000080d00000, 0x0000000080d00000|100%| O|  |TAMS 0x0000000080d00000, 0x0000000080c00000| Untracked 
|  13|0x0000000080d00000, 0x0000000080e00000, 0x0000000080e00000|100%| O|  |TAMS 0x0000000080e00000, 0x0000000080d00000| Untracked 
|  14|0x0000000080e00000, 0x0000000080f00000, 0x0000000080f00000|100%|HS|  |TAMS 0x0000000080f00000, 0x0000000080e00000| Complete 
|  15|0x0000000080f00000, 0x0000000081000000, 0x0000000081000000|100%|HC|  |TAMS 0x0000000081000000, 0x0000000080f00000| Complete 
|  16|0x0000000081000000, 0x0000000081100000, 0x0000000081100000|100%|HS|  |TAMS 0x0000000081100000, 0x0000000081000000| Complete 
|  17|0x0000000081100000, 0x0000000081200000, 0x0000000081200000|100%|HC|  |TAMS 0x0000000081200000, 0x0000000081100000| Complete 
|  18|0x0000000081200000, 0x0000000081300000, 0x0000000081300000|100%|HC|  |TAMS 0x0000000081300000, 0x0000000081200000| Complete 
|  19|0x0000000081300000, 0x0000000081400000, 0x0000000081400000|100%|HS|  |TAMS 0x0000000081400000, 0x0000000081300000| Complete 
|  20|0x0000000081400000, 0x0000000081500000, 0x0000000081500000|100%|HC|  |TAMS 0x0000000081500000, 0x0000000081400000| Complete 
|  21|0x0000000081500000, 0x0000000081600000, 0x0000000081600000|100%|HC|  |TAMS 0x0000000081600000, 0x0000000081500000| Complete 
|  22|0x0000000081600000, 0x0000000081700000, 0x0000000081700000|100%|HC|  |TAMS 0x0000000081700000, 0x0000000081600000| Complete 
|  23|0x0000000081700000, 0x0000000081800000, 0x0000000081800000|100%|HC|  |TAMS 0x0000000081800000, 0x0000000081700000| Complete 
|  24|0x0000000081800000, 0x0000000081900000, 0x0000000081900000|100%| O|  |TAMS 0x0000000081900000, 0x0000000081800000| Untracked 
|  25|0x0000000081900000, 0x0000000081a00000, 0x0000000081a00000|100%| O|  |TAMS 0x0000000081a00000, 0x0000000081900000| Untracked 
|  26|0x0000000081a00000, 0x0000000081b00000, 0x0000000081b00000|100%| O|  |TAMS 0x0000000081b00000, 0x0000000081a00000| Untracked 
|  27|0x0000000081b00000, 0x0000000081c00000, 0x0000000081c00000|100%| O|  |TAMS 0x0000000081c00000, 0x0000000081b00000| Untracked 
|  28|0x0000000081c00000, 0x0000000081d00000, 0x0000000081d00000|100%| O|  |TAMS 0x0000000081d00000, 0x0000000081c00000| Untracked 
|  29|0x0000000081d00000, 0x0000000081e00000, 0x0000000081e00000|100%| O|  |TAMS 0x0000000081e00000, 0x0000000081d00000| Untracked 
|  30|0x0000000081e00000, 0x0000000081f00000, 0x0000000081f00000|100%| O|  |TAMS 0x0000000081f00000, 0x0000000081e00000| Untracked 
|  31|0x0000000081f00000, 0x0000000082000000, 0x0000000082000000|100%| O|  |TAMS 0x0000000082000000, 0x0000000081f00000| Untracked 
|  32|0x0000000082000000, 0x0000000082100000, 0x0000000082100000|100%| O|  |TAMS 0x0000000082100000, 0x0000000082000000| Untracked 
|  33|0x0000000082100000, 0x0000000082200000, 0x0000000082200000|100%| O|  |TAMS 0x0000000082200000, 0x0000000082100000| Untracked 
|  34|0x0000000082200000, 0x0000000082300000, 0x0000000082300000|100%| O|  |TAMS 0x0000000082300000, 0x0000000082200000| Untracked 
|  35|0x0000000082300000, 0x0000000082400000, 0x0000000082400000|100%|HS|  |TAMS 0x0000000082400000, 0x0000000082300000| Complete 
|  36|0x0000000082400000, 0x0000000082500000, 0x0000000082500000|100%|HC|  |TAMS 0x0000000082500000, 0x0000000082400000| Complete 
|  37|0x0000000082500000, 0x0000000082600000, 0x0000000082600000|100%|HC|  |TAMS 0x0000000082600000, 0x0000000082500000| Complete 
|  38|0x0000000082600000, 0x0000000082700000, 0x0000000082700000|100%|HC|  |TAMS 0x0000000082700000, 0x0000000082600000| Complete 
|  39|0x0000000082700000, 0x0000000082800000, 0x0000000082800000|100%|HC|  |TAMS 0x0000000082800000, 0x0000000082700000| Complete 
|  40|0x0000000082800000, 0x0000000082900000, 0x0000000082900000|100%|HS|  |TAMS 0x0000000082900000, 0x0000000082800000| Complete 
|  41|0x0000000082900000, 0x0000000082a00000, 0x0000000082a00000|100%|HC|  |TAMS 0x0000000082a00000, 0x0000000082900000| Complete 
|  42|0x0000000082a00000, 0x0000000082b00000, 0x0000000082b00000|100%|HC|  |TAMS 0x0000000082b00000, 0x0000000082a00000| Complete 
|  43|0x0000000082b00000, 0x0000000082c00000, 0x0000000082c00000|100%| O|  |TAMS 0x0000000082c00000, 0x0000000082b00000| Untracked 
|  44|0x0000000082c00000, 0x0000000082d00000, 0x0000000082d00000|100%| O|  |TAMS 0x0000000082d00000, 0x0000000082c00000| Untracked 
|  45|0x0000000082d00000, 0x0000000082e00000, 0x0000000082e00000|100%| O|  |TAMS 0x0000000082e00000, 0x0000000082d00000| Untracked 
|  46|0x0000000082e00000, 0x0000000082f00000, 0x0000000082f00000|100%| O|  |TAMS 0x0000000082f00000, 0x0000000082e00000| Untracked 
|  47|0x0000000082f00000, 0x0000000083000000, 0x0000000083000000|100%| O|  |TAMS 0x0000000083000000, 0x0000000082f00000| Untracked 
|  48|0x0000000083000000, 0x0000000083100000, 0x0000000083100000|100%| O|  |TAMS 0x0000000083100000, 0x0000000083000000| Untracked 
|  49|0x0000000083100000, 0x0000000083200000, 0x0000000083200000|100%| O|  |TAMS 0x0000000083200000, 0x0000000083100000| Untracked 
|  50|0x0000000083200000, 0x0000000083300000, 0x0000000083300000|100%| O|  |TAMS 0x0000000083300000, 0x0000000083200000| Untracked 
|  51|0x0000000083300000, 0x0000000083400000, 0x0000000083400000|100%| O|  |TAMS 0x0000000083400000, 0x0000000083300000| Untracked 
|  52|0x0000000083400000, 0x0000000083500000, 0x0000000083500000|100%| O|  |TAMS 0x0000000083500000, 0x0000000083400000| Untracked 
|  53|0x0000000083500000, 0x0000000083600000, 0x0000000083600000|100%| O|  |TAMS 0x0000000083600000, 0x0000000083500000| Untracked 
|  54|0x0000000083600000, 0x0000000083700000, 0x0000000083700000|100%| O|  |TAMS 0x0000000083700000, 0x0000000083600000| Untracked 
|  55|0x0000000083700000, 0x0000000083758000, 0x0000000083800000| 34%| O|  |TAMS 0x0000000083758000, 0x0000000083700000| Untracked 
|  56|0x0000000083800000, 0x0000000083900000, 0x0000000083900000|100%|HS|  |TAMS 0x0000000083800000, 0x0000000083800000| Complete 
|  57|0x0000000083900000, 0x0000000083a00000, 0x0000000083a00000|100%|HS|  |TAMS 0x0000000083900000, 0x0000000083900000| Complete 
|  58|0x0000000083a00000, 0x0000000083b00000, 0x0000000083b00000|100%|HC|  |TAMS 0x0000000083a00000, 0x0000000083a00000| Complete 
|  59|0x0000000083b00000, 0x0000000083c00000, 0x0000000083c00000|100%|HC|  |TAMS 0x0000000083b00000, 0x0000000083b00000| Complete 
|  60|0x0000000083c00000, 0x0000000083c00000, 0x0000000083d00000|  0%| F|  |TAMS 0x0000000083c00000, 0x0000000083c00000| Untracked 
|  61|0x0000000083d00000, 0x0000000083d00000, 0x0000000083e00000|  0%| F|  |TAMS 0x0000000083d00000, 0x0000000083d00000| Untracked 
|  62|0x0000000083e00000, 0x0000000083e00000, 0x0000000083f00000|  0%| F|  |TAMS 0x0000000083e00000, 0x0000000083e00000| Untracked 
|  63|0x0000000083f00000, 0x0000000083f00000, 0x0000000084000000|  0%| F|  |TAMS 0x0000000083f00000, 0x0000000083f00000| Untracked 
|  64|0x0000000084000000, 0x0000000084000000, 0x0000000084100000|  0%| F|  |TAMS 0x0000000084000000, 0x0000000084000000| Untracked 
|  65|0x0000000084100000, 0x0000000084100000, 0x0000000084200000|  0%| F|  |TAMS 0x0000000084100000, 0x0000000084100000| Untracked 
|  66|0x0000000084200000, 0x0000000084200000, 0x0000000084300000|  0%| F|  |TAMS 0x0000000084200000, 0x0000000084200000| Untracked 
|  67|0x0000000084300000, 0x0000000084300000, 0x0000000084400000|  0%| F|  |TAMS 0x0000000084300000, 0x0000000084300000| Untracked 
|  68|0x0000000084400000, 0x0000000084400000, 0x0000000084500000|  0%| F|  |TAMS 0x0000000084400000, 0x0000000084400000| Untracked 
|  69|0x0000000084500000, 0x0000000084500000, 0x0000000084600000|  0%| F|  |TAMS 0x0000000084500000, 0x0000000084500000| Untracked 
|  70|0x0000000084600000, 0x0000000084600000, 0x0000000084700000|  0%| F|  |TAMS 0x0000000084600000, 0x0000000084600000| Untracked 
|  71|0x0000000084700000, 0x0000000084700000, 0x0000000084800000|  0%| F|  |TAMS 0x0000000084700000, 0x0000000084700000| Untracked 
|  72|0x0000000084800000, 0x0000000084800000, 0x0000000084900000|  0%| F|  |TAMS 0x0000000084800000, 0x0000000084800000| Untracked 
|  73|0x0000000084900000, 0x0000000084900000, 0x0000000084a00000|  0%| F|  |TAMS 0x0000000084900000, 0x0000000084900000| Untracked 
|  74|0x0000000084a00000, 0x0000000084a00000, 0x0000000084b00000|  0%| F|  |TAMS 0x0000000084a00000, 0x0000000084a00000| Untracked 
|  75|0x0000000084b00000, 0x0000000084b00000, 0x0000000084c00000|  0%| F|  |TAMS 0x0000000084b00000, 0x0000000084b00000| Untracked 
|  76|0x0000000084c00000, 0x0000000084c00000, 0x0000000084d00000|  0%| F|  |TAMS 0x0000000084c00000, 0x0000000084c00000| Untracked 
|  77|0x0000000084d00000, 0x0000000084d00000, 0x0000000084e00000|  0%| F|  |TAMS 0x0000000084d00000, 0x0000000084d00000| Untracked 
|  78|0x0000000084e00000, 0x0000000084e00000, 0x0000000084f00000|  0%| F|  |TAMS 0x0000000084e00000, 0x0000000084e00000| Untracked 
|  79|0x0000000084f00000, 0x0000000084f00000, 0x0000000085000000|  0%| F|  |TAMS 0x0000000084f00000, 0x0000000084f00000| Untracked 
|  80|0x0000000085000000, 0x0000000085000000, 0x0000000085100000|  0%| F|  |TAMS 0x0000000085000000, 0x0000000085000000| Untracked 
|  81|0x0000000085100000, 0x0000000085100000, 0x0000000085200000|  0%| F|  |TAMS 0x0000000085100000, 0x0000000085100000| Untracked 
|  82|0x0000000085200000, 0x0000000085200000, 0x0000000085300000|  0%| F|  |TAMS 0x0000000085200000, 0x0000000085200000| Untracked 
|  83|0x0000000085300000, 0x0000000085300000, 0x0000000085400000|  0%| F|  |TAMS 0x0000000085300000, 0x0000000085300000| Untracked 
|  84|0x0000000085400000, 0x0000000085400000, 0x0000000085500000|  0%| F|  |TAMS 0x0000000085400000, 0x0000000085400000| Untracked 
|  85|0x0000000085500000, 0x0000000085500000, 0x0000000085600000|  0%| F|  |TAMS 0x0000000085500000, 0x0000000085500000| Untracked 
|  86|0x0000000085600000, 0x0000000085600000, 0x0000000085700000|  0%| F|  |TAMS 0x0000000085600000, 0x0000000085600000| Untracked 
|  87|0x0000000085700000, 0x0000000085700000, 0x0000000085800000|  0%| F|  |TAMS 0x0000000085700000, 0x0000000085700000| Untracked 
|  88|0x0000000085800000, 0x0000000085800000, 0x0000000085900000|  0%| F|  |TAMS 0x0000000085800000, 0x0000000085800000| Untracked 
|  89|0x0000000085900000, 0x0000000085900000, 0x0000000085a00000|  0%| F|  |TAMS 0x0000000085900000, 0x0000000085900000| Untracked 
|  90|0x0000000085a00000, 0x0000000085a00000, 0x0000000085b00000|  0%| F|  |TAMS 0x0000000085a00000, 0x0000000085a00000| Untracked 
|  91|0x0000000085b00000, 0x0000000085b00000, 0x0000000085c00000|  0%| F|  |TAMS 0x0000000085b00000, 0x0000000085b00000| Untracked 
|  92|0x0000000085c00000, 0x0000000085c00000, 0x0000000085d00000|  0%| F|  |TAMS 0x0000000085c00000, 0x0000000085c00000| Untracked 
|  93|0x0000000085d00000, 0x0000000085d00000, 0x0000000085e00000|  0%| F|  |TAMS 0x0000000085d00000, 0x0000000085d00000| Untracked 
|  94|0x0000000085e00000, 0x0000000085e00000, 0x0000000085f00000|  0%| F|  |TAMS 0x0000000085e00000, 0x0000000085e00000| Untracked 
|  95|0x0000000085f00000, 0x0000000085f00000, 0x0000000086000000|  0%| F|  |TAMS 0x0000000085f00000, 0x0000000085f00000| Untracked 
|  96|0x0000000086000000, 0x0000000086000000, 0x0000000086100000|  0%| F|  |TAMS 0x0000000086000000, 0x0000000086000000| Untracked 
|  97|0x0000000086100000, 0x0000000086100000, 0x0000000086200000|  0%| F|  |TAMS 0x0000000086100000, 0x0000000086100000| Untracked 
|  98|0x0000000086200000, 0x0000000086200000, 0x0000000086300000|  0%| F|  |TAMS 0x0000000086200000, 0x0000000086200000| Untracked 
|  99|0x0000000086300000, 0x0000000086300000, 0x0000000086400000|  0%| F|  |TAMS 0x0000000086300000, 0x0000000086300000| Untracked 
| 100|0x0000000086400000, 0x0000000086400000, 0x0000000086500000|  0%| F|  |TAMS 0x0000000086400000, 0x0000000086400000| Untracked 
| 101|0x0000000086500000, 0x0000000086500000, 0x0000000086600000|  0%| F|  |TAMS 0x0000000086500000, 0x0000000086500000| Untracked 
| 102|0x0000000086600000, 0x0000000086680800, 0x0000000086700000| 50%| E|  |TAMS 0x0000000086600000, 0x0000000086600000| Complete 
| 103|0x0000000086700000, 0x0000000086800000, 0x0000000086800000|100%| E|CS|TAMS 0x0000000086700000, 0x0000000086700000| Complete 
| 104|0x0000000086800000, 0x0000000086900000, 0x0000000086900000|100%| E|CS|TAMS 0x0000000086800000, 0x0000000086800000| Complete 
| 105|0x0000000086900000, 0x0000000086a00000, 0x0000000086a00000|100%| E|CS|TAMS 0x0000000086900000, 0x0000000086900000| Complete 
| 106|0x0000000086a00000, 0x0000000086b00000, 0x0000000086b00000|100%| E|CS|TAMS 0x0000000086a00000, 0x0000000086a00000| Complete 
| 107|0x0000000086b00000, 0x0000000086c00000, 0x0000000086c00000|100%| E|CS|TAMS 0x0000000086b00000, 0x0000000086b00000| Complete 
| 108|0x0000000086c00000, 0x0000000086d00000, 0x0000000086d00000|100%| E|CS|TAMS 0x0000000086c00000, 0x0000000086c00000| Complete 
| 109|0x0000000086d00000, 0x0000000086e00000, 0x0000000086e00000|100%| E|CS|TAMS 0x0000000086d00000, 0x0000000086d00000| Complete 
| 110|0x0000000086e00000, 0x0000000086f00000, 0x0000000086f00000|100%| E|CS|TAMS 0x0000000086e00000, 0x0000000086e00000| Complete 
| 111|0x0000000086f00000, 0x0000000087000000, 0x0000000087000000|100%| E|CS|TAMS 0x0000000086f00000, 0x0000000086f00000| Complete 
| 112|0x0000000087000000, 0x0000000087100000, 0x0000000087100000|100%| E|CS|TAMS 0x0000000087000000, 0x0000000087000000| Complete 
| 113|0x0000000087100000, 0x0000000087200000, 0x0000000087200000|100%| E|CS|TAMS 0x0000000087100000, 0x0000000087100000| Complete 
| 114|0x0000000087200000, 0x0000000087300000, 0x0000000087300000|100%| E|CS|TAMS 0x0000000087200000, 0x0000000087200000| Complete 
| 115|0x0000000087300000, 0x0000000087400000, 0x0000000087400000|100%| E|CS|TAMS 0x0000000087300000, 0x0000000087300000| Complete 
| 116|0x0000000087400000, 0x0000000087500000, 0x0000000087500000|100%| E|CS|TAMS 0x0000000087400000, 0x0000000087400000| Complete 
| 117|0x0000000087500000, 0x0000000087600000, 0x0000000087600000|100%| E|CS|TAMS 0x0000000087500000, 0x0000000087500000| Complete 
| 118|0x0000000087600000, 0x0000000087700000, 0x0000000087700000|100%| E|CS|TAMS 0x0000000087600000, 0x0000000087600000| Complete 
| 119|0x0000000087700000, 0x0000000087800000, 0x0000000087800000|100%| E|CS|TAMS 0x0000000087700000, 0x0000000087700000| Complete 
| 120|0x0000000087800000, 0x0000000087900000, 0x0000000087900000|100%| E|CS|TAMS 0x0000000087800000, 0x0000000087800000| Complete 
| 121|0x0000000087900000, 0x0000000087a00000, 0x0000000087a00000|100%| E|CS|TAMS 0x0000000087900000, 0x0000000087900000| Complete 
| 122|0x0000000087a00000, 0x0000000087b00000, 0x0000000087b00000|100%| E|CS|TAMS 0x0000000087a00000, 0x0000000087a00000| Complete 
| 123|0x0000000087b00000, 0x0000000087c00000, 0x0000000087c00000|100%| E|CS|TAMS 0x0000000087b00000, 0x0000000087b00000| Complete 
| 124|0x0000000087c00000, 0x0000000087d00000, 0x0000000087d00000|100%| E|CS|TAMS 0x0000000087c00000, 0x0000000087c00000| Complete 
| 125|0x0000000087d00000, 0x0000000087e00000, 0x0000000087e00000|100%| E|CS|TAMS 0x0000000087d00000, 0x0000000087d00000| Complete 
| 126|0x0000000087e00000, 0x0000000087f00000, 0x0000000087f00000|100%| E|CS|TAMS 0x0000000087e00000, 0x0000000087e00000| Complete 
| 127|0x0000000087f00000, 0x0000000088000000, 0x0000000088000000|100%| S|CS|TAMS 0x0000000087f00000, 0x0000000087f00000| Complete 
| 128|0x0000000088000000, 0x0000000088100000, 0x0000000088100000|100%| S|CS|TAMS 0x0000000088000000, 0x0000000088000000| Complete 
| 129|0x0000000088100000, 0x0000000088200000, 0x0000000088200000|100%| S|CS|TAMS 0x0000000088100000, 0x0000000088100000| Complete 
| 130|0x0000000088200000, 0x0000000088300000, 0x0000000088300000|100%| S|CS|TAMS 0x0000000088200000, 0x0000000088200000| Complete 
| 131|0x0000000088300000, 0x0000000088400000, 0x0000000088400000|100%| S|CS|TAMS 0x0000000088300000, 0x0000000088300000| Complete 
| 132|0x0000000088400000, 0x0000000088500000, 0x0000000088500000|100%| S|CS|TAMS 0x0000000088400000, 0x0000000088400000| Complete 
| 133|0x0000000088500000, 0x0000000088600000, 0x0000000088600000|100%| S|CS|TAMS 0x0000000088500000, 0x0000000088500000| Complete 
| 134|0x0000000088600000, 0x0000000088700000, 0x0000000088700000|100%| S|CS|TAMS 0x0000000088600000, 0x0000000088600000| Complete 
| 135|0x0000000088700000, 0x0000000088800000, 0x0000000088800000|100%| E|CS|TAMS 0x0000000088700000, 0x0000000088700000| Complete 
| 136|0x0000000088800000, 0x0000000088900000, 0x0000000088900000|100%| E|CS|TAMS 0x0000000088800000, 0x0000000088800000| Complete 
| 137|0x0000000088900000, 0x0000000088a00000, 0x0000000088a00000|100%| E|CS|TAMS 0x0000000088900000, 0x0000000088900000| Complete 
| 138|0x0000000088a00000, 0x0000000088b00000, 0x0000000088b00000|100%| E|CS|TAMS 0x0000000088a00000, 0x0000000088a00000| Complete 
| 139|0x0000000088b00000, 0x0000000088c00000, 0x0000000088c00000|100%| E|CS|TAMS 0x0000000088b00000, 0x0000000088b00000| Complete 
| 140|0x0000000088c00000, 0x0000000088d00000, 0x0000000088d00000|100%| E|CS|TAMS 0x0000000088c00000, 0x0000000088c00000| Complete 
| 141|0x0000000088d00000, 0x0000000088e00000, 0x0000000088e00000|100%| E|CS|TAMS 0x0000000088d00000, 0x0000000088d00000| Complete 
| 142|0x0000000088e00000, 0x0000000088f00000, 0x0000000088f00000|100%| E|CS|TAMS 0x0000000088e00000, 0x0000000088e00000| Complete 
| 143|0x0000000088f00000, 0x0000000089000000, 0x0000000089000000|100%| E|  |TAMS 0x0000000088f00000, 0x0000000088f00000| Complete 
| 144|0x0000000089000000, 0x0000000089100000, 0x0000000089100000|100%| E|CS|TAMS 0x0000000089000000, 0x0000000089000000| Complete 
| 145|0x0000000089100000, 0x0000000089200000, 0x0000000089200000|100%| E|CS|TAMS 0x0000000089100000, 0x0000000089100000| Complete 
| 146|0x0000000089200000, 0x0000000089300000, 0x0000000089300000|100%| E|CS|TAMS 0x0000000089200000, 0x0000000089200000| Complete 
| 147|0x0000000089300000, 0x0000000089400000, 0x0000000089400000|100%| E|CS|TAMS 0x0000000089300000, 0x0000000089300000| Complete 
| 148|0x0000000089400000, 0x0000000089500000, 0x0000000089500000|100%| E|CS|TAMS 0x0000000089400000, 0x0000000089400000| Complete 
| 149|0x0000000089500000, 0x0000000089600000, 0x0000000089600000|100%| E|CS|TAMS 0x0000000089500000, 0x0000000089500000| Complete 
| 150|0x0000000089600000, 0x0000000089700000, 0x0000000089700000|100%| E|CS|TAMS 0x0000000089600000, 0x0000000089600000| Complete 
| 151|0x0000000089700000, 0x0000000089800000, 0x0000000089800000|100%| E|CS|TAMS 0x0000000089700000, 0x0000000089700000| Complete 
| 152|0x0000000089800000, 0x0000000089900000, 0x0000000089900000|100%| E|CS|TAMS 0x0000000089800000, 0x0000000089800000| Complete 
| 153|0x0000000089900000, 0x0000000089a00000, 0x0000000089a00000|100%| E|CS|TAMS 0x0000000089900000, 0x0000000089900000| Complete 
| 154|0x0000000089a00000, 0x0000000089b00000, 0x0000000089b00000|100%| E|CS|TAMS 0x0000000089a00000, 0x0000000089a00000| Complete 
| 155|0x0000000089b00000, 0x0000000089c00000, 0x0000000089c00000|100%| E|CS|TAMS 0x0000000089b00000, 0x0000000089b00000| Complete 
| 156|0x0000000089c00000, 0x0000000089d00000, 0x0000000089d00000|100%| E|CS|TAMS 0x0000000089c00000, 0x0000000089c00000| Complete 
| 157|0x0000000089d00000, 0x0000000089e00000, 0x0000000089e00000|100%| E|CS|TAMS 0x0000000089d00000, 0x0000000089d00000| Complete 
| 158|0x0000000089e00000, 0x0000000089f00000, 0x0000000089f00000|100%| E|CS|TAMS 0x0000000089e00000, 0x0000000089e00000| Complete 
| 159|0x0000000089f00000, 0x000000008a000000, 0x000000008a000000|100%| E|CS|TAMS 0x0000000089f00000, 0x0000000089f00000| Complete 
| 160|0x000000008a000000, 0x000000008a100000, 0x000000008a100000|100%| E|CS|TAMS 0x000000008a000000, 0x000000008a000000| Complete 
| 161|0x000000008a100000, 0x000000008a200000, 0x000000008a200000|100%| E|CS|TAMS 0x000000008a100000, 0x000000008a100000| Complete 
| 162|0x000000008a200000, 0x000000008a300000, 0x000000008a300000|100%| E|CS|TAMS 0x000000008a200000, 0x000000008a200000| Complete 
| 163|0x000000008a300000, 0x000000008a400000, 0x000000008a400000|100%| E|CS|TAMS 0x000000008a300000, 0x000000008a300000| Complete 
| 164|0x000000008a400000, 0x000000008a500000, 0x000000008a500000|100%| E|CS|TAMS 0x000000008a400000, 0x000000008a400000| Complete 
| 165|0x000000008a500000, 0x000000008a600000, 0x000000008a600000|100%| E|CS|TAMS 0x000000008a500000, 0x000000008a500000| Complete 
| 166|0x000000008a600000, 0x000000008a700000, 0x000000008a700000|100%| E|CS|TAMS 0x000000008a600000, 0x000000008a600000| Complete 
| 167|0x000000008a700000, 0x000000008a800000, 0x000000008a800000|100%| E|CS|TAMS 0x000000008a700000, 0x000000008a700000| Complete 
| 168|0x000000008a800000, 0x000000008a900000, 0x000000008a900000|100%| E|CS|TAMS 0x000000008a800000, 0x000000008a800000| Complete 
| 169|0x000000008a900000, 0x000000008aa00000, 0x000000008aa00000|100%| E|CS|TAMS 0x000000008a900000, 0x000000008a900000| Complete 
| 170|0x000000008aa00000, 0x000000008ab00000, 0x000000008ab00000|100%| E|CS|TAMS 0x000000008aa00000, 0x000000008aa00000| Complete 
| 171|0x000000008ab00000, 0x000000008ac00000, 0x000000008ac00000|100%| E|CS|TAMS 0x000000008ab00000, 0x000000008ab00000| Complete 
| 172|0x000000008ac00000, 0x000000008ad00000, 0x000000008ad00000|100%| E|CS|TAMS 0x000000008ac00000, 0x000000008ac00000| Complete 
| 173|0x000000008ad00000, 0x000000008ae00000, 0x000000008ae00000|100%| E|CS|TAMS 0x000000008ad00000, 0x000000008ad00000| Complete 
| 174|0x000000008ae00000, 0x000000008af00000, 0x000000008af00000|100%| E|CS|TAMS 0x000000008ae00000, 0x000000008ae00000| Complete 
| 175|0x000000008af00000, 0x000000008b000000, 0x000000008b000000|100%| E|CS|TAMS 0x000000008af00000, 0x000000008af00000| Complete 
| 176|0x000000008b000000, 0x000000008b100000, 0x000000008b100000|100%| E|CS|TAMS 0x000000008b000000, 0x000000008b000000| Complete 
| 177|0x000000008b100000, 0x000000008b200000, 0x000000008b200000|100%| E|CS|TAMS 0x000000008b100000, 0x000000008b100000| Complete 
| 178|0x000000008b200000, 0x000000008b300000, 0x000000008b300000|100%| E|CS|TAMS 0x000000008b200000, 0x000000008b200000| Complete 
| 179|0x000000008b300000, 0x000000008b400000, 0x000000008b400000|100%| E|CS|TAMS 0x000000008b300000, 0x000000008b300000| Complete 
| 180|0x000000008b400000, 0x000000008b500000, 0x000000008b500000|100%| E|CS|TAMS 0x000000008b400000, 0x000000008b400000| Complete 
| 181|0x000000008b500000, 0x000000008b600000, 0x000000008b600000|100%| E|CS|TAMS 0x000000008b500000, 0x000000008b500000| Complete 
| 182|0x000000008b600000, 0x000000008b700000, 0x000000008b700000|100%| E|CS|TAMS 0x000000008b600000, 0x000000008b600000| Complete 
| 183|0x000000008b700000, 0x000000008b800000, 0x000000008b800000|100%| E|CS|TAMS 0x000000008b700000, 0x000000008b700000| Complete 
| 184|0x000000008b800000, 0x000000008b900000, 0x000000008b900000|100%| E|CS|TAMS 0x000000008b800000, 0x000000008b800000| Complete 

Card table byte_map: [0x000001e3cb0c0000,0x000001e3cb4c0000] _byte_map_base: 0x000001e3cacc0000

Marking Bits (Prev, Next): (CMBitMap*) 0x000001e3b7bbcd90, (CMBitMap*) 0x000001e3b7bbcd58
 Prev Bits: [0x000001e3cd8c0000, 0x000001e3cf8c0000)
 Next Bits: [0x000001e3cb8c0000, 0x000001e3cd8c0000)

Polling page: 0x000001e3bb670000

Metaspace:

Usage:
  Non-class:     59.19 MB capacity,    57.82 MB ( 98%) used,     1.17 MB (  2%) free+waste,   201.81 KB ( <1%) overhead. 
      Class:      9.44 MB capacity,     8.69 MB ( 92%) used,   663.49 KB (  7%) free+waste,    97.94 KB (  1%) overhead. 
       Both:     68.63 MB capacity,    66.52 MB ( 97%) used,     1.82 MB (  3%) free+waste,   299.75 KB ( <1%) overhead. 

Virtual space:
  Non-class space:       60.00 MB reserved,      59.25 MB ( 99%) committed 
      Class space:      504.00 MB reserved,       9.50 MB (  2%) committed 
             Both:      564.00 MB reserved,      68.75 MB ( 12%) committed 

Chunk freelists:
   Non-Class:  62.00 KB
       Class:  31.00 KB
        Both:  93.00 KB

MaxMetaspaceSize: 512.00 MB
CompressedClassSpaceSize: 504.00 MB

CodeHeap 'non-profiled nmethods': size=120064Kb used=4140Kb max_used=4140Kb free=115923Kb
 bounds [0x000001e3c3150000, 0x000001e3c3560000, 0x000001e3ca690000]
CodeHeap 'profiled nmethods': size=120000Kb used=14363Kb max_used=14363Kb free=105636Kb
 bounds [0x000001e3bbc20000, 0x000001e3bca30000, 0x000001e3c3150000]
CodeHeap 'non-nmethods': size=5696Kb used=2281Kb max_used=2312Kb free=3414Kb
 bounds [0x000001e3bb690000, 0x000001e3bb900000, 0x000001e3bbc20000]
 total_blobs=7746 nmethods=6860 adapters=797
 compilation: enabled
              stopped_count=0, restarted_count=0
 full_count=0

Compilation events (20 events):
Event: 28.936 Thread 0x000001e3d1f4e000 6892       3       org.gradle.model.internal.asm.ClassVisitorScope$$Lambda$144/0x00000001002d0840::emit (17 bytes)
Event: 28.937 Thread 0x000001e3d1f4e000 nmethod 6892 0x000001e3bca22790 code [0x000001e3bca22960, 0x000001e3bca22b68]
Event: 28.937 Thread 0x000001e3d1f4e000 6893       3       org.gradle.model.internal.asm.ClassVisitorScope::lambda$addGetter$0 (13 bytes)
Event: 28.937 Thread 0x000001e3d1f4e000 nmethod 6893 0x000001e3bca22c90 code [0x000001e3bca22e40, 0x000001e3bca22fe8]
Event: 28.937 Thread 0x000001e3d1f4e000 6894       3       org.gradle.model.internal.asm.ClassVisitorScope$1::<init> (38 bytes)
Event: 28.937 Thread 0x000001e3d1f4e000 nmethod 6894 0x000001e3bca23090 code [0x000001e3bca232a0, 0x000001e3bca23978]
Event: 28.937 Thread 0x000001e3d1f4e000 6891       3       org.objectweb.asm.SymbolTable$Entry::<init> (17 bytes)
Event: 28.937 Thread 0x000001e3d1f4e000 nmethod 6891 0x000001e3bca23b90 code [0x000001e3bca23d40, 0x000001e3bca23ea8]
Event: 28.937 Thread 0x000001e3d2869000 6896       4       org.objectweb.asm.SymbolTable::addConstantUtf8Reference (101 bytes)
Event: 28.940 Thread 0x000001e3d5164800 nmethod 6895 0x000001e3c3558790 code [0x000001e3c3558920, 0x000001e3c3558b98]
Event: 28.940 Thread 0x000001e3d1f4e000 6897       3       java.lang.reflect.Constructor::getGenericParameterTypes (5 bytes)
Event: 28.941 Thread 0x000001e3d1f4e000 nmethod 6897 0x000001e3bca23f90 code [0x000001e3bca24240, 0x000001e3bca251d8]
Event: 28.952 Thread 0x000001e3d5164800 6898       4       org.objectweb.asm.Frame::merge (322 bytes)
Event: 28.954 Thread 0x000001e3d5164800 nmethod 6898 0x000001e3c3558d90 code [0x000001e3c3558f40, 0x000001e3c3559188]
Event: 28.964 Thread 0x000001e3d1f4e000 6899       3       org.gradle.model.internal.asm.MethodVisitorScope::_INVOKESPECIAL (11 bytes)
Event: 28.965 Thread 0x000001e3d1f4e000 nmethod 6899 0x000001e3bca25690 code [0x000001e3bca25880, 0x000001e3bca25c78]
Event: 28.965 Thread 0x000001e3d1f4e000 6900       3       org.gradle.model.internal.asm.MethodVisitorScope::_INVOKESPECIAL (9 bytes)
Event: 28.965 Thread 0x000001e3d1f4e000 nmethod 6900 0x000001e3bca25e10 code [0x000001e3bca25fe0, 0x000001e3bca26208]
Event: 28.975 Thread 0x000001e3d5164800 6901       4       java.lang.ClassLoader::defineClass (43 bytes)
Event: 29.010 Thread 0x000001e3d5164800 nmethod 6901 0x000001e3c3559390 code [0x000001e3c35595e0, 0x000001e3c355a610]

GC Heap History (20 events):
Event: 1.090 GC heap before
{Heap before GC invocations=2 (full 0):
 garbage-first heap   total 131072K, used 50460K [0x0000000080000000, 0x0000000100000000)
  region size 1024K, 42 young (43008K), 2 survivors (2048K)
 Metaspace       used 10914K, capacity 11077K, committed 11264K, reserved 526336K
  class space    used 1133K, capacity 1207K, committed 1280K, reserved 516096K
}
Event: 1.094 GC heap after
{Heap after GC invocations=3 (full 0):
 garbage-first heap   total 131072K, used 13952K [0x0000000080000000, 0x0000000100000000)
  region size 1024K, 6 young (6144K), 6 survivors (6144K)
 Metaspace       used 10914K, capacity 11077K, committed 11264K, reserved 526336K
  class space    used 1133K, capacity 1207K, committed 1280K, reserved 516096K
}
Event: 2.600 GC heap before
{Heap before GC invocations=3 (full 0):
 garbage-first heap   total 131072K, used 67200K [0x0000000080000000, 0x0000000100000000)
  region size 1024K, 58 young (59392K), 6 survivors (6144K)
 Metaspace       used 20346K, capacity 20739K, committed 20864K, reserved 534528K
  class space    used 2452K, capacity 2632K, committed 2688K, reserved 516096K
}
Event: 2.607 GC heap after
{Heap after GC invocations=4 (full 0):
 garbage-first heap   total 131072K, used 17099K [0x0000000080000000, 0x0000000100000000)
  region size 1024K, 8 young (8192K), 8 survivors (8192K)
 Metaspace       used 20346K, capacity 20739K, committed 20864K, reserved 534528K
  class space    used 2452K, capacity 2632K, committed 2688K, reserved 516096K
}
Event: 2.677 GC heap before
{Heap before GC invocations=4 (full 0):
 garbage-first heap   total 131072K, used 22219K [0x0000000080000000, 0x0000000100000000)
  region size 1024K, 14 young (14336K), 8 survivors (8192K)
 Metaspace       used 20712K, capacity 21126K, committed 21248K, reserved 534528K
  class space    used 2523K, capacity 2697K, committed 2816K, reserved 516096K
}
Event: 2.683 GC heap after
{Heap after GC invocations=5 (full 0):
 garbage-first heap   total 157696K, used 17848K [0x0000000080000000, 0x0000000100000000)
  region size 1024K, 4 young (4096K), 4 survivors (4096K)
 Metaspace       used 20712K, capacity 21126K, committed 21248K, reserved 534528K
  class space    used 2523K, capacity 2697K, committed 2816K, reserved 516096K
}
Event: 4.263 GC heap before
{Heap before GC invocations=6 (full 0):
 garbage-first heap   total 157696K, used 96696K [0x0000000080000000, 0x0000000100000000)
  region size 1024K, 72 young (73728K), 4 survivors (4096K)
 Metaspace       used 27610K, capacity 28455K, committed 28672K, reserved 540672K
  class space    used 3667K, capacity 3972K, committed 4096K, reserved 516096K
}
Event: 4.269 GC heap after
{Heap after GC invocations=7 (full 0):
 garbage-first heap   total 157696K, used 32963K [0x0000000080000000, 0x0000000100000000)
  region size 1024K, 9 young (9216K), 9 survivors (9216K)
 Metaspace       used 27610K, capacity 28455K, committed 28672K, reserved 540672K
  class space    used 3667K, capacity 3972K, committed 4096K, reserved 516096K
}
Event: 5.558 GC heap before
{Heap before GC invocations=7 (full 0):
 garbage-first heap   total 157696K, used 100547K [0x0000000080000000, 0x0000000100000000)
  region size 1024K, 77 young (78848K), 9 survivors (9216K)
 Metaspace       used 34784K, capacity 35717K, committed 35840K, reserved 546816K
  class space    used 4700K, capacity 5039K, committed 5120K, reserved 516096K
}
Event: 5.567 GC heap after
{Heap after GC invocations=8 (full 0):
 garbage-first heap   total 157696K, used 36453K [0x0000000080000000, 0x0000000100000000)
  region size 1024K, 9 young (9216K), 9 survivors (9216K)
 Metaspace       used 34784K, capacity 35717K, committed 35840K, reserved 546816K
  class space    used 4700K, capacity 5039K, committed 5120K, reserved 516096K
}
Event: 6.582 GC heap before
{Heap before GC invocations=9 (full 0):
 garbage-first heap   total 157696K, used 118373K [0x0000000080000000, 0x0000000100000000)
  region size 1024K, 86 young (88064K), 9 survivors (9216K)
 Metaspace       used 43749K, capacity 44974K, committed 45056K, reserved 555008K
  class space    used 5684K, capacity 6119K, committed 6144K, reserved 516096K
}
Event: 6.593 GC heap after
{Heap after GC invocations=10 (full 0):
 garbage-first heap   total 157696K, used 41308K [0x0000000080000000, 0x0000000100000000)
  region size 1024K, 9 young (9216K), 9 survivors (9216K)
 Metaspace       used 43749K, capacity 44974K, committed 45056K, reserved 555008K
  class space    used 5684K, capacity 6119K, committed 6144K, reserved 516096K
}
Event: 7.368 GC heap before
{Heap before GC invocations=10 (full 0):
 garbage-first heap   total 157696K, used 125276K [0x0000000080000000, 0x0000000100000000)
  region size 1024K, 86 young (88064K), 9 survivors (9216K)
 Metaspace       used 47022K, capacity 48240K, committed 48384K, reserved 559104K
  class space    used 6179K, capacity 6632K, committed 6656K, reserved 516096K
}
Event: 7.378 GC heap after
{Heap after GC invocations=11 (full 0):
 garbage-first heap   total 157696K, used 50530K [0x0000000080000000, 0x0000000100000000)
  region size 1024K, 10 young (10240K), 10 survivors (10240K)
 Metaspace       used 47022K, capacity 48240K, committed 48384K, reserved 559104K
  class space    used 6179K, capacity 6632K, committed 6656K, reserved 516096K
}
Event: 8.288 GC heap before
{Heap before GC invocations=11 (full 0):
 garbage-first heap   total 157696K, used 126306K [0x0000000080000000, 0x0000000100000000)
  region size 1024K, 82 young (83968K), 10 survivors (10240K)
 Metaspace       used 49921K, capacity 51205K, committed 51328K, reserved 561152K
  class space    used 6484K, capacity 6972K, committed 7040K, reserved 516096K
}
Event: 8.300 GC heap after
{Heap after GC invocations=12 (full 0):
 garbage-first heap   total 189440K, used 56520K [0x0000000080000000, 0x0000000100000000)
  region size 1024K, 8 young (8192K), 8 survivors (8192K)
 Metaspace       used 49921K, capacity 51205K, committed 51328K, reserved 561152K
  class space    used 6484K, capacity 6972K, committed 7040K, reserved 516096K
}
Event: 23.012 GC heap before
{Heap before GC invocations=12 (full 0):
 garbage-first heap   total 189440K, used 151752K [0x0000000080000000, 0x0000000100000000)
  region size 1024K, 100 young (102400K), 8 survivors (8192K)
 Metaspace       used 54956K, capacity 56662K, committed 56960K, reserved 565248K
  class space    used 7122K, capacity 7729K, committed 7808K, reserved 516096K
}
Event: 23.024 GC heap after
{Heap after GC invocations=13 (full 0):
 garbage-first heap   total 189440K, used 62301K [0x0000000080000000, 0x0000000100000000)
  region size 1024K, 9 young (9216K), 9 survivors (9216K)
 Metaspace       used 54956K, capacity 56662K, committed 56960K, reserved 565248K
  class space    used 7122K, capacity 7729K, committed 7808K, reserved 516096K
}
Event: 23.889 GC heap before
{Heap before GC invocations=13 (full 0):
 garbage-first heap   total 189440K, used 112477K [0x0000000080000000, 0x0000000100000000)
  region size 1024K, 59 young (60416K), 9 survivors (9216K)
 Metaspace       used 58148K, capacity 60028K, committed 60160K, reserved 569344K
  class space    used 7631K, capacity 8324K, committed 8448K, reserved 516096K
}
Event: 23.905 GC heap after
{Heap after GC invocations=14 (full 0):
 garbage-first heap   total 189440K, used 64864K [0x0000000080000000, 0x0000000100000000)
  region size 1024K, 8 young (8192K), 8 survivors (8192K)
 Metaspace       used 58148K, capacity 60028K, committed 60160K, reserved 569344K
  class space    used 7631K, capacity 8324K, committed 8448K, reserved 516096K
}

Deoptimization events (20 events):
Event: 28.898 Thread 0x000001e3d4353800 Uncommon trap: trap_request=0xffffff4d fr.pc=0x000001e3c32343e8 relative=0x00000000000008a8
Event: 28.898 Thread 0x000001e3d4353800 Uncommon trap: reason=unstable_if action=reinterpret pc=0x000001e3c32343e8 method=java.lang.Integer.stringSize(I)I @ 19 c2
Event: 28.898 Thread 0x000001e3d4353800 DEOPT PACKING pc=0x000001e3c32343e8 sp=0x0000005eaecf7180
Event: 28.898 Thread 0x000001e3d4353800 DEOPT UNPACKING pc=0x000001e3bb6b782f sp=0x0000005eaecf70c8 mode 2
Event: 28.902 Thread 0x000001e3d4353800 Uncommon trap: trap_request=0xffffff45 fr.pc=0x000001e3c331e9fc relative=0x0000000000000cbc
Event: 28.902 Thread 0x000001e3d4353800 Uncommon trap: reason=unstable_fused_if action=reinterpret pc=0x000001e3c331e9fc method=org.objectweb.asm.ByteVector.putUTF8(Ljava/lang/String;)Lorg/objectweb/asm/ByteVector; @ 93 c2
Event: 28.902 Thread 0x000001e3d4353800 DEOPT PACKING pc=0x000001e3c331e9fc sp=0x0000005eaecf6450
Event: 28.902 Thread 0x000001e3d4353800 DEOPT UNPACKING pc=0x000001e3bb6b782f sp=0x0000005eaecf63a8 mode 2
Event: 28.905 Thread 0x000001e3d4353800 Uncommon trap: trap_request=0xffffff4d fr.pc=0x000001e3c333c420 relative=0x0000000000005760
Event: 28.905 Thread 0x000001e3d4353800 Uncommon trap: reason=unstable_if action=reinterpret pc=0x000001e3c333c420 method=org.objectweb.asm.Frame.execute(IILorg/objectweb/asm/Symbol;Lorg/objectweb/asm/SymbolTable;)V @ 1 c2
Event: 28.905 Thread 0x000001e3d4353800 DEOPT PACKING pc=0x000001e3c333c420 sp=0x0000005eaecf6280
Event: 28.905 Thread 0x000001e3d4353800 DEOPT UNPACKING pc=0x000001e3bb6b782f sp=0x0000005eaecf6228 mode 2
Event: 28.935 Thread 0x000001e3d4353800 Uncommon trap: trap_request=0xffffff45 fr.pc=0x000001e3c32a026c relative=0x000000000000020c
Event: 28.935 Thread 0x000001e3d4353800 Uncommon trap: reason=unstable_fused_if action=reinterpret pc=0x000001e3c32a026c method=org.objectweb.asm.ByteVector.putUTF8(Ljava/lang/String;)Lorg/objectweb/asm/ByteVector; @ 93 c2
Event: 28.935 Thread 0x000001e3d4353800 DEOPT PACKING pc=0x000001e3c32a026c sp=0x0000005eaecf61f0
Event: 28.935 Thread 0x000001e3d4353800 DEOPT UNPACKING pc=0x000001e3bb6b782f sp=0x0000005eaecf6170 mode 2
Event: 28.963 Thread 0x000001e3d4353800 Uncommon trap: trap_request=0xfffffff4 fr.pc=0x000001e3c3558688 relative=0x0000000000000068
Event: 28.963 Thread 0x000001e3d4353800 Uncommon trap: reason=null_check action=make_not_entrant pc=0x000001e3c3558688 method=java.lang.Class.isAnnotation()Z @ 1 c2
Event: 28.963 Thread 0x000001e3d4353800 DEOPT PACKING pc=0x000001e3c3558688 sp=0x0000005eaecf67d0
Event: 28.963 Thread 0x000001e3d4353800 DEOPT UNPACKING pc=0x000001e3bb6b782f sp=0x0000005eaecf6760 mode 2

Classes redefined (0 events):
No events

Internal exceptions (20 events):
Event: 23.999 Thread 0x000001e3d4353800 Exception <a 'java/lang/NoSuchMethodError'{0x000000008b201628}: 'void java.lang.invoke.DirectMethodHandle$Holder.invokeStatic(java.lang.Object, java.lang.Object, java.lang.Object, int, java.lang.Object)'> (0x000000008b201628) thrown at [./src/hotspot/share/interpreter/linkResolver.cpp, line 773]
Event: 24.269 Thread 0x000001e3d4353800 Exception <a 'sun/nio/fs/WindowsException'{0x000000008a8e4838}> (0x000000008a8e4838) thrown at [./src/hotspot/share/prims/jni.cpp, line 615]
Event: 24.274 Thread 0x000001e3d4353800 Implicit null exception at 0x000001e3c34cf630 to 0x000001e3c34d0728
Event: 28.583 Thread 0x000001e3d4353800 Exception <a 'java/lang/IncompatibleClassChangeError'{0x00000000875ba468}: Found class java.lang.Object, but interface was expected> (0x00000000875ba468) thrown at [./src/hotspot/share/interpreter/linkResolver.cpp, line 839]
Event: 28.620 Thread 0x000001e3d4353800 Exception <a 'java/lang/ClassNotFoundException'{0x00000000873832e0}: org/gradle/api/internal/project/DefaultAntBuilderBeanInfo> (0x00000000873832e0) thrown at [./src/hotspot/share/classfile/systemDictionary.cpp, line 231]
Event: 28.621 Thread 0x000001e3d4353800 Exception <a 'java/lang/ClassNotFoundException'{0x00000000873b4df0}: org/gradle/api/internal/project/ant/BasicAntBuilderBeanInfo> (0x00000000873b4df0) thrown at [./src/hotspot/share/classfile/systemDictionary.cpp, line 231]
Event: 28.622 Thread 0x000001e3d4353800 Exception <a 'java/lang/ClassNotFoundException'{0x00000000873ddd78}: org/gradle/api/AntBuilderBeanInfo> (0x00000000873ddd78) thrown at [./src/hotspot/share/classfile/systemDictionary.cpp, line 231]
Event: 28.623 Thread 0x000001e3d4353800 Exception <a 'java/lang/ClassNotFoundException'{0x0000000087258fa0}: groovy/util/AntBuilderBeanInfo> (0x0000000087258fa0) thrown at [./src/hotspot/share/classfile/systemDictionary.cpp, line 231]
Event: 28.624 Thread 0x000001e3d4353800 Exception <a 'java/lang/ClassNotFoundException'{0x00000000872d5000}: groovy/util/BuilderSupportBeanInfo> (0x00000000872d5000) thrown at [./src/hotspot/share/classfile/systemDictionary.cpp, line 231]
Event: 28.625 Thread 0x000001e3d4353800 Exception <a 'java/lang/ClassNotFoundException'{0x0000000087152198}: groovy/util/BuilderSupportCustomizer> (0x0000000087152198) thrown at [./src/hotspot/share/classfile/systemDictionary.cpp, line 231]
Event: 28.626 Thread 0x000001e3d4353800 Exception <a 'java/lang/ClassNotFoundException'{0x00000000871cf558}: groovy/util/AntBuilderCustomizer> (0x00000000871cf558) thrown at [./src/hotspot/share/classfile/systemDictionary.cpp, line 231]
Event: 28.627 Thread 0x000001e3d4353800 Exception <a 'java/lang/ClassNotFoundException'{0x00000000871fef50}: org/gradle/api/AntBuilderCustomizer> (0x00000000871fef50) thrown at [./src/hotspot/share/classfile/systemDictionary.cpp, line 231]
Event: 28.628 Thread 0x000001e3d4353800 Exception <a 'java/lang/ClassNotFoundException'{0x000000008703c6b8}: org/gradle/api/internal/project/ant/BasicAntBuilderCustomizer> (0x000000008703c6b8) thrown at [./src/hotspot/share/classfile/systemDictionary.cpp, line 231]
Event: 28.630 Thread 0x000001e3d4353800 Exception <a 'java/lang/ClassNotFoundException'{0x00000000870814a8}: org/gradle/api/internal/project/DefaultAntBuilderCustomizer> (0x00000000870814a8) thrown at [./src/hotspot/share/classfile/systemDictionary.cpp, line 231]
Event: 28.722 Thread 0x000001e3d4353800 Exception <a 'java/lang/IncompatibleClassChangeError'{0x0000000086e3d6b0}: Found class java.lang.Object, but interface was expected> (0x0000000086e3d6b0) thrown at [./src/hotspot/share/interpreter/linkResolver.cpp, line 839]
Event: 28.765 Thread 0x000001e3d4353800 Implicit null exception at 0x000001e3c34c4ed9 to 0x000001e3c34c50c8
Event: 28.906 Thread 0x000001e3d4353800 Exception <a 'java/lang/NoSuchMethodError'{0x00000000869043c0}: 'java.lang.Object java.lang.invoke.Invokers$Holder.linkToTargetMethod(java.lang.Object, int, int, java.lang.Object)'> (0x00000000869043c0) thrown at [./src/hotspot/share/interpreter/linkResolver.cpp, line 773]
Event: 28.907 Thread 0x000001e3d4353800 Exception <a 'java/lang/NoSuchMethodError'{0x000000008691c2a8}: 'java.lang.Object java.lang.invoke.DirectMethodHandle$Holder.invokeStatic(java.lang.Object, java.lang.Object, int, int, java.lang.Object, java.lang.Object)'> (0x000000008691c2a8) thrown at [./src/hotspot/share/interpreter/linkResolver.cpp, line 773]
Event: 28.914 Thread 0x000001e3d4353800 Exception <a 'java/lang/NoSuchMethodError'{0x00000000869964b8}: 'java.lang.Object java.lang.invoke.DirectMethodHandle$Holder.invokeSpecial(java.lang.Object, java.lang.Object, java.lang.Object, java.lang.Object, java.lang.Object, int)'> (0x00000000869964b8) thrown at [./src/hotspot/share/interpreter/linkResolver.cpp, line 773]
Event: 28.914 Thread 0x000001e3d4353800 Exception <a 'java/lang/NoSuchMethodError'{0x000000008699ada0}: 'java.lang.Object java.lang.invoke.Invokers$Holder.linkToTargetMethod(java.lang.Object, java.lang.Object, java.lang.Object, int, java.lang.Object)'> (0x000000008699ada0) thrown at [./src/hotspot/share/interpreter/linkResolver.cpp, line 773]

Events (20 events):
Event: 28.974 loading class org/gradle/api/specs/Spec
Event: 28.974 loading class org/gradle/api/specs/Spec done
Event: 28.975 loading class org/gradle/internal/isolated/IsolationScheme$ServicesForIsolatedObject
Event: 28.975 loading class org/gradle/internal/isolated/IsolationScheme$ServicesForIsolatedObject done
Event: 28.977 loading class org/jetbrains/kotlin/gradle/plugin/KotlinGradleFinishBuildHandler
Event: 28.977 loading class org/jetbrains/kotlin/gradle/plugin/KotlinGradleFinishBuildHandler done
Event: 28.984 loading class org/jetbrains/kotlin/gradle/plugin/KotlinGradleFinishBuildHandler$Companion
Event: 28.984 loading class org/jetbrains/kotlin/gradle/plugin/KotlinGradleFinishBuildHandler$Companion done
Event: 28.986 loading class org/jetbrains/kotlin/gradle/plugin/KotlinGradleBuildServices$Companion$detectKotlinPluginLoadedInMultipleProjects$onRegister$1
Event: 28.986 loading class org/jetbrains/kotlin/gradle/plugin/KotlinGradleBuildServices$Companion$detectKotlinPluginLoadedInMultipleProjects$onRegister$1 done
Event: 29.020 loading class org/jetbrains/kotlin/gradle/plugin/KotlinGradleBuildServices$Companion$detectKotlinPluginLoadedInMultipleProjects$onRegister$1$1
Event: 29.020 loading class org/jetbrains/kotlin/gradle/plugin/KotlinGradleBuildServices$Companion$detectKotlinPluginLoadedInMultipleProjects$onRegister$1$1 done
Event: 29.022 loading class org/jetbrains/kotlin/gradle/dsl/KotlinJvmProjectExtension
Event: 29.022 loading class org/jetbrains/kotlin/gradle/dsl/KotlinJvmProjectExtension done
Event: 29.060 loading class org/jetbrains/kotlin/gradle/dsl/KotlinSingleJavaTargetExtension
Event: 29.060 loading class org/jetbrains/kotlin/gradle/dsl/KotlinSingleJavaTargetExtension done
Event: 29.062 loading class org/jetbrains/kotlin/gradle/dsl/KotlinSingleTargetExtension
Event: 29.062 loading class org/jetbrains/kotlin/gradle/dsl/KotlinSingleTargetExtension done
Event: 29.063 loading class org/jetbrains/kotlin/gradle/dsl/KotlinProjectExtension
Event: 29.063 loading class org/jetbrains/kotlin/gradle/dsl/KotlinProjectExtension done


Dynamic libraries:
0x00007ff7afae0000 - 0x00007ff7afaea000 	C:\Program Files\Android\Android Studio\jre\bin\java.exe
0x00007ffb9d2f0000 - 0x00007ffb9d4e5000 	C:\Windows\SYSTEM32\ntdll.dll
0x00007ffb9c170000 - 0x00007ffb9c22d000 	C:\Windows\System32\KERNEL32.DLL
0x00007ffb9b090000 - 0x00007ffb9b358000 	C:\Windows\System32\KERNELBASE.dll
0x00007ffb9aa30000 - 0x00007ffb9ab30000 	C:\Windows\System32\ucrtbase.dll
0x00007ffb88f60000 - 0x00007ffb88f79000 	C:\Program Files\Android\Android Studio\jre\bin\jli.dll
0x00007ffb9c6b0000 - 0x00007ffb9c850000 	C:\Windows\System32\USER32.dll
0x00007ffb9ac20000 - 0x00007ffb9ac42000 	C:\Windows\System32\win32u.dll
0x00007ffb83f20000 - 0x00007ffb841ba000 	C:\Windows\WinSxS\amd64_microsoft.windows.common-controls_6595b64144ccf1df_6.0.19041.1052_none_60b8f8fd71f5e8cb\COMCTL32.dll
0x00007ffb9c850000 - 0x00007ffb9c87a000 	C:\Windows\System32\GDI32.dll
0x00007ffb9ae50000 - 0x00007ffb9af5b000 	C:\Windows\System32\gdi32full.dll
0x00007ffb9ce00000 - 0x00007ffb9ce9e000 	C:\Windows\System32\msvcrt.dll
0x00007ffb9ac50000 - 0x00007ffb9aced000 	C:\Windows\System32\msvcp_win.dll
0x00007ffb82f10000 - 0x00007ffb82f27000 	C:\Program Files\Android\Android Studio\jre\bin\VCRUNTIME140.dll
0x00007ffb9b430000 - 0x00007ffb9b460000 	C:\Windows\System32\IMM32.DLL
0x00007ffb71200000 - 0x00007ffb7129d000 	C:\Program Files\Android\Android Studio\jre\bin\msvcp140.dll
0x00007ffb71810000 - 0x00007ffb722df000 	C:\Program Files\Android\Android Studio\jre\bin\server\jvm.dll
0x00007ffb9c8f0000 - 0x00007ffb9c99c000 	C:\Windows\System32\ADVAPI32.dll
0x00007ffb9c070000 - 0x00007ffb9c10b000 	C:\Windows\System32\sechost.dll
0x00007ffb9cea0000 - 0x00007ffb9cfcb000 	C:\Windows\System32\RPCRT4.dll
0x00007ffb9c230000 - 0x00007ffb9c238000 	C:\Windows\System32\PSAPI.DLL
0x00007ffb91700000 - 0x00007ffb91709000 	C:\Windows\SYSTEM32\WSOCK32.dll
0x00007ffb8bae0000 - 0x00007ffb8bb07000 	C:\Windows\SYSTEM32\WINMM.dll
0x00007ffb8d440000 - 0x00007ffb8d44a000 	C:\Windows\SYSTEM32\VERSION.dll
0x00007ffb9c880000 - 0x00007ffb9c8eb000 	C:\Windows\System32\WS2_32.dll
0x00007ffb97cd0000 - 0x00007ffb97ce2000 	C:\Windows\SYSTEM32\kernel.appcore.dll
0x00007ffb916e0000 - 0x00007ffb916f1000 	C:\Program Files\Android\Android Studio\jre\bin\verify.dll
0x00007ffb9a1c0000 - 0x00007ffb9a3a4000 	C:\Windows\SYSTEM32\DBGHELP.DLL
0x00007ffb9a190000 - 0x00007ffb9a1bc000 	C:\Windows\SYSTEM32\dbgcore.DLL
0x00007ffb9ab90000 - 0x00007ffb9ac13000 	C:\Windows\System32\bcryptPrimitives.dll
0x00007ffb88f30000 - 0x00007ffb88f59000 	C:\Program Files\Android\Android Studio\jre\bin\java.dll
0x00007ffb916d0000 - 0x00007ffb916db000 	C:\Program Files\Android\Android Studio\jre\bin\jimage.dll
0x00007ffb87930000 - 0x00007ffb87948000 	C:\Program Files\Android\Android Studio\jre\bin\zip.dll
0x00007ffb9b8b0000 - 0x00007ffb9bfef000 	C:\Windows\System32\SHELL32.dll
0x00007ffb98550000 - 0x00007ffb98ce0000 	C:\Windows\SYSTEM32\windows.storage.dll
0x00007ffb9b460000 - 0x00007ffb9b7b5000 	C:\Windows\System32\combase.dll
0x00007ffb99d50000 - 0x00007ffb99d7c000 	C:\Windows\SYSTEM32\Wldp.dll
0x00007ffb9cc80000 - 0x00007ffb9cd2e000 	C:\Windows\System32\SHCORE.dll
0x00007ffb9c110000 - 0x00007ffb9c165000 	C:\Windows\System32\shlwapi.dll
0x00007ffb9a970000 - 0x00007ffb9a98f000 	C:\Windows\SYSTEM32\profapi.dll
0x00007ffb86ae0000 - 0x00007ffb86afa000 	C:\Program Files\Android\Android Studio\jre\bin\net.dll
0x00007ffb92b40000 - 0x00007ffb92c4b000 	C:\Windows\SYSTEM32\WINHTTP.dll
0x00007ffb99c20000 - 0x00007ffb99c8a000 	C:\Windows\system32\mswsock.dll
0x00007ffb865c0000 - 0x00007ffb865d4000 	C:\Program Files\Android\Android Studio\jre\bin\nio.dll
0x00007ffb82f60000 - 0x00007ffb82f87000 	D:\Gradle\gradle-7.5.1\bin\native\e1d6ef7f7dcc3fd88c89a11ec53ec762bb8ba0a96d01ffa2cd45eb1d1d8dd5c5\windows-amd64\native-platform.dll
0x00007ffb710b0000 - 0x00007ffb711f4000 	D:\Gradle\gradle-7.5.1\bin\native\0d407fdbe67a94daf76414ababcb853783967236a71b16ec16e742cd7a986fd3\windows-amd64\native-platform-file-events.dll
0x00007ffb98520000 - 0x00007ffb9852a000 	C:\Program Files\Android\Android Studio\jre\bin\management.dll
0x00007ffb8bdf0000 - 0x00007ffb8bdfc000 	C:\Program Files\Android\Android Studio\jre\bin\management_ext.dll
0x00007ffb9a6f0000 - 0x00007ffb9a708000 	C:\Windows\SYSTEM32\CRYPTSP.dll
0x00007ffb99470000 - 0x00007ffb994a4000 	C:\Windows\system32\rsaenh.dll
0x00007ffb9b060000 - 0x00007ffb9b087000 	C:\Windows\System32\bcrypt.dll
0x00007ffb9a8e0000 - 0x00007ffb9a90e000 	C:\Windows\SYSTEM32\USERENV.dll
0x00007ffb99b80000 - 0x00007ffb99b8c000 	C:\Windows\SYSTEM32\CRYPTBASE.dll
0x00007ffb997a0000 - 0x00007ffb997db000 	C:\Windows\SYSTEM32\IPHLPAPI.DLL
0x00007ffb9b420000 - 0x00007ffb9b428000 	C:\Windows\System32\NSI.dll
0x00007ffb93740000 - 0x00007ffb93757000 	C:\Windows\SYSTEM32\dhcpcsvc6.DLL
0x00007ffb93af0000 - 0x00007ffb93b0d000 	C:\Windows\SYSTEM32\dhcpcsvc.DLL
0x00007ffb997e0000 - 0x00007ffb998ac000 	C:\Windows\SYSTEM32\DNSAPI.dll
0x00007ffb83b10000 - 0x00007ffb83b37000 	C:\Program Files\Android\Android Studio\jre\bin\sunec.dll
0x00007ffb92710000 - 0x00007ffb9271a000 	C:\Windows\System32\rasadhlp.dll
0x00007ffb92c50000 - 0x00007ffb92ccf000 	C:\Windows\System32\fwpuclnt.dll

dbghelp: loaded successfully - version: 4.0.5 - missing functions: none
symbol engine: initialized successfully - sym options: 0x614 - pdb path: .;C:\Program Files\Android\Android Studio\jre\bin;C:\Windows\SYSTEM32;C:\Windows\WinSxS\amd64_microsoft.windows.common-controls_6595b64144ccf1df_6.0.19041.1052_none_60b8f8fd71f5e8cb;C:\Program Files\Android\Android Studio\jre\bin\server;D:\Gradle\gradle-7.5.1\bin\native\e1d6ef7f7dcc3fd88c89a11ec53ec762bb8ba0a96d01ffa2cd45eb1d1d8dd5c5\windows-amd64;D:\Gradle\gradle-7.5.1\bin\native\0d407fdbe67a94daf76414ababcb853783967236a71b16ec16e742cd7a986fd3\windows-amd64

VM Arguments:
jvm_args: -XX:MaxMetaspaceSize=512m --add-opens=java.base/java.util=ALL-UNNAMED --add-opens=java.base/java.lang=ALL-UNNAMED --add-opens=java.base/java.lang.invoke=ALL-UNNAMED --add-opens=java.base/java.util=ALL-UNNAMED --add-opens=java.prefs/java.util.prefs=ALL-UNNAMED --add-opens=java.prefs/java.util.prefs=ALL-UNNAMED --add-opens=java.base/java.nio.charset=ALL-UNNAMED --add-opens=java.base/java.net=ALL-UNNAMED --add-opens=java.base/java.util.concurrent.atomic=ALL-UNNAMED -Xmx2048m -Dfile.encoding=windows-1252 -Duser.country=US -Duser.language=en -Duser.variant 
java_command: org.gradle.launcher.daemon.bootstrap.GradleDaemon 7.5.1
java_class_path (initial): D:\Gradle\gradle-7.5.1\bin\wrapper\dists\gradle-7.5.1-all\1ehga6e77gqps5uk2kc5kf1vc\gradle-7.5.1\lib\gradle-launcher-7.5.1.jar
Launcher Type: SUN_STANDARD

[Global flags]
     intx CICompilerCount                          = 3                                         {product} {ergonomic}
   size_t CompressedClassSpaceSize                 = 528482304                                 {product} {ergonomic}
     uint ConcGCThreads                            = 1                                         {product} {ergonomic}
     uint G1ConcRefinementThreads                  = 4                                         {product} {ergonomic}
   size_t G1HeapRegionSize                         = 1048576                                   {product} {ergonomic}
    uintx GCDrainStackTargetSize                   = 64                                        {product} {ergonomic}
   size_t InitialHeapSize                          = 134217728                                 {product} {ergonomic}
   size_t MarkStackSize                            = 4194304                                   {product} {ergonomic}
   size_t MaxHeapSize                              = 2147483648                                {product} {command line}
   size_t MaxMetaspaceSize                         = 536870912                                 {product} {command line}
   size_t MaxNewSize                               = 1287651328                                {product} {ergonomic}
   size_t MinHeapDeltaBytes                        = 1048576                                   {product} {ergonomic}
    uintx NonNMethodCodeHeapSize                   = 5830732                                {pd product} {ergonomic}
    uintx NonProfiledCodeHeapSize                  = 122913754                              {pd product} {ergonomic}
    uintx ProfiledCodeHeapSize                     = 122913754                              {pd product} {ergonomic}
    uintx ReservedCodeCacheSize                    = 251658240                              {pd product} {ergonomic}
     bool SegmentedCodeCache                       = true                                      {product} {ergonomic}
     bool UseCompressedClassPointers               = true                                 {lp64_product} {ergonomic}
     bool UseCompressedOops                        = true                                 {lp64_product} {ergonomic}
     bool UseG1GC                                  = true                                      {product} {ergonomic}
     bool UseLargePagesIndividualAllocation        = false                                  {pd product} {ergonomic}

Logging:
Log output configuration:
 #0: stdout all=warning uptime,level,tags
 #1: stderr all=off uptime,level,tags

Environment Variables:
PATH=C:\Program Files\Common Files\Oracle\Java\javapath;C:\ProgramData\Oracle\Java\javapath;C:\Windows\system32;C:\Windows;C:\Windows\System32\Wbem;C:\Windows\System32\WindowsPowerShell\v1.0\;C:\Windows\System32\OpenSSH\;C:\Program Files\Git\cmd;D:\Program Files\nodejs\;C:\Program Files\Bandizip\;D:\Gradle\gradle-7.5.1\bin;C:\Program Files\dotnet\;C:\Users\Sanay\AppData\Local\Microsoft\WindowsApps;C:\Users\Sanay\AppData\Local\Android\Sdk\platform-tools;C:\Users\Sanay\AppData\Roaming\npm;C:\Flutter\flutter\bin;D:\Gradle\gradle-7.5.1\bin;C:\Users\Sanay\AppData\Local\Programs\Microsoft VS Code\bin;C:\Users\Sanay\AppData\Local\JetBrains\Toolbox\scripts;
USERNAME=Sanay
OS=Windows_NT
PROCESSOR_IDENTIFIER=Intel64 Family 6 Model 58 Stepping 9, GenuineIntel



---------------  S Y S T E M  ---------------

OS: Windows 10 , 64 bit Build 19041 (10.0.19041.1023)
OS uptime: 0 days 1:19 hours

CPU:total 4 (initial active 4) (4 cores per cpu, 1 threads per core) family 6 model 58 stepping 9 microcode 0x21, cmov, cx8, fxsr, mmx, sse, sse2, sse3, ssse3, sse4.1, sse4.2, popcnt, avx, aes, clmul, erms, tsc, tscinvbit, tscinv

Memory: 4k page, system-wide physical 8082M (1699M free)
TotalPageFile size 15250M (AvailPageFile size 8266M)
current process WorkingSet (physical memory assigned to process): 884M, peak: 884M
current process commit charge ("private bytes"): 916M, peak: 916M

vm_info: OpenJDK 64-Bit Server VM (11.0.10+0-b96-7249189) for windows-amd64 JRE (11.0.10+0-b96-7249189), built on Mar 31 2021 21:44:00 by "builder" with MS VC++ 14.0 (VS2015)

END.
